[0.048s] Invoking command in '/home/inagy/husarion_ws/build/husarion_ugv_utils': CMAKE_PREFIX_PATH=${CMAKE_PREFIX_PATH}:/home/inagy/turtlebot3_ws/install/turtlebot3_teleop:/home/inagy/turtlebot3_ws/install/turtlebot3_example:/opt/ros/jazzy DEBUGINFOD_URLS=https://debuginfod.ubuntu.com /usr/bin/cmake /home/inagy/husarion_ws/src/husarion_ugv_ros/husarion_ugv_utils -DCMAKE_BUILD_TYPE=Release -DBUILD_TESTING=OFF -DAMENT_CMAKE_SYMLINK_INSTALL=1 -DCMAKE_INSTALL_PREFIX=/home/inagy/husarion_ws/install/husarion_ugv_utils
[0.198s] -- The C compiler identification is GNU 13.3.0
[0.341s] -- The CXX compiler identification is GNU 13.3.0
[0.377s] -- Detecting C compiler ABI info
[0.546s] -- Detecting C compiler ABI info - done
[0.563s] -- Check for working C compiler: /usr/bin/cc - skipped
[0.565s] -- Detecting C compile features
[0.568s] -- Detecting C compile features - done
[0.591s] -- Detecting CXX compiler ABI info
[0.785s] -- Detecting CXX compiler ABI info - done
[0.815s] -- Check for working CXX compiler: /usr/bin/c++ - skipped
[0.815s] -- Detecting CXX compile features
[0.820s] -- Detecting CXX compile features - done
[0.830s] -- Found ament_cmake: 2.5.4 (/opt/ros/jazzy/share/ament_cmake/cmake)
[1.248s] -- Found Python3: /usr/bin/python3 (found version "3.12.3") found components: Interpreter 
[1.489s] -- Override CMake install command with custom implementation using symlinks instead of copying resources
[1.638s] -- Found diagnostic_updater: 4.2.6 (/opt/ros/jazzy/share/diagnostic_updater/cmake)
[1.818s] -- Found rosidl_generator_c: 4.6.6 (/opt/ros/jazzy/share/rosidl_generator_c/cmake)
[1.860s] -- Found rosidl_generator_cpp: 4.6.6 (/opt/ros/jazzy/share/rosidl_generator_cpp/cmake)
[1.888s] -- Using all available rosidl_typesupport_c: rosidl_typesupport_fastrtps_c;rosidl_typesupport_introspection_c
[1.945s] -- Using all available rosidl_typesupport_cpp: rosidl_typesupport_fastrtps_cpp;rosidl_typesupport_introspection_cpp
[2.243s] -- Found rmw_implementation_cmake: 7.3.2 (/opt/ros/jazzy/share/rmw_implementation_cmake/cmake)
[2.262s] -- Found rmw_fastrtps_cpp: 8.4.3 (/opt/ros/jazzy/share/rmw_fastrtps_cpp/cmake)
[2.425s] -- Found OpenSSL: /usr/lib/aarch64-linux-gnu/libcrypto.so (found version "3.0.13")  
[2.459s] -- Found FastRTPS: /opt/ros/jazzy/include (Required is at least version "2.13") 
[2.500s] -- Using RMW implementation 'rmw_fastrtps_cpp' as default
[2.696s] -- Found realtime_tools: 3.10.0 (/opt/ros/jazzy/share/realtime_tools/cmake)
[3.461s] -- Configuring done (3.4s)
[3.484s] -- Generating done (0.0s)
[3.492s] -- Build files have been written to: /home/inagy/husarion_ws/build/husarion_ugv_utils
[3.512s] Invoked command in '/home/inagy/husarion_ws/build/husarion_ugv_utils' returned '0': CMAKE_PREFIX_PATH=${CMAKE_PREFIX_PATH}:/home/inagy/turtlebot3_ws/install/turtlebot3_teleop:/home/inagy/turtlebot3_ws/install/turtlebot3_example:/opt/ros/jazzy DEBUGINFOD_URLS=https://debuginfod.ubuntu.com /usr/bin/cmake /home/inagy/husarion_ws/src/husarion_ugv_ros/husarion_ugv_utils -DCMAKE_BUILD_TYPE=Release -DBUILD_TESTING=OFF -DAMENT_CMAKE_SYMLINK_INSTALL=1 -DCMAKE_INSTALL_PREFIX=/home/inagy/husarion_ws/install/husarion_ugv_utils
[3.513s] Invoking command in '/home/inagy/husarion_ws/build/husarion_ugv_utils': CMAKE_PREFIX_PATH=${CMAKE_PREFIX_PATH}:/home/inagy/turtlebot3_ws/install/turtlebot3_teleop:/home/inagy/turtlebot3_ws/install/turtlebot3_example:/opt/ros/jazzy DEBUGINFOD_URLS=https://debuginfod.ubuntu.com /usr/bin/cmake --build /home/inagy/husarion_ws/build/husarion_ugv_utils -- -j4 -l4
[3.620s] Built target ament_cmake_python_symlink_husarion_ugv_utils
[3.980s] running egg_info
[3.982s] creating husarion_ugv_utils.egg-info
[4.001s] writing husarion_ugv_utils.egg-info/PKG-INFO
[4.001s] writing dependency_links to husarion_ugv_utils.egg-info/dependency_links.txt
[4.001s] writing top-level names to husarion_ugv_utils.egg-info/top_level.txt
[4.001s] writing manifest file 'husarion_ugv_utils.egg-info/SOURCES.txt'
[4.105s] reading manifest file 'husarion_ugv_utils.egg-info/SOURCES.txt'
[4.106s] writing manifest file 'husarion_ugv_utils.egg-info/SOURCES.txt'
[4.154s] Built target ament_cmake_python_build_husarion_ugv_utils_egg
[4.183s] Invoked command in '/home/inagy/husarion_ws/build/husarion_ugv_utils' returned '0': CMAKE_PREFIX_PATH=${CMAKE_PREFIX_PATH}:/home/inagy/turtlebot3_ws/install/turtlebot3_teleop:/home/inagy/turtlebot3_ws/install/turtlebot3_example:/opt/ros/jazzy DEBUGINFOD_URLS=https://debuginfod.ubuntu.com /usr/bin/cmake --build /home/inagy/husarion_ws/build/husarion_ugv_utils -- -j4 -l4
[4.183s] Invoking command in '/home/inagy/husarion_ws/build/husarion_ugv_utils': CMAKE_PREFIX_PATH=${CMAKE_PREFIX_PATH}:/home/inagy/turtlebot3_ws/install/turtlebot3_teleop:/home/inagy/turtlebot3_ws/install/turtlebot3_example:/opt/ros/jazzy DEBUGINFOD_URLS=https://debuginfod.ubuntu.com /usr/bin/cmake --install /home/inagy/husarion_ws/build/husarion_ugv_utils
[4.192s] -- Install configuration: "Release"
[4.193s] -- Execute custom install script
[4.194s] -- Symlinking: /home/inagy/husarion_ws/install/husarion_ugv_utils/include/husarion_ugv_utils/husarion_ugv_utils/common_utilities.hpp
[4.202s] -- Symlinking: /home/inagy/husarion_ws/install/husarion_ugv_utils/include/husarion_ugv_utils/husarion_ugv_utils/configure_rt.hpp
[4.217s] -- Symlinking: /home/inagy/husarion_ws/install/husarion_ugv_utils/include/husarion_ugv_utils/husarion_ugv_utils/diagnostics.hpp
[4.224s] -- Symlinking: /home/inagy/husarion_ws/install/husarion_ugv_utils/include/husarion_ugv_utils/husarion_ugv_utils/moving_average.hpp
[4.231s] -- Symlinking: /home/inagy/husarion_ws/install/husarion_ugv_utils/include/husarion_ugv_utils/husarion_ugv_utils/networking_utils.hpp
[4.237s] -- Symlinking: /home/inagy/husarion_ws/install/husarion_ugv_utils/include/husarion_ugv_utils/husarion_ugv_utils/ros_utils.hpp
[4.249s] -- Symlinking: /home/inagy/husarion_ws/install/husarion_ugv_utils/include/husarion_ugv_utils/husarion_ugv_utils/test/ros_test_utils.hpp
[4.257s] -- Symlinking: /home/inagy/husarion_ws/install/husarion_ugv_utils/include/husarion_ugv_utils/husarion_ugv_utils/test/test_utils.hpp
[4.271s] -- Symlinking: /home/inagy/husarion_ws/install/husarion_ugv_utils/include/husarion_ugv_utils/husarion_ugv_utils/yaml_utils.hpp
[4.287s] -- Symlinking: /home/inagy/husarion_ws/install/husarion_ugv_utils/share/husarion_ugv_utils/environment/pythonpath.sh
[4.295s] -- Symlinking: /home/inagy/husarion_ws/install/husarion_ugv_utils/share/husarion_ugv_utils/environment/pythonpath.dsv
[4.310s] -- Symlinking: /home/inagy/husarion_ws/install/husarion_ugv_utils/lib/python3.12/site-packages/husarion_ugv_utils-2.3.1-py3.12.egg-info/PKG-INFO
[4.317s] -- Symlinking: /home/inagy/husarion_ws/install/husarion_ugv_utils/lib/python3.12/site-packages/husarion_ugv_utils-2.3.1-py3.12.egg-info/SOURCES.txt
[4.326s] -- Symlinking: /home/inagy/husarion_ws/install/husarion_ugv_utils/lib/python3.12/site-packages/husarion_ugv_utils-2.3.1-py3.12.egg-info/dependency_links.txt
[4.336s] -- Symlinking: /home/inagy/husarion_ws/install/husarion_ugv_utils/lib/python3.12/site-packages/husarion_ugv_utils-2.3.1-py3.12.egg-info/top_level.txt
[4.346s] -- Symlinking: /home/inagy/husarion_ws/install/husarion_ugv_utils/lib/python3.12/site-packages/husarion_ugv_utils/__init__.py
[4.365s] -- Symlinking: /home/inagy/husarion_ws/install/husarion_ugv_utils/lib/python3.12/site-packages/husarion_ugv_utils/integration_test_utils.py
[4.390s] -- Symlinking: /home/inagy/husarion_ws/install/husarion_ugv_utils/lib/python3.12/site-packages/husarion_ugv_utils/logging.py
[4.412s] -- Symlinking: /home/inagy/husarion_ws/install/husarion_ugv_utils/lib/python3.12/site-packages/husarion_ugv_utils/messages.py
[4.425s] -- Symlinking: /home/inagy/husarion_ws/install/husarion_ugv_utils/lib/python3.12/site-packages/husarion_ugv_utils/version_check.py
[4.433s] -- Symlinking: /home/inagy/husarion_ws/install/husarion_ugv_utils/share/ament_index/resource_index/package_run_dependencies/husarion_ugv_utils
[4.441s] -- Symlinking: /home/inagy/husarion_ws/install/husarion_ugv_utils/share/ament_index/resource_index/parent_prefix_path/husarion_ugv_utils
[4.455s] -- Symlinking: /home/inagy/husarion_ws/install/husarion_ugv_utils/share/husarion_ugv_utils/environment/ament_prefix_path.sh
[4.472s] -- Symlinking: /home/inagy/husarion_ws/install/husarion_ugv_utils/share/husarion_ugv_utils/environment/ament_prefix_path.dsv
[4.495s] -- Symlinking: /home/inagy/husarion_ws/install/husarion_ugv_utils/share/husarion_ugv_utils/environment/path.sh
[4.513s] -- Symlinking: /home/inagy/husarion_ws/install/husarion_ugv_utils/share/husarion_ugv_utils/environment/path.dsv
[4.538s] -- Symlinking: /home/inagy/husarion_ws/install/husarion_ugv_utils/share/husarion_ugv_utils/local_setup.bash
[4.571s] -- Symlinking: /home/inagy/husarion_ws/install/husarion_ugv_utils/share/husarion_ugv_utils/local_setup.sh
[4.587s] -- Symlinking: /home/inagy/husarion_ws/install/husarion_ugv_utils/share/husarion_ugv_utils/local_setup.zsh
[4.613s] -- Symlinking: /home/inagy/husarion_ws/install/husarion_ugv_utils/share/husarion_ugv_utils/local_setup.dsv
[4.635s] -- Symlinking: /home/inagy/husarion_ws/install/husarion_ugv_utils/share/husarion_ugv_utils/package.dsv
[4.646s] -- Symlinking: /home/inagy/husarion_ws/install/husarion_ugv_utils/share/ament_index/resource_index/packages/husarion_ugv_utils
[4.654s] -- Symlinking: /home/inagy/husarion_ws/install/husarion_ugv_utils/share/husarion_ugv_utils/cmake/ament_cmake_export_dependencies-extras.cmake
[4.662s] -- Symlinking: /home/inagy/husarion_ws/install/husarion_ugv_utils/share/husarion_ugv_utils/cmake/ament_cmake_export_include_directories-extras.cmake
[4.669s] -- Symlinking: /home/inagy/husarion_ws/install/husarion_ugv_utils/share/husarion_ugv_utils/cmake/husarion_ugv_utilsConfig.cmake
[4.677s] -- Symlinking: /home/inagy/husarion_ws/install/husarion_ugv_utils/share/husarion_ugv_utils/cmake/husarion_ugv_utilsConfig-version.cmake
[4.685s] -- Symlinking: /home/inagy/husarion_ws/install/husarion_ugv_utils/share/husarion_ugv_utils/package.xml
[4.777s] Listing '/home/inagy/husarion_ws/install/husarion_ugv_utils/lib/python3.12/site-packages/husarion_ugv_utils'...
[4.778s] Compiling '/home/inagy/husarion_ws/install/husarion_ugv_utils/lib/python3.12/site-packages/husarion_ugv_utils/__init__.py'...
[4.778s] Compiling '/home/inagy/husarion_ws/install/husarion_ugv_utils/lib/python3.12/site-packages/husarion_ugv_utils/integration_test_utils.py'...
[4.778s] Compiling '/home/inagy/husarion_ws/install/husarion_ugv_utils/lib/python3.12/site-packages/husarion_ugv_utils/logging.py'...
[4.778s] Compiling '/home/inagy/husarion_ws/install/husarion_ugv_utils/lib/python3.12/site-packages/husarion_ugv_utils/messages.py'...
[4.778s] Compiling '/home/inagy/husarion_ws/install/husarion_ugv_utils/lib/python3.12/site-packages/husarion_ugv_utils/version_check.py'...
[4.797s] Invoked command in '/home/inagy/husarion_ws/build/husarion_ugv_utils' returned '0': CMAKE_PREFIX_PATH=${CMAKE_PREFIX_PATH}:/home/inagy/turtlebot3_ws/install/turtlebot3_teleop:/home/inagy/turtlebot3_ws/install/turtlebot3_example:/opt/ros/jazzy DEBUGINFOD_URLS=https://debuginfod.ubuntu.com /usr/bin/cmake --install /home/inagy/husarion_ws/build/husarion_ugv_utils
