[0.045s] Invoking command in '/home/inagy/husarion_ws/build/husarion_ugv_msgs': CMAKE_PREFIX_PATH=${CMAKE_PREFIX_PATH}:/home/inagy/turtlebot3_ws/install/turtlebot3_teleop:/home/inagy/turtlebot3_ws/install/turtlebot3_example:/opt/ros/jazzy DEBUGINFOD_URLS=https://debuginfod.ubuntu.com /usr/bin/cmake --build /home/inagy/husarion_ws/build/husarion_ugv_msgs -- -j4 -l4
[0.104s] [  0%] Built target husarion_ugv_msgs__rosidl_generator_type_description
[0.136s] [  0%] Built target ament_cmake_python_symlink_husarion_ugv_msgs
[0.179s] [ 27%] Built target husarion_ugv_msgs__rosidl_generator_c
[0.454s] running egg_info
[0.476s] writing husarion_ugv_msgs.egg-info/PKG-INFO
[0.478s] writing dependency_links to husarion_ugv_msgs.egg-info/dependency_links.txt
[0.478s] writing top-level names to husarion_ugv_msgs.egg-info/top_level.txt
[0.553s] reading manifest file 'husarion_ugv_msgs.egg-info/SOURCES.txt'
[0.553s] writing manifest file 'husarion_ugv_msgs.egg-info/SOURCES.txt'
[0.584s] [ 27%] Built target ament_cmake_python_build_husarion_ugv_msgs_egg
[0.642s] [ 36%] Built target husarion_ugv_msgs__rosidl_typesupport_introspection_c
[0.669s] [ 46%] Built target husarion_ugv_msgs__rosidl_typesupport_c
[0.730s] [ 56%] Built target husarion_ugv_msgs__rosidl_typesupport_fastrtps_c
[0.762s] [ 56%] Built target husarion_ugv_msgs__cpp
[0.813s] [ 66%] Built target husarion_ugv_msgs__rosidl_typesupport_cpp
[0.864s] [ 76%] Built target husarion_ugv_msgs__rosidl_typesupport_introspection_cpp
[0.920s] [ 86%] Built target husarion_ugv_msgs__rosidl_typesupport_fastrtps_cpp
[0.956s] [ 86%] Built target husarion_ugv_msgs
[0.985s] [ 87%] Built target husarion_ugv_msgs__py
[1.024s] [ 96%] Built target husarion_ugv_msgs__rosidl_generator_py
[1.050s] [ 97%] Built target husarion_ugv_msgs_s__rosidl_typesupport_fastrtps_c
[1.072s] [ 98%] Built target husarion_ugv_msgs_s__rosidl_typesupport_c
[1.093s] [100%] Built target husarion_ugv_msgs_s__rosidl_typesupport_introspection_c
[1.109s] Invoked command in '/home/inagy/husarion_ws/build/husarion_ugv_msgs' returned '0': CMAKE_PREFIX_PATH=${CMAKE_PREFIX_PATH}:/home/inagy/turtlebot3_ws/install/turtlebot3_teleop:/home/inagy/turtlebot3_ws/install/turtlebot3_example:/opt/ros/jazzy DEBUGINFOD_URLS=https://debuginfod.ubuntu.com /usr/bin/cmake --build /home/inagy/husarion_ws/build/husarion_ugv_msgs -- -j4 -l4
[1.109s] Invoking command in '/home/inagy/husarion_ws/build/husarion_ugv_msgs': CMAKE_PREFIX_PATH=${CMAKE_PREFIX_PATH}:/home/inagy/turtlebot3_ws/install/turtlebot3_teleop:/home/inagy/turtlebot3_ws/install/turtlebot3_example:/opt/ros/jazzy DEBUGINFOD_URLS=https://debuginfod.ubuntu.com /usr/bin/cmake --install /home/inagy/husarion_ws/build/husarion_ugv_msgs
[1.114s] -- Install configuration: "Release"
[1.115s] -- Execute custom install script
[1.115s] -- Up-to-date symlink: /home/inagy/husarion_ws/install/husarion_ugv_msgs/share/ament_index/resource_index/rosidl_interfaces/husarion_ugv_msgs
[1.116s] -- Up-to-date symlink: /home/inagy/husarion_ws/install/husarion_ugv_msgs/share/husarion_ugv_msgs/msg/ChargingStatus.json
[1.116s] -- Up-to-date symlink: /home/inagy/husarion_ws/install/husarion_ugv_msgs/share/husarion_ugv_msgs/msg/DriverState.json
[1.116s] -- Up-to-date symlink: /home/inagy/husarion_ws/install/husarion_ugv_msgs/share/husarion_ugv_msgs/msg/DriverStateNamed.json
[1.116s] -- Up-to-date symlink: /home/inagy/husarion_ws/install/husarion_ugv_msgs/share/husarion_ugv_msgs/msg/FaultFlag.json
[1.116s] -- Up-to-date symlink: /home/inagy/husarion_ws/install/husarion_ugv_msgs/share/husarion_ugv_msgs/msg/IOState.json
[1.116s] -- Up-to-date symlink: /home/inagy/husarion_ws/install/husarion_ugv_msgs/share/husarion_ugv_msgs/msg/LEDAnimation.json
[1.116s] -- Up-to-date symlink: /home/inagy/husarion_ws/install/husarion_ugv_msgs/share/husarion_ugv_msgs/msg/LEDAnimationQueue.json
[1.116s] -- Up-to-date symlink: /home/inagy/husarion_ws/install/husarion_ugv_msgs/share/husarion_ugv_msgs/msg/LEDImageAnimation.json
[1.116s] -- Up-to-date symlink: /home/inagy/husarion_ws/install/husarion_ugv_msgs/share/husarion_ugv_msgs/msg/RobotDriverState.json
[1.117s] -- Up-to-date symlink: /home/inagy/husarion_ws/install/husarion_ugv_msgs/share/husarion_ugv_msgs/msg/RuntimeError.json
[1.117s] -- Up-to-date symlink: /home/inagy/husarion_ws/install/husarion_ugv_msgs/share/husarion_ugv_msgs/msg/ScriptFlag.json
[1.117s] -- Up-to-date symlink: /home/inagy/husarion_ws/install/husarion_ugv_msgs/share/husarion_ugv_msgs/msg/SystemStatus.json
[1.117s] -- Up-to-date symlink: /home/inagy/husarion_ws/install/husarion_ugv_msgs/share/husarion_ugv_msgs/srv/SetLEDAnimation.json
[1.117s] -- Up-to-date symlink: /home/inagy/husarion_ws/install/husarion_ugv_msgs/share/husarion_ugv_msgs/srv/SetLEDBrightness.json
[1.117s] -- Up-to-date symlink: /home/inagy/husarion_ws/install/husarion_ugv_msgs/share/husarion_ugv_msgs/srv/SetLEDImageAnimation.json
[1.118s] -- Up-to-date symlink: /home/inagy/husarion_ws/install/husarion_ugv_msgs/include/husarion_ugv_msgs/husarion_ugv_msgs/msg/charging_status.h
[1.118s] -- Up-to-date symlink: /home/inagy/husarion_ws/install/husarion_ugv_msgs/include/husarion_ugv_msgs/husarion_ugv_msgs/msg/detail/charging_status__functions.h
[1.120s] -- Up-to-date symlink: /home/inagy/husarion_ws/install/husarion_ugv_msgs/include/husarion_ugv_msgs/husarion_ugv_msgs/msg/detail/charging_status__struct.h
[1.120s] -- Up-to-date symlink: /home/inagy/husarion_ws/install/husarion_ugv_msgs/include/husarion_ugv_msgs/husarion_ugv_msgs/msg/detail/charging_status__type_support.h
[1.120s] -- Up-to-date symlink: /home/inagy/husarion_ws/install/husarion_ugv_msgs/include/husarion_ugv_msgs/husarion_ugv_msgs/msg/detail/driver_state__functions.h
[1.120s] -- Up-to-date symlink: /home/inagy/husarion_ws/install/husarion_ugv_msgs/include/husarion_ugv_msgs/husarion_ugv_msgs/msg/detail/driver_state__struct.h
[1.120s] -- Up-to-date symlink: /home/inagy/husarion_ws/install/husarion_ugv_msgs/include/husarion_ugv_msgs/husarion_ugv_msgs/msg/detail/driver_state__type_support.h
[1.120s] -- Up-to-date symlink: /home/inagy/husarion_ws/install/husarion_ugv_msgs/include/husarion_ugv_msgs/husarion_ugv_msgs/msg/detail/driver_state_named__functions.h
[1.120s] -- Up-to-date symlink: /home/inagy/husarion_ws/install/husarion_ugv_msgs/include/husarion_ugv_msgs/husarion_ugv_msgs/msg/detail/driver_state_named__struct.h
[1.120s] -- Up-to-date symlink: /home/inagy/husarion_ws/install/husarion_ugv_msgs/include/husarion_ugv_msgs/husarion_ugv_msgs/msg/detail/driver_state_named__type_support.h
[1.120s] -- Up-to-date symlink: /home/inagy/husarion_ws/install/husarion_ugv_msgs/include/husarion_ugv_msgs/husarion_ugv_msgs/msg/detail/fault_flag__functions.h
[1.120s] -- Up-to-date symlink: /home/inagy/husarion_ws/install/husarion_ugv_msgs/include/husarion_ugv_msgs/husarion_ugv_msgs/msg/detail/fault_flag__struct.h
[1.120s] -- Up-to-date symlink: /home/inagy/husarion_ws/install/husarion_ugv_msgs/include/husarion_ugv_msgs/husarion_ugv_msgs/msg/detail/fault_flag__type_support.h
[1.120s] -- Up-to-date symlink: /home/inagy/husarion_ws/install/husarion_ugv_msgs/include/husarion_ugv_msgs/husarion_ugv_msgs/msg/detail/io_state__functions.h
[1.120s] -- Up-to-date symlink: /home/inagy/husarion_ws/install/husarion_ugv_msgs/include/husarion_ugv_msgs/husarion_ugv_msgs/msg/detail/io_state__struct.h
[1.120s] -- Up-to-date symlink: /home/inagy/husarion_ws/install/husarion_ugv_msgs/include/husarion_ugv_msgs/husarion_ugv_msgs/msg/detail/io_state__type_support.h
[1.120s] -- Up-to-date symlink: /home/inagy/husarion_ws/install/husarion_ugv_msgs/include/husarion_ugv_msgs/husarion_ugv_msgs/msg/detail/led_animation__functions.h
[1.121s] -- Up-to-date symlink: /home/inagy/husarion_ws/install/husarion_ugv_msgs/include/husarion_ugv_msgs/husarion_ugv_msgs/msg/detail/led_animation__struct.h
[1.121s] -- Up-to-date symlink: /home/inagy/husarion_ws/install/husarion_ugv_msgs/include/husarion_ugv_msgs/husarion_ugv_msgs/msg/detail/led_animation__type_support.h
[1.121s] -- Up-to-date symlink: /home/inagy/husarion_ws/install/husarion_ugv_msgs/include/husarion_ugv_msgs/husarion_ugv_msgs/msg/detail/led_animation_queue__functions.h
[1.121s] -- Up-to-date symlink: /home/inagy/husarion_ws/install/husarion_ugv_msgs/include/husarion_ugv_msgs/husarion_ugv_msgs/msg/detail/led_animation_queue__struct.h
[1.121s] -- Up-to-date symlink: /home/inagy/husarion_ws/install/husarion_ugv_msgs/include/husarion_ugv_msgs/husarion_ugv_msgs/msg/detail/led_animation_queue__type_support.h
[1.121s] -- Up-to-date symlink: /home/inagy/husarion_ws/install/husarion_ugv_msgs/include/husarion_ugv_msgs/husarion_ugv_msgs/msg/detail/led_image_animation__functions.h
[1.121s] -- Up-to-date symlink: /home/inagy/husarion_ws/install/husarion_ugv_msgs/include/husarion_ugv_msgs/husarion_ugv_msgs/msg/detail/led_image_animation__struct.h
[1.121s] -- Up-to-date symlink: /home/inagy/husarion_ws/install/husarion_ugv_msgs/include/husarion_ugv_msgs/husarion_ugv_msgs/msg/detail/led_image_animation__type_support.h
[1.121s] -- Up-to-date symlink: /home/inagy/husarion_ws/install/husarion_ugv_msgs/include/husarion_ugv_msgs/husarion_ugv_msgs/msg/detail/robot_driver_state__functions.h
[1.121s] -- Up-to-date symlink: /home/inagy/husarion_ws/install/husarion_ugv_msgs/include/husarion_ugv_msgs/husarion_ugv_msgs/msg/detail/robot_driver_state__struct.h
[1.121s] -- Up-to-date symlink: /home/inagy/husarion_ws/install/husarion_ugv_msgs/include/husarion_ugv_msgs/husarion_ugv_msgs/msg/detail/robot_driver_state__type_support.h
[1.121s] -- Up-to-date symlink: /home/inagy/husarion_ws/install/husarion_ugv_msgs/include/husarion_ugv_msgs/husarion_ugv_msgs/msg/detail/runtime_error__functions.h
[1.121s] -- Up-to-date symlink: /home/inagy/husarion_ws/install/husarion_ugv_msgs/include/husarion_ugv_msgs/husarion_ugv_msgs/msg/detail/runtime_error__struct.h
[1.121s] -- Up-to-date symlink: /home/inagy/husarion_ws/install/husarion_ugv_msgs/include/husarion_ugv_msgs/husarion_ugv_msgs/msg/detail/runtime_error__type_support.h
[1.121s] -- Up-to-date symlink: /home/inagy/husarion_ws/install/husarion_ugv_msgs/include/husarion_ugv_msgs/husarion_ugv_msgs/msg/detail/script_flag__functions.h
[1.121s] -- Up-to-date symlink: /home/inagy/husarion_ws/install/husarion_ugv_msgs/include/husarion_ugv_msgs/husarion_ugv_msgs/msg/detail/script_flag__struct.h
[1.121s] -- Up-to-date symlink: /home/inagy/husarion_ws/install/husarion_ugv_msgs/include/husarion_ugv_msgs/husarion_ugv_msgs/msg/detail/script_flag__type_support.h
[1.121s] -- Up-to-date symlink: /home/inagy/husarion_ws/install/husarion_ugv_msgs/include/husarion_ugv_msgs/husarion_ugv_msgs/msg/detail/system_status__functions.h
[1.121s] -- Up-to-date symlink: /home/inagy/husarion_ws/install/husarion_ugv_msgs/include/husarion_ugv_msgs/husarion_ugv_msgs/msg/detail/system_status__struct.h
[1.122s] -- Up-to-date symlink: /home/inagy/husarion_ws/install/husarion_ugv_msgs/include/husarion_ugv_msgs/husarion_ugv_msgs/msg/detail/system_status__type_support.h
[1.122s] -- Up-to-date symlink: /home/inagy/husarion_ws/install/husarion_ugv_msgs/include/husarion_ugv_msgs/husarion_ugv_msgs/msg/driver_state.h
[1.122s] -- Up-to-date symlink: /home/inagy/husarion_ws/install/husarion_ugv_msgs/include/husarion_ugv_msgs/husarion_ugv_msgs/msg/driver_state_named.h
[1.122s] -- Up-to-date symlink: /home/inagy/husarion_ws/install/husarion_ugv_msgs/include/husarion_ugv_msgs/husarion_ugv_msgs/msg/fault_flag.h
[1.122s] -- Up-to-date symlink: /home/inagy/husarion_ws/install/husarion_ugv_msgs/include/husarion_ugv_msgs/husarion_ugv_msgs/msg/io_state.h
[1.122s] -- Up-to-date symlink: /home/inagy/husarion_ws/install/husarion_ugv_msgs/include/husarion_ugv_msgs/husarion_ugv_msgs/msg/led_animation.h
[1.122s] -- Up-to-date symlink: /home/inagy/husarion_ws/install/husarion_ugv_msgs/include/husarion_ugv_msgs/husarion_ugv_msgs/msg/led_animation_queue.h
[1.122s] -- Up-to-date symlink: /home/inagy/husarion_ws/install/husarion_ugv_msgs/include/husarion_ugv_msgs/husarion_ugv_msgs/msg/led_image_animation.h
[1.122s] -- Up-to-date symlink: /home/inagy/husarion_ws/install/husarion_ugv_msgs/include/husarion_ugv_msgs/husarion_ugv_msgs/msg/robot_driver_state.h
[1.122s] -- Up-to-date symlink: /home/inagy/husarion_ws/install/husarion_ugv_msgs/include/husarion_ugv_msgs/husarion_ugv_msgs/msg/rosidl_generator_c__visibility_control.h
[1.122s] -- Up-to-date symlink: /home/inagy/husarion_ws/install/husarion_ugv_msgs/include/husarion_ugv_msgs/husarion_ugv_msgs/msg/runtime_error.h
[1.122s] -- Up-to-date symlink: /home/inagy/husarion_ws/install/husarion_ugv_msgs/include/husarion_ugv_msgs/husarion_ugv_msgs/msg/script_flag.h
[1.122s] -- Up-to-date symlink: /home/inagy/husarion_ws/install/husarion_ugv_msgs/include/husarion_ugv_msgs/husarion_ugv_msgs/msg/system_status.h
[1.122s] -- Up-to-date symlink: /home/inagy/husarion_ws/install/husarion_ugv_msgs/include/husarion_ugv_msgs/husarion_ugv_msgs/srv/detail/set_led_animation__functions.h
[1.122s] -- Up-to-date symlink: /home/inagy/husarion_ws/install/husarion_ugv_msgs/include/husarion_ugv_msgs/husarion_ugv_msgs/srv/detail/set_led_animation__struct.h
[1.122s] -- Up-to-date symlink: /home/inagy/husarion_ws/install/husarion_ugv_msgs/include/husarion_ugv_msgs/husarion_ugv_msgs/srv/detail/set_led_animation__type_support.h
[1.122s] -- Up-to-date symlink: /home/inagy/husarion_ws/install/husarion_ugv_msgs/include/husarion_ugv_msgs/husarion_ugv_msgs/srv/detail/set_led_brightness__functions.h
[1.123s] -- Up-to-date symlink: /home/inagy/husarion_ws/install/husarion_ugv_msgs/include/husarion_ugv_msgs/husarion_ugv_msgs/srv/detail/set_led_brightness__struct.h
[1.123s] -- Up-to-date symlink: /home/inagy/husarion_ws/install/husarion_ugv_msgs/include/husarion_ugv_msgs/husarion_ugv_msgs/srv/detail/set_led_brightness__type_support.h
[1.123s] -- Up-to-date symlink: /home/inagy/husarion_ws/install/husarion_ugv_msgs/include/husarion_ugv_msgs/husarion_ugv_msgs/srv/detail/set_led_image_animation__functions.h
[1.123s] -- Up-to-date symlink: /home/inagy/husarion_ws/install/husarion_ugv_msgs/include/husarion_ugv_msgs/husarion_ugv_msgs/srv/detail/set_led_image_animation__struct.h
[1.123s] -- Up-to-date symlink: /home/inagy/husarion_ws/install/husarion_ugv_msgs/include/husarion_ugv_msgs/husarion_ugv_msgs/srv/detail/set_led_image_animation__type_support.h
[1.123s] -- Up-to-date symlink: /home/inagy/husarion_ws/install/husarion_ugv_msgs/include/husarion_ugv_msgs/husarion_ugv_msgs/srv/set_led_animation.h
[1.123s] -- Up-to-date symlink: /home/inagy/husarion_ws/install/husarion_ugv_msgs/include/husarion_ugv_msgs/husarion_ugv_msgs/srv/set_led_brightness.h
[1.123s] -- Up-to-date symlink: /home/inagy/husarion_ws/install/husarion_ugv_msgs/include/husarion_ugv_msgs/husarion_ugv_msgs/srv/set_led_image_animation.h
[1.123s] -- Up-to-date symlink: /home/inagy/husarion_ws/install/husarion_ugv_msgs/share/husarion_ugv_msgs/environment/library_path.sh
[1.123s] -- Up-to-date symlink: /home/inagy/husarion_ws/install/husarion_ugv_msgs/share/husarion_ugv_msgs/environment/library_path.dsv
[1.124s] -- Up-to-date symlink: /home/inagy/husarion_ws/install/husarion_ugv_msgs/include/husarion_ugv_msgs/husarion_ugv_msgs/msg/detail/charging_status__rosidl_typesupport_fastrtps_c.h
[1.124s] -- Up-to-date symlink: /home/inagy/husarion_ws/install/husarion_ugv_msgs/include/husarion_ugv_msgs/husarion_ugv_msgs/msg/detail/driver_state__rosidl_typesupport_fastrtps_c.h
[1.124s] -- Up-to-date symlink: /home/inagy/husarion_ws/install/husarion_ugv_msgs/include/husarion_ugv_msgs/husarion_ugv_msgs/msg/detail/driver_state_named__rosidl_typesupport_fastrtps_c.h
[1.124s] -- Up-to-date symlink: /home/inagy/husarion_ws/install/husarion_ugv_msgs/include/husarion_ugv_msgs/husarion_ugv_msgs/msg/detail/fault_flag__rosidl_typesupport_fastrtps_c.h
[1.124s] -- Up-to-date symlink: /home/inagy/husarion_ws/install/husarion_ugv_msgs/include/husarion_ugv_msgs/husarion_ugv_msgs/msg/detail/io_state__rosidl_typesupport_fastrtps_c.h
[1.124s] -- Up-to-date symlink: /home/inagy/husarion_ws/install/husarion_ugv_msgs/include/husarion_ugv_msgs/husarion_ugv_msgs/msg/detail/led_animation__rosidl_typesupport_fastrtps_c.h
[1.124s] -- Up-to-date symlink: /home/inagy/husarion_ws/install/husarion_ugv_msgs/include/husarion_ugv_msgs/husarion_ugv_msgs/msg/detail/led_animation_queue__rosidl_typesupport_fastrtps_c.h
[1.124s] -- Up-to-date symlink: /home/inagy/husarion_ws/install/husarion_ugv_msgs/include/husarion_ugv_msgs/husarion_ugv_msgs/msg/detail/led_image_animation__rosidl_typesupport_fastrtps_c.h
[1.125s] -- Up-to-date symlink: /home/inagy/husarion_ws/install/husarion_ugv_msgs/include/husarion_ugv_msgs/husarion_ugv_msgs/msg/detail/robot_driver_state__rosidl_typesupport_fastrtps_c.h
[1.125s] -- Up-to-date symlink: /home/inagy/husarion_ws/install/husarion_ugv_msgs/include/husarion_ugv_msgs/husarion_ugv_msgs/msg/detail/runtime_error__rosidl_typesupport_fastrtps_c.h
[1.125s] -- Up-to-date symlink: /home/inagy/husarion_ws/install/husarion_ugv_msgs/include/husarion_ugv_msgs/husarion_ugv_msgs/msg/detail/script_flag__rosidl_typesupport_fastrtps_c.h
[1.125s] -- Up-to-date symlink: /home/inagy/husarion_ws/install/husarion_ugv_msgs/include/husarion_ugv_msgs/husarion_ugv_msgs/msg/detail/system_status__rosidl_typesupport_fastrtps_c.h
[1.125s] -- Up-to-date symlink: /home/inagy/husarion_ws/install/husarion_ugv_msgs/include/husarion_ugv_msgs/husarion_ugv_msgs/msg/rosidl_typesupport_fastrtps_c__visibility_control.h
[1.125s] -- Up-to-date symlink: /home/inagy/husarion_ws/install/husarion_ugv_msgs/include/husarion_ugv_msgs/husarion_ugv_msgs/srv/detail/set_led_animation__rosidl_typesupport_fastrtps_c.h
[1.125s] -- Up-to-date symlink: /home/inagy/husarion_ws/install/husarion_ugv_msgs/include/husarion_ugv_msgs/husarion_ugv_msgs/srv/detail/set_led_brightness__rosidl_typesupport_fastrtps_c.h
[1.125s] -- Up-to-date symlink: /home/inagy/husarion_ws/install/husarion_ugv_msgs/include/husarion_ugv_msgs/husarion_ugv_msgs/srv/detail/set_led_image_animation__rosidl_typesupport_fastrtps_c.h
[1.126s] -- Up-to-date symlink: /home/inagy/husarion_ws/install/husarion_ugv_msgs/include/husarion_ugv_msgs/husarion_ugv_msgs/msg/charging_status.hpp
[1.126s] -- Up-to-date symlink: /home/inagy/husarion_ws/install/husarion_ugv_msgs/include/husarion_ugv_msgs/husarion_ugv_msgs/msg/detail/charging_status__builder.hpp
[1.126s] -- Up-to-date symlink: /home/inagy/husarion_ws/install/husarion_ugv_msgs/include/husarion_ugv_msgs/husarion_ugv_msgs/msg/detail/charging_status__struct.hpp
[1.126s] -- Up-to-date symlink: /home/inagy/husarion_ws/install/husarion_ugv_msgs/include/husarion_ugv_msgs/husarion_ugv_msgs/msg/detail/charging_status__traits.hpp
[1.126s] -- Up-to-date symlink: /home/inagy/husarion_ws/install/husarion_ugv_msgs/include/husarion_ugv_msgs/husarion_ugv_msgs/msg/detail/charging_status__type_support.hpp
[1.126s] -- Up-to-date symlink: /home/inagy/husarion_ws/install/husarion_ugv_msgs/include/husarion_ugv_msgs/husarion_ugv_msgs/msg/detail/driver_state__builder.hpp
[1.126s] -- Up-to-date symlink: /home/inagy/husarion_ws/install/husarion_ugv_msgs/include/husarion_ugv_msgs/husarion_ugv_msgs/msg/detail/driver_state__struct.hpp
[1.126s] -- Up-to-date symlink: /home/inagy/husarion_ws/install/husarion_ugv_msgs/include/husarion_ugv_msgs/husarion_ugv_msgs/msg/detail/driver_state__traits.hpp
[1.127s] -- Up-to-date symlink: /home/inagy/husarion_ws/install/husarion_ugv_msgs/include/husarion_ugv_msgs/husarion_ugv_msgs/msg/detail/driver_state__type_support.hpp
[1.127s] -- Up-to-date symlink: /home/inagy/husarion_ws/install/husarion_ugv_msgs/include/husarion_ugv_msgs/husarion_ugv_msgs/msg/detail/driver_state_named__builder.hpp
[1.127s] -- Up-to-date symlink: /home/inagy/husarion_ws/install/husarion_ugv_msgs/include/husarion_ugv_msgs/husarion_ugv_msgs/msg/detail/driver_state_named__struct.hpp
[1.127s] -- Up-to-date symlink: /home/inagy/husarion_ws/install/husarion_ugv_msgs/include/husarion_ugv_msgs/husarion_ugv_msgs/msg/detail/driver_state_named__traits.hpp
[1.127s] -- Up-to-date symlink: /home/inagy/husarion_ws/install/husarion_ugv_msgs/include/husarion_ugv_msgs/husarion_ugv_msgs/msg/detail/driver_state_named__type_support.hpp
[1.127s] -- Up-to-date symlink: /home/inagy/husarion_ws/install/husarion_ugv_msgs/include/husarion_ugv_msgs/husarion_ugv_msgs/msg/detail/fault_flag__builder.hpp
[1.127s] -- Up-to-date symlink: /home/inagy/husarion_ws/install/husarion_ugv_msgs/include/husarion_ugv_msgs/husarion_ugv_msgs/msg/detail/fault_flag__struct.hpp
[1.127s] -- Up-to-date symlink: /home/inagy/husarion_ws/install/husarion_ugv_msgs/include/husarion_ugv_msgs/husarion_ugv_msgs/msg/detail/fault_flag__traits.hpp
[1.127s] -- Up-to-date symlink: /home/inagy/husarion_ws/install/husarion_ugv_msgs/include/husarion_ugv_msgs/husarion_ugv_msgs/msg/detail/fault_flag__type_support.hpp
[1.127s] -- Up-to-date symlink: /home/inagy/husarion_ws/install/husarion_ugv_msgs/include/husarion_ugv_msgs/husarion_ugv_msgs/msg/detail/io_state__builder.hpp
[1.127s] -- Up-to-date symlink: /home/inagy/husarion_ws/install/husarion_ugv_msgs/include/husarion_ugv_msgs/husarion_ugv_msgs/msg/detail/io_state__struct.hpp
[1.127s] -- Up-to-date symlink: /home/inagy/husarion_ws/install/husarion_ugv_msgs/include/husarion_ugv_msgs/husarion_ugv_msgs/msg/detail/io_state__traits.hpp
[1.128s] -- Up-to-date symlink: /home/inagy/husarion_ws/install/husarion_ugv_msgs/include/husarion_ugv_msgs/husarion_ugv_msgs/msg/detail/io_state__type_support.hpp
[1.128s] -- Up-to-date symlink: /home/inagy/husarion_ws/install/husarion_ugv_msgs/include/husarion_ugv_msgs/husarion_ugv_msgs/msg/detail/led_animation__builder.hpp
[1.128s] -- Up-to-date symlink: /home/inagy/husarion_ws/install/husarion_ugv_msgs/include/husarion_ugv_msgs/husarion_ugv_msgs/msg/detail/led_animation__struct.hpp
[1.128s] -- Up-to-date symlink: /home/inagy/husarion_ws/install/husarion_ugv_msgs/include/husarion_ugv_msgs/husarion_ugv_msgs/msg/detail/led_animation__traits.hpp
[1.128s] -- Up-to-date symlink: /home/inagy/husarion_ws/install/husarion_ugv_msgs/include/husarion_ugv_msgs/husarion_ugv_msgs/msg/detail/led_animation__type_support.hpp
[1.128s] -- Up-to-date symlink: /home/inagy/husarion_ws/install/husarion_ugv_msgs/include/husarion_ugv_msgs/husarion_ugv_msgs/msg/detail/led_animation_queue__builder.hpp
[1.128s] -- Up-to-date symlink: /home/inagy/husarion_ws/install/husarion_ugv_msgs/include/husarion_ugv_msgs/husarion_ugv_msgs/msg/detail/led_animation_queue__struct.hpp
[1.128s] -- Up-to-date symlink: /home/inagy/husarion_ws/install/husarion_ugv_msgs/include/husarion_ugv_msgs/husarion_ugv_msgs/msg/detail/led_animation_queue__traits.hpp
[1.128s] -- Up-to-date symlink: /home/inagy/husarion_ws/install/husarion_ugv_msgs/include/husarion_ugv_msgs/husarion_ugv_msgs/msg/detail/led_animation_queue__type_support.hpp
[1.128s] -- Up-to-date symlink: /home/inagy/husarion_ws/install/husarion_ugv_msgs/include/husarion_ugv_msgs/husarion_ugv_msgs/msg/detail/led_image_animation__builder.hpp
[1.128s] -- Up-to-date symlink: /home/inagy/husarion_ws/install/husarion_ugv_msgs/include/husarion_ugv_msgs/husarion_ugv_msgs/msg/detail/led_image_animation__struct.hpp
[1.128s] -- Up-to-date symlink: /home/inagy/husarion_ws/install/husarion_ugv_msgs/include/husarion_ugv_msgs/husarion_ugv_msgs/msg/detail/led_image_animation__traits.hpp
[1.129s] -- Up-to-date symlink: /home/inagy/husarion_ws/install/husarion_ugv_msgs/include/husarion_ugv_msgs/husarion_ugv_msgs/msg/detail/led_image_animation__type_support.hpp
[1.129s] -- Up-to-date symlink: /home/inagy/husarion_ws/install/husarion_ugv_msgs/include/husarion_ugv_msgs/husarion_ugv_msgs/msg/detail/robot_driver_state__builder.hpp
[1.129s] -- Up-to-date symlink: /home/inagy/husarion_ws/install/husarion_ugv_msgs/include/husarion_ugv_msgs/husarion_ugv_msgs/msg/detail/robot_driver_state__struct.hpp
[1.129s] -- Up-to-date symlink: /home/inagy/husarion_ws/install/husarion_ugv_msgs/include/husarion_ugv_msgs/husarion_ugv_msgs/msg/detail/robot_driver_state__traits.hpp
[1.129s] -- Up-to-date symlink: /home/inagy/husarion_ws/install/husarion_ugv_msgs/include/husarion_ugv_msgs/husarion_ugv_msgs/msg/detail/robot_driver_state__type_support.hpp
[1.129s] -- Up-to-date symlink: /home/inagy/husarion_ws/install/husarion_ugv_msgs/include/husarion_ugv_msgs/husarion_ugv_msgs/msg/detail/runtime_error__builder.hpp
[1.129s] -- Up-to-date symlink: /home/inagy/husarion_ws/install/husarion_ugv_msgs/include/husarion_ugv_msgs/husarion_ugv_msgs/msg/detail/runtime_error__struct.hpp
[1.129s] -- Up-to-date symlink: /home/inagy/husarion_ws/install/husarion_ugv_msgs/include/husarion_ugv_msgs/husarion_ugv_msgs/msg/detail/runtime_error__traits.hpp
[1.129s] -- Up-to-date symlink: /home/inagy/husarion_ws/install/husarion_ugv_msgs/include/husarion_ugv_msgs/husarion_ugv_msgs/msg/detail/runtime_error__type_support.hpp
[1.129s] -- Up-to-date symlink: /home/inagy/husarion_ws/install/husarion_ugv_msgs/include/husarion_ugv_msgs/husarion_ugv_msgs/msg/detail/script_flag__builder.hpp
[1.129s] -- Up-to-date symlink: /home/inagy/husarion_ws/install/husarion_ugv_msgs/include/husarion_ugv_msgs/husarion_ugv_msgs/msg/detail/script_flag__struct.hpp
[1.129s] -- Up-to-date symlink: /home/inagy/husarion_ws/install/husarion_ugv_msgs/include/husarion_ugv_msgs/husarion_ugv_msgs/msg/detail/script_flag__traits.hpp
[1.129s] -- Up-to-date symlink: /home/inagy/husarion_ws/install/husarion_ugv_msgs/include/husarion_ugv_msgs/husarion_ugv_msgs/msg/detail/script_flag__type_support.hpp
[1.130s] -- Up-to-date symlink: /home/inagy/husarion_ws/install/husarion_ugv_msgs/include/husarion_ugv_msgs/husarion_ugv_msgs/msg/detail/system_status__builder.hpp
[1.130s] -- Up-to-date symlink: /home/inagy/husarion_ws/install/husarion_ugv_msgs/include/husarion_ugv_msgs/husarion_ugv_msgs/msg/detail/system_status__struct.hpp
[1.130s] -- Up-to-date symlink: /home/inagy/husarion_ws/install/husarion_ugv_msgs/include/husarion_ugv_msgs/husarion_ugv_msgs/msg/detail/system_status__traits.hpp
[1.130s] -- Up-to-date symlink: /home/inagy/husarion_ws/install/husarion_ugv_msgs/include/husarion_ugv_msgs/husarion_ugv_msgs/msg/detail/system_status__type_support.hpp
[1.130s] -- Up-to-date symlink: /home/inagy/husarion_ws/install/husarion_ugv_msgs/include/husarion_ugv_msgs/husarion_ugv_msgs/msg/driver_state.hpp
[1.130s] -- Up-to-date symlink: /home/inagy/husarion_ws/install/husarion_ugv_msgs/include/husarion_ugv_msgs/husarion_ugv_msgs/msg/driver_state_named.hpp
[1.130s] -- Up-to-date symlink: /home/inagy/husarion_ws/install/husarion_ugv_msgs/include/husarion_ugv_msgs/husarion_ugv_msgs/msg/fault_flag.hpp
[1.130s] -- Up-to-date symlink: /home/inagy/husarion_ws/install/husarion_ugv_msgs/include/husarion_ugv_msgs/husarion_ugv_msgs/msg/io_state.hpp
[1.130s] -- Up-to-date symlink: /home/inagy/husarion_ws/install/husarion_ugv_msgs/include/husarion_ugv_msgs/husarion_ugv_msgs/msg/led_animation.hpp
[1.130s] -- Up-to-date symlink: /home/inagy/husarion_ws/install/husarion_ugv_msgs/include/husarion_ugv_msgs/husarion_ugv_msgs/msg/led_animation_queue.hpp
[1.130s] -- Up-to-date symlink: /home/inagy/husarion_ws/install/husarion_ugv_msgs/include/husarion_ugv_msgs/husarion_ugv_msgs/msg/led_image_animation.hpp
[1.130s] -- Up-to-date symlink: /home/inagy/husarion_ws/install/husarion_ugv_msgs/include/husarion_ugv_msgs/husarion_ugv_msgs/msg/robot_driver_state.hpp
[1.131s] -- Up-to-date symlink: /home/inagy/husarion_ws/install/husarion_ugv_msgs/include/husarion_ugv_msgs/husarion_ugv_msgs/msg/rosidl_generator_cpp__visibility_control.hpp
[1.131s] -- Up-to-date symlink: /home/inagy/husarion_ws/install/husarion_ugv_msgs/include/husarion_ugv_msgs/husarion_ugv_msgs/msg/runtime_error.hpp
[1.131s] -- Up-to-date symlink: /home/inagy/husarion_ws/install/husarion_ugv_msgs/include/husarion_ugv_msgs/husarion_ugv_msgs/msg/script_flag.hpp
[1.131s] -- Up-to-date symlink: /home/inagy/husarion_ws/install/husarion_ugv_msgs/include/husarion_ugv_msgs/husarion_ugv_msgs/msg/system_status.hpp
[1.131s] -- Up-to-date symlink: /home/inagy/husarion_ws/install/husarion_ugv_msgs/include/husarion_ugv_msgs/husarion_ugv_msgs/srv/detail/set_led_animation__builder.hpp
[1.131s] -- Up-to-date symlink: /home/inagy/husarion_ws/install/husarion_ugv_msgs/include/husarion_ugv_msgs/husarion_ugv_msgs/srv/detail/set_led_animation__struct.hpp
[1.131s] -- Up-to-date symlink: /home/inagy/husarion_ws/install/husarion_ugv_msgs/include/husarion_ugv_msgs/husarion_ugv_msgs/srv/detail/set_led_animation__traits.hpp
[1.131s] -- Up-to-date symlink: /home/inagy/husarion_ws/install/husarion_ugv_msgs/include/husarion_ugv_msgs/husarion_ugv_msgs/srv/detail/set_led_animation__type_support.hpp
[1.131s] -- Up-to-date symlink: /home/inagy/husarion_ws/install/husarion_ugv_msgs/include/husarion_ugv_msgs/husarion_ugv_msgs/srv/detail/set_led_brightness__builder.hpp
[1.131s] -- Up-to-date symlink: /home/inagy/husarion_ws/install/husarion_ugv_msgs/include/husarion_ugv_msgs/husarion_ugv_msgs/srv/detail/set_led_brightness__struct.hpp
[1.131s] -- Up-to-date symlink: /home/inagy/husarion_ws/install/husarion_ugv_msgs/include/husarion_ugv_msgs/husarion_ugv_msgs/srv/detail/set_led_brightness__traits.hpp
[1.131s] -- Up-to-date symlink: /home/inagy/husarion_ws/install/husarion_ugv_msgs/include/husarion_ugv_msgs/husarion_ugv_msgs/srv/detail/set_led_brightness__type_support.hpp
[1.131s] -- Up-to-date symlink: /home/inagy/husarion_ws/install/husarion_ugv_msgs/include/husarion_ugv_msgs/husarion_ugv_msgs/srv/detail/set_led_image_animation__builder.hpp
[1.132s] -- Up-to-date symlink: /home/inagy/husarion_ws/install/husarion_ugv_msgs/include/husarion_ugv_msgs/husarion_ugv_msgs/srv/detail/set_led_image_animation__struct.hpp
[1.132s] -- Up-to-date symlink: /home/inagy/husarion_ws/install/husarion_ugv_msgs/include/husarion_ugv_msgs/husarion_ugv_msgs/srv/detail/set_led_image_animation__traits.hpp
[1.132s] -- Up-to-date symlink: /home/inagy/husarion_ws/install/husarion_ugv_msgs/include/husarion_ugv_msgs/husarion_ugv_msgs/srv/detail/set_led_image_animation__type_support.hpp
[1.132s] -- Up-to-date symlink: /home/inagy/husarion_ws/install/husarion_ugv_msgs/include/husarion_ugv_msgs/husarion_ugv_msgs/srv/set_led_animation.hpp
[1.132s] -- Up-to-date symlink: /home/inagy/husarion_ws/install/husarion_ugv_msgs/include/husarion_ugv_msgs/husarion_ugv_msgs/srv/set_led_brightness.hpp
[1.132s] -- Up-to-date symlink: /home/inagy/husarion_ws/install/husarion_ugv_msgs/include/husarion_ugv_msgs/husarion_ugv_msgs/srv/set_led_image_animation.hpp
[1.133s] -- Up-to-date symlink: /home/inagy/husarion_ws/install/husarion_ugv_msgs/include/husarion_ugv_msgs/husarion_ugv_msgs/msg/detail/charging_status__rosidl_typesupport_fastrtps_cpp.hpp
[1.133s] -- Up-to-date symlink: /home/inagy/husarion_ws/install/husarion_ugv_msgs/include/husarion_ugv_msgs/husarion_ugv_msgs/msg/detail/driver_state__rosidl_typesupport_fastrtps_cpp.hpp
[1.133s] -- Up-to-date symlink: /home/inagy/husarion_ws/install/husarion_ugv_msgs/include/husarion_ugv_msgs/husarion_ugv_msgs/msg/detail/driver_state_named__rosidl_typesupport_fastrtps_cpp.hpp
[1.133s] -- Up-to-date symlink: /home/inagy/husarion_ws/install/husarion_ugv_msgs/include/husarion_ugv_msgs/husarion_ugv_msgs/msg/detail/fault_flag__rosidl_typesupport_fastrtps_cpp.hpp
[1.133s] -- Up-to-date symlink: /home/inagy/husarion_ws/install/husarion_ugv_msgs/include/husarion_ugv_msgs/husarion_ugv_msgs/msg/detail/io_state__rosidl_typesupport_fastrtps_cpp.hpp
[1.133s] -- Up-to-date symlink: /home/inagy/husarion_ws/install/husarion_ugv_msgs/include/husarion_ugv_msgs/husarion_ugv_msgs/msg/detail/led_animation__rosidl_typesupport_fastrtps_cpp.hpp
[1.133s] -- Up-to-date symlink: /home/inagy/husarion_ws/install/husarion_ugv_msgs/include/husarion_ugv_msgs/husarion_ugv_msgs/msg/detail/led_animation_queue__rosidl_typesupport_fastrtps_cpp.hpp
[1.133s] -- Up-to-date symlink: /home/inagy/husarion_ws/install/husarion_ugv_msgs/include/husarion_ugv_msgs/husarion_ugv_msgs/msg/detail/led_image_animation__rosidl_typesupport_fastrtps_cpp.hpp
[1.133s] -- Up-to-date symlink: /home/inagy/husarion_ws/install/husarion_ugv_msgs/include/husarion_ugv_msgs/husarion_ugv_msgs/msg/detail/robot_driver_state__rosidl_typesupport_fastrtps_cpp.hpp
[1.133s] -- Up-to-date symlink: /home/inagy/husarion_ws/install/husarion_ugv_msgs/include/husarion_ugv_msgs/husarion_ugv_msgs/msg/detail/runtime_error__rosidl_typesupport_fastrtps_cpp.hpp
[1.134s] -- Up-to-date symlink: /home/inagy/husarion_ws/install/husarion_ugv_msgs/include/husarion_ugv_msgs/husarion_ugv_msgs/msg/detail/script_flag__rosidl_typesupport_fastrtps_cpp.hpp
[1.134s] -- Up-to-date symlink: /home/inagy/husarion_ws/install/husarion_ugv_msgs/include/husarion_ugv_msgs/husarion_ugv_msgs/msg/detail/system_status__rosidl_typesupport_fastrtps_cpp.hpp
[1.134s] -- Up-to-date symlink: /home/inagy/husarion_ws/install/husarion_ugv_msgs/include/husarion_ugv_msgs/husarion_ugv_msgs/msg/rosidl_typesupport_fastrtps_cpp__visibility_control.h
[1.134s] -- Up-to-date symlink: /home/inagy/husarion_ws/install/husarion_ugv_msgs/include/husarion_ugv_msgs/husarion_ugv_msgs/srv/detail/set_led_animation__rosidl_typesupport_fastrtps_cpp.hpp
[1.134s] -- Up-to-date symlink: /home/inagy/husarion_ws/install/husarion_ugv_msgs/include/husarion_ugv_msgs/husarion_ugv_msgs/srv/detail/set_led_brightness__rosidl_typesupport_fastrtps_cpp.hpp
[1.134s] -- Up-to-date symlink: /home/inagy/husarion_ws/install/husarion_ugv_msgs/include/husarion_ugv_msgs/husarion_ugv_msgs/srv/detail/set_led_image_animation__rosidl_typesupport_fastrtps_cpp.hpp
[1.134s] -- Up-to-date symlink: /home/inagy/husarion_ws/install/husarion_ugv_msgs/include/husarion_ugv_msgs/husarion_ugv_msgs/msg/detail/charging_status__rosidl_typesupport_introspection_c.h
[1.134s] -- Up-to-date symlink: /home/inagy/husarion_ws/install/husarion_ugv_msgs/include/husarion_ugv_msgs/husarion_ugv_msgs/msg/detail/driver_state__rosidl_typesupport_introspection_c.h
[1.135s] -- Up-to-date symlink: /home/inagy/husarion_ws/install/husarion_ugv_msgs/include/husarion_ugv_msgs/husarion_ugv_msgs/msg/detail/driver_state_named__rosidl_typesupport_introspection_c.h
[1.135s] -- Up-to-date symlink: /home/inagy/husarion_ws/install/husarion_ugv_msgs/include/husarion_ugv_msgs/husarion_ugv_msgs/msg/detail/fault_flag__rosidl_typesupport_introspection_c.h
[1.135s] -- Up-to-date symlink: /home/inagy/husarion_ws/install/husarion_ugv_msgs/include/husarion_ugv_msgs/husarion_ugv_msgs/msg/detail/io_state__rosidl_typesupport_introspection_c.h
[1.135s] -- Up-to-date symlink: /home/inagy/husarion_ws/install/husarion_ugv_msgs/include/husarion_ugv_msgs/husarion_ugv_msgs/msg/detail/led_animation__rosidl_typesupport_introspection_c.h
[1.135s] -- Up-to-date symlink: /home/inagy/husarion_ws/install/husarion_ugv_msgs/include/husarion_ugv_msgs/husarion_ugv_msgs/msg/detail/led_animation_queue__rosidl_typesupport_introspection_c.h
[1.135s] -- Up-to-date symlink: /home/inagy/husarion_ws/install/husarion_ugv_msgs/include/husarion_ugv_msgs/husarion_ugv_msgs/msg/detail/led_image_animation__rosidl_typesupport_introspection_c.h
[1.135s] -- Up-to-date symlink: /home/inagy/husarion_ws/install/husarion_ugv_msgs/include/husarion_ugv_msgs/husarion_ugv_msgs/msg/detail/robot_driver_state__rosidl_typesupport_introspection_c.h
[1.135s] -- Up-to-date symlink: /home/inagy/husarion_ws/install/husarion_ugv_msgs/include/husarion_ugv_msgs/husarion_ugv_msgs/msg/detail/runtime_error__rosidl_typesupport_introspection_c.h
[1.135s] -- Up-to-date symlink: /home/inagy/husarion_ws/install/husarion_ugv_msgs/include/husarion_ugv_msgs/husarion_ugv_msgs/msg/detail/script_flag__rosidl_typesupport_introspection_c.h
[1.135s] -- Up-to-date symlink: /home/inagy/husarion_ws/install/husarion_ugv_msgs/include/husarion_ugv_msgs/husarion_ugv_msgs/msg/detail/system_status__rosidl_typesupport_introspection_c.h
[1.135s] -- Up-to-date symlink: /home/inagy/husarion_ws/install/husarion_ugv_msgs/include/husarion_ugv_msgs/husarion_ugv_msgs/msg/rosidl_typesupport_introspection_c__visibility_control.h
[1.135s] -- Up-to-date symlink: /home/inagy/husarion_ws/install/husarion_ugv_msgs/include/husarion_ugv_msgs/husarion_ugv_msgs/srv/detail/set_led_animation__rosidl_typesupport_introspection_c.h
[1.135s] -- Up-to-date symlink: /home/inagy/husarion_ws/install/husarion_ugv_msgs/include/husarion_ugv_msgs/husarion_ugv_msgs/srv/detail/set_led_brightness__rosidl_typesupport_introspection_c.h
[1.136s] -- Up-to-date symlink: /home/inagy/husarion_ws/install/husarion_ugv_msgs/include/husarion_ugv_msgs/husarion_ugv_msgs/srv/detail/set_led_image_animation__rosidl_typesupport_introspection_c.h
[1.136s] -- Up-to-date symlink: /home/inagy/husarion_ws/install/husarion_ugv_msgs/include/husarion_ugv_msgs/husarion_ugv_msgs/msg/detail/charging_status__rosidl_typesupport_introspection_cpp.hpp
[1.136s] -- Up-to-date symlink: /home/inagy/husarion_ws/install/husarion_ugv_msgs/include/husarion_ugv_msgs/husarion_ugv_msgs/msg/detail/driver_state__rosidl_typesupport_introspection_cpp.hpp
[1.136s] -- Up-to-date symlink: /home/inagy/husarion_ws/install/husarion_ugv_msgs/include/husarion_ugv_msgs/husarion_ugv_msgs/msg/detail/driver_state_named__rosidl_typesupport_introspection_cpp.hpp
[1.136s] -- Up-to-date symlink: /home/inagy/husarion_ws/install/husarion_ugv_msgs/include/husarion_ugv_msgs/husarion_ugv_msgs/msg/detail/fault_flag__rosidl_typesupport_introspection_cpp.hpp
[1.136s] -- Up-to-date symlink: /home/inagy/husarion_ws/install/husarion_ugv_msgs/include/husarion_ugv_msgs/husarion_ugv_msgs/msg/detail/io_state__rosidl_typesupport_introspection_cpp.hpp
[1.136s] -- Up-to-date symlink: /home/inagy/husarion_ws/install/husarion_ugv_msgs/include/husarion_ugv_msgs/husarion_ugv_msgs/msg/detail/led_animation__rosidl_typesupport_introspection_cpp.hpp
[1.136s] -- Up-to-date symlink: /home/inagy/husarion_ws/install/husarion_ugv_msgs/include/husarion_ugv_msgs/husarion_ugv_msgs/msg/detail/led_animation_queue__rosidl_typesupport_introspection_cpp.hpp
[1.136s] -- Up-to-date symlink: /home/inagy/husarion_ws/install/husarion_ugv_msgs/include/husarion_ugv_msgs/husarion_ugv_msgs/msg/detail/led_image_animation__rosidl_typesupport_introspection_cpp.hpp
[1.137s] -- Up-to-date symlink: /home/inagy/husarion_ws/install/husarion_ugv_msgs/include/husarion_ugv_msgs/husarion_ugv_msgs/msg/detail/robot_driver_state__rosidl_typesupport_introspection_cpp.hpp
[1.137s] -- Up-to-date symlink: /home/inagy/husarion_ws/install/husarion_ugv_msgs/include/husarion_ugv_msgs/husarion_ugv_msgs/msg/detail/runtime_error__rosidl_typesupport_introspection_cpp.hpp
[1.137s] -- Up-to-date symlink: /home/inagy/husarion_ws/install/husarion_ugv_msgs/include/husarion_ugv_msgs/husarion_ugv_msgs/msg/detail/script_flag__rosidl_typesupport_introspection_cpp.hpp
[1.137s] -- Up-to-date symlink: /home/inagy/husarion_ws/install/husarion_ugv_msgs/include/husarion_ugv_msgs/husarion_ugv_msgs/msg/detail/system_status__rosidl_typesupport_introspection_cpp.hpp
[1.137s] -- Up-to-date symlink: /home/inagy/husarion_ws/install/husarion_ugv_msgs/include/husarion_ugv_msgs/husarion_ugv_msgs/srv/detail/set_led_animation__rosidl_typesupport_introspection_cpp.hpp
[1.137s] -- Up-to-date symlink: /home/inagy/husarion_ws/install/husarion_ugv_msgs/include/husarion_ugv_msgs/husarion_ugv_msgs/srv/detail/set_led_brightness__rosidl_typesupport_introspection_cpp.hpp
[1.137s] -- Up-to-date symlink: /home/inagy/husarion_ws/install/husarion_ugv_msgs/include/husarion_ugv_msgs/husarion_ugv_msgs/srv/detail/set_led_image_animation__rosidl_typesupport_introspection_cpp.hpp
[1.137s] -- Up-to-date symlink: /home/inagy/husarion_ws/install/husarion_ugv_msgs/share/husarion_ugv_msgs/environment/pythonpath.sh
[1.137s] -- Up-to-date symlink: /home/inagy/husarion_ws/install/husarion_ugv_msgs/share/husarion_ugv_msgs/environment/pythonpath.dsv
[1.137s] -- Up-to-date symlink: /home/inagy/husarion_ws/install/husarion_ugv_msgs/lib/python3.12/site-packages/husarion_ugv_msgs-2.3.1-py3.12.egg-info/PKG-INFO
[1.137s] -- Up-to-date symlink: /home/inagy/husarion_ws/install/husarion_ugv_msgs/lib/python3.12/site-packages/husarion_ugv_msgs-2.3.1-py3.12.egg-info/SOURCES.txt
[1.138s] -- Up-to-date symlink: /home/inagy/husarion_ws/install/husarion_ugv_msgs/lib/python3.12/site-packages/husarion_ugv_msgs-2.3.1-py3.12.egg-info/dependency_links.txt
[1.138s] -- Up-to-date symlink: /home/inagy/husarion_ws/install/husarion_ugv_msgs/lib/python3.12/site-packages/husarion_ugv_msgs-2.3.1-py3.12.egg-info/top_level.txt
[1.138s] -- Up-to-date symlink: /home/inagy/husarion_ws/install/husarion_ugv_msgs/lib/python3.12/site-packages/husarion_ugv_msgs/__init__.py
[1.138s] -- Up-to-date symlink: /home/inagy/husarion_ws/install/husarion_ugv_msgs/lib/python3.12/site-packages/husarion_ugv_msgs/_husarion_ugv_msgs_s.ep.rosidl_typesupport_c.c
[1.138s] -- Up-to-date symlink: /home/inagy/husarion_ws/install/husarion_ugv_msgs/lib/python3.12/site-packages/husarion_ugv_msgs/_husarion_ugv_msgs_s.ep.rosidl_typesupport_fastrtps_c.c
[1.139s] -- Up-to-date symlink: /home/inagy/husarion_ws/install/husarion_ugv_msgs/lib/python3.12/site-packages/husarion_ugv_msgs/_husarion_ugv_msgs_s.ep.rosidl_typesupport_introspection_c.c
[1.139s] -- Up-to-date symlink: /home/inagy/husarion_ws/install/husarion_ugv_msgs/lib/python3.12/site-packages/husarion_ugv_msgs/husarion_ugv_msgs_s__rosidl_typesupport_c.so
[1.139s] -- Up-to-date symlink: /home/inagy/husarion_ws/install/husarion_ugv_msgs/lib/python3.12/site-packages/husarion_ugv_msgs/husarion_ugv_msgs_s__rosidl_typesupport_fastrtps_c.so
[1.139s] -- Up-to-date symlink: /home/inagy/husarion_ws/install/husarion_ugv_msgs/lib/python3.12/site-packages/husarion_ugv_msgs/husarion_ugv_msgs_s__rosidl_typesupport_introspection_c.so
[1.139s] -- Up-to-date symlink: /home/inagy/husarion_ws/install/husarion_ugv_msgs/lib/python3.12/site-packages/husarion_ugv_msgs/msg/__init__.py
[1.139s] -- Up-to-date symlink: /home/inagy/husarion_ws/install/husarion_ugv_msgs/lib/python3.12/site-packages/husarion_ugv_msgs/msg/_charging_status.py
[1.139s] -- Up-to-date symlink: /home/inagy/husarion_ws/install/husarion_ugv_msgs/lib/python3.12/site-packages/husarion_ugv_msgs/msg/_charging_status_s.c
[1.139s] -- Up-to-date symlink: /home/inagy/husarion_ws/install/husarion_ugv_msgs/lib/python3.12/site-packages/husarion_ugv_msgs/msg/_driver_state.py
[1.139s] -- Up-to-date symlink: /home/inagy/husarion_ws/install/husarion_ugv_msgs/lib/python3.12/site-packages/husarion_ugv_msgs/msg/_driver_state_named.py
[1.139s] -- Up-to-date symlink: /home/inagy/husarion_ws/install/husarion_ugv_msgs/lib/python3.12/site-packages/husarion_ugv_msgs/msg/_driver_state_named_s.c
[1.139s] -- Up-to-date symlink: /home/inagy/husarion_ws/install/husarion_ugv_msgs/lib/python3.12/site-packages/husarion_ugv_msgs/msg/_driver_state_s.c
[1.139s] -- Up-to-date symlink: /home/inagy/husarion_ws/install/husarion_ugv_msgs/lib/python3.12/site-packages/husarion_ugv_msgs/msg/_fault_flag.py
[1.140s] -- Up-to-date symlink: /home/inagy/husarion_ws/install/husarion_ugv_msgs/lib/python3.12/site-packages/husarion_ugv_msgs/msg/_fault_flag_s.c
[1.140s] -- Up-to-date symlink: /home/inagy/husarion_ws/install/husarion_ugv_msgs/lib/python3.12/site-packages/husarion_ugv_msgs/msg/_io_state.py
[1.140s] -- Up-to-date symlink: /home/inagy/husarion_ws/install/husarion_ugv_msgs/lib/python3.12/site-packages/husarion_ugv_msgs/msg/_io_state_s.c
[1.140s] -- Up-to-date symlink: /home/inagy/husarion_ws/install/husarion_ugv_msgs/lib/python3.12/site-packages/husarion_ugv_msgs/msg/_led_animation.py
[1.140s] -- Up-to-date symlink: /home/inagy/husarion_ws/install/husarion_ugv_msgs/lib/python3.12/site-packages/husarion_ugv_msgs/msg/_led_animation_queue.py
[1.140s] -- Up-to-date symlink: /home/inagy/husarion_ws/install/husarion_ugv_msgs/lib/python3.12/site-packages/husarion_ugv_msgs/msg/_led_animation_queue_s.c
[1.140s] -- Up-to-date symlink: /home/inagy/husarion_ws/install/husarion_ugv_msgs/lib/python3.12/site-packages/husarion_ugv_msgs/msg/_led_animation_s.c
[1.140s] -- Up-to-date symlink: /home/inagy/husarion_ws/install/husarion_ugv_msgs/lib/python3.12/site-packages/husarion_ugv_msgs/msg/_led_image_animation.py
[1.140s] -- Up-to-date symlink: /home/inagy/husarion_ws/install/husarion_ugv_msgs/lib/python3.12/site-packages/husarion_ugv_msgs/msg/_led_image_animation_s.c
[1.140s] -- Up-to-date symlink: /home/inagy/husarion_ws/install/husarion_ugv_msgs/lib/python3.12/site-packages/husarion_ugv_msgs/msg/_robot_driver_state.py
[1.140s] -- Up-to-date symlink: /home/inagy/husarion_ws/install/husarion_ugv_msgs/lib/python3.12/site-packages/husarion_ugv_msgs/msg/_robot_driver_state_s.c
[1.140s] -- Up-to-date symlink: /home/inagy/husarion_ws/install/husarion_ugv_msgs/lib/python3.12/site-packages/husarion_ugv_msgs/msg/_runtime_error.py
[1.140s] -- Up-to-date symlink: /home/inagy/husarion_ws/install/husarion_ugv_msgs/lib/python3.12/site-packages/husarion_ugv_msgs/msg/_runtime_error_s.c
[1.141s] -- Up-to-date symlink: /home/inagy/husarion_ws/install/husarion_ugv_msgs/lib/python3.12/site-packages/husarion_ugv_msgs/msg/_script_flag.py
[1.141s] -- Up-to-date symlink: /home/inagy/husarion_ws/install/husarion_ugv_msgs/lib/python3.12/site-packages/husarion_ugv_msgs/msg/_script_flag_s.c
[1.141s] -- Up-to-date symlink: /home/inagy/husarion_ws/install/husarion_ugv_msgs/lib/python3.12/site-packages/husarion_ugv_msgs/msg/_system_status.py
[1.141s] -- Up-to-date symlink: /home/inagy/husarion_ws/install/husarion_ugv_msgs/lib/python3.12/site-packages/husarion_ugv_msgs/msg/_system_status_s.c
[1.141s] -- Up-to-date symlink: /home/inagy/husarion_ws/install/husarion_ugv_msgs/lib/python3.12/site-packages/husarion_ugv_msgs/srv/__init__.py
[1.141s] -- Up-to-date symlink: /home/inagy/husarion_ws/install/husarion_ugv_msgs/lib/python3.12/site-packages/husarion_ugv_msgs/srv/_set_led_animation.py
[1.141s] -- Up-to-date symlink: /home/inagy/husarion_ws/install/husarion_ugv_msgs/lib/python3.12/site-packages/husarion_ugv_msgs/srv/_set_led_animation_s.c
[1.141s] -- Up-to-date symlink: /home/inagy/husarion_ws/install/husarion_ugv_msgs/lib/python3.12/site-packages/husarion_ugv_msgs/srv/_set_led_brightness.py
[1.141s] -- Up-to-date symlink: /home/inagy/husarion_ws/install/husarion_ugv_msgs/lib/python3.12/site-packages/husarion_ugv_msgs/srv/_set_led_brightness_s.c
[1.141s] -- Up-to-date symlink: /home/inagy/husarion_ws/install/husarion_ugv_msgs/lib/python3.12/site-packages/husarion_ugv_msgs/srv/_set_led_image_animation.py
[1.141s] -- Up-to-date symlink: /home/inagy/husarion_ws/install/husarion_ugv_msgs/lib/python3.12/site-packages/husarion_ugv_msgs/srv/_set_led_image_animation_s.c
[1.142s] -- Up-to-date symlink: /home/inagy/husarion_ws/install/husarion_ugv_msgs/lib/python3.12/site-packages/husarion_ugv_msgs/husarion_ugv_msgs_s__rosidl_typesupport_fastrtps_c.so
[1.142s] -- Up-to-date symlink: /home/inagy/husarion_ws/install/husarion_ugv_msgs/lib/python3.12/site-packages/husarion_ugv_msgs/husarion_ugv_msgs_s__rosidl_typesupport_introspection_c.so
[1.142s] -- Up-to-date symlink: /home/inagy/husarion_ws/install/husarion_ugv_msgs/lib/python3.12/site-packages/husarion_ugv_msgs/husarion_ugv_msgs_s__rosidl_typesupport_c.so
[1.142s] -- Up-to-date symlink: /home/inagy/husarion_ws/install/husarion_ugv_msgs/share/husarion_ugv_msgs/msg/ChargingStatus.idl
[1.142s] -- Up-to-date symlink: /home/inagy/husarion_ws/install/husarion_ugv_msgs/share/husarion_ugv_msgs/msg/DriverState.idl
[1.142s] -- Up-to-date symlink: /home/inagy/husarion_ws/install/husarion_ugv_msgs/share/husarion_ugv_msgs/msg/DriverStateNamed.idl
[1.142s] -- Up-to-date symlink: /home/inagy/husarion_ws/install/husarion_ugv_msgs/share/husarion_ugv_msgs/msg/FaultFlag.idl
[1.142s] -- Up-to-date symlink: /home/inagy/husarion_ws/install/husarion_ugv_msgs/share/husarion_ugv_msgs/msg/IOState.idl
[1.143s] -- Up-to-date symlink: /home/inagy/husarion_ws/install/husarion_ugv_msgs/share/husarion_ugv_msgs/msg/LEDAnimation.idl
[1.143s] -- Up-to-date symlink: /home/inagy/husarion_ws/install/husarion_ugv_msgs/share/husarion_ugv_msgs/msg/LEDAnimationQueue.idl
[1.143s] -- Up-to-date symlink: /home/inagy/husarion_ws/install/husarion_ugv_msgs/share/husarion_ugv_msgs/msg/LEDImageAnimation.idl
[1.143s] -- Up-to-date symlink: /home/inagy/husarion_ws/install/husarion_ugv_msgs/share/husarion_ugv_msgs/msg/RobotDriverState.idl
[1.143s] -- Up-to-date symlink: /home/inagy/husarion_ws/install/husarion_ugv_msgs/share/husarion_ugv_msgs/msg/RuntimeError.idl
[1.143s] -- Up-to-date symlink: /home/inagy/husarion_ws/install/husarion_ugv_msgs/share/husarion_ugv_msgs/msg/ScriptFlag.idl
[1.143s] -- Up-to-date symlink: /home/inagy/husarion_ws/install/husarion_ugv_msgs/share/husarion_ugv_msgs/msg/SystemStatus.idl
[1.143s] -- Up-to-date symlink: /home/inagy/husarion_ws/install/husarion_ugv_msgs/share/husarion_ugv_msgs/srv/SetLEDAnimation.idl
[1.143s] -- Up-to-date symlink: /home/inagy/husarion_ws/install/husarion_ugv_msgs/share/husarion_ugv_msgs/srv/SetLEDBrightness.idl
[1.144s] -- Up-to-date symlink: /home/inagy/husarion_ws/install/husarion_ugv_msgs/share/husarion_ugv_msgs/srv/SetLEDImageAnimation.idl
[1.144s] -- Up-to-date symlink: /home/inagy/husarion_ws/install/husarion_ugv_msgs/share/husarion_ugv_msgs/msg/ChargingStatus.msg
[1.144s] -- Up-to-date symlink: /home/inagy/husarion_ws/install/husarion_ugv_msgs/share/husarion_ugv_msgs/msg/DriverState.msg
[1.144s] -- Up-to-date symlink: /home/inagy/husarion_ws/install/husarion_ugv_msgs/share/husarion_ugv_msgs/msg/DriverStateNamed.msg
[1.144s] -- Up-to-date symlink: /home/inagy/husarion_ws/install/husarion_ugv_msgs/share/husarion_ugv_msgs/msg/FaultFlag.msg
[1.144s] -- Up-to-date symlink: /home/inagy/husarion_ws/install/husarion_ugv_msgs/share/husarion_ugv_msgs/msg/IOState.msg
[1.144s] -- Up-to-date symlink: /home/inagy/husarion_ws/install/husarion_ugv_msgs/share/husarion_ugv_msgs/msg/LEDAnimation.msg
[1.144s] -- Up-to-date symlink: /home/inagy/husarion_ws/install/husarion_ugv_msgs/share/husarion_ugv_msgs/msg/LEDAnimationQueue.msg
[1.144s] -- Up-to-date symlink: /home/inagy/husarion_ws/install/husarion_ugv_msgs/share/husarion_ugv_msgs/msg/LEDImageAnimation.msg
[1.144s] -- Up-to-date symlink: /home/inagy/husarion_ws/install/husarion_ugv_msgs/share/husarion_ugv_msgs/msg/RobotDriverState.msg
[1.145s] -- Up-to-date symlink: /home/inagy/husarion_ws/install/husarion_ugv_msgs/share/husarion_ugv_msgs/msg/RuntimeError.msg
[1.145s] -- Up-to-date symlink: /home/inagy/husarion_ws/install/husarion_ugv_msgs/share/husarion_ugv_msgs/msg/ScriptFlag.msg
[1.145s] -- Up-to-date symlink: /home/inagy/husarion_ws/install/husarion_ugv_msgs/share/husarion_ugv_msgs/msg/SystemStatus.msg
[1.145s] -- Up-to-date symlink: /home/inagy/husarion_ws/install/husarion_ugv_msgs/share/husarion_ugv_msgs/srv/SetLEDAnimation.srv
[1.145s] -- Up-to-date symlink: /home/inagy/husarion_ws/install/husarion_ugv_msgs/share/husarion_ugv_msgs/srv/SetLEDBrightness.srv
[1.145s] -- Up-to-date symlink: /home/inagy/husarion_ws/install/husarion_ugv_msgs/share/husarion_ugv_msgs/srv/SetLEDImageAnimation.srv
[1.145s] -- Up-to-date symlink: /home/inagy/husarion_ws/install/husarion_ugv_msgs/share/ament_index/resource_index/package_run_dependencies/husarion_ugv_msgs
[1.145s] -- Up-to-date symlink: /home/inagy/husarion_ws/install/husarion_ugv_msgs/share/ament_index/resource_index/parent_prefix_path/husarion_ugv_msgs
[1.145s] -- Up-to-date symlink: /home/inagy/husarion_ws/install/husarion_ugv_msgs/share/husarion_ugv_msgs/environment/ament_prefix_path.sh
[1.146s] -- Up-to-date symlink: /home/inagy/husarion_ws/install/husarion_ugv_msgs/share/husarion_ugv_msgs/environment/ament_prefix_path.dsv
[1.146s] -- Up-to-date symlink: /home/inagy/husarion_ws/install/husarion_ugv_msgs/share/husarion_ugv_msgs/environment/path.sh
[1.146s] -- Up-to-date symlink: /home/inagy/husarion_ws/install/husarion_ugv_msgs/share/husarion_ugv_msgs/environment/path.dsv
[1.146s] -- Up-to-date symlink: /home/inagy/husarion_ws/install/husarion_ugv_msgs/share/husarion_ugv_msgs/local_setup.bash
[1.146s] -- Up-to-date symlink: /home/inagy/husarion_ws/install/husarion_ugv_msgs/share/husarion_ugv_msgs/local_setup.sh
[1.146s] -- Up-to-date symlink: /home/inagy/husarion_ws/install/husarion_ugv_msgs/share/husarion_ugv_msgs/local_setup.zsh
[1.146s] -- Up-to-date symlink: /home/inagy/husarion_ws/install/husarion_ugv_msgs/share/husarion_ugv_msgs/local_setup.dsv
[1.146s] -- Symlinking: /home/inagy/husarion_ws/install/husarion_ugv_msgs/share/husarion_ugv_msgs/package.dsv
[1.156s] -- Up-to-date symlink: /home/inagy/husarion_ws/install/husarion_ugv_msgs/share/ament_index/resource_index/packages/husarion_ugv_msgs
[1.156s] -- Up-to-date symlink: /home/inagy/husarion_ws/install/husarion_ugv_msgs/share/husarion_ugv_msgs/cmake/rosidl_cmake-extras.cmake
[1.156s] -- Up-to-date symlink: /home/inagy/husarion_ws/install/husarion_ugv_msgs/share/husarion_ugv_msgs/cmake/ament_cmake_export_dependencies-extras.cmake
[1.156s] -- Up-to-date symlink: /home/inagy/husarion_ws/install/husarion_ugv_msgs/share/husarion_ugv_msgs/cmake/ament_cmake_export_include_directories-extras.cmake
[1.156s] -- Up-to-date symlink: /home/inagy/husarion_ws/install/husarion_ugv_msgs/share/husarion_ugv_msgs/cmake/ament_cmake_export_libraries-extras.cmake
[1.156s] -- Up-to-date symlink: /home/inagy/husarion_ws/install/husarion_ugv_msgs/share/husarion_ugv_msgs/cmake/ament_cmake_export_targets-extras.cmake
[1.156s] -- Up-to-date symlink: /home/inagy/husarion_ws/install/husarion_ugv_msgs/share/husarion_ugv_msgs/cmake/rosidl_cmake_export_typesupport_targets-extras.cmake
[1.156s] -- Up-to-date symlink: /home/inagy/husarion_ws/install/husarion_ugv_msgs/share/husarion_ugv_msgs/cmake/rosidl_cmake_export_typesupport_libraries-extras.cmake
[1.156s] -- Up-to-date symlink: /home/inagy/husarion_ws/install/husarion_ugv_msgs/share/husarion_ugv_msgs/cmake/husarion_ugv_msgsConfig.cmake
[1.156s] -- Up-to-date symlink: /home/inagy/husarion_ws/install/husarion_ugv_msgs/share/husarion_ugv_msgs/cmake/husarion_ugv_msgsConfig-version.cmake
[1.157s] -- Up-to-date symlink: /home/inagy/husarion_ws/install/husarion_ugv_msgs/share/husarion_ugv_msgs/package.xml
[1.157s] -- Up-to-date: /home/inagy/husarion_ws/install/husarion_ugv_msgs/lib/libhusarion_ugv_msgs__rosidl_generator_c.so
[1.157s] -- Up-to-date: /home/inagy/husarion_ws/install/husarion_ugv_msgs/lib/libhusarion_ugv_msgs__rosidl_typesupport_fastrtps_c.so
[1.158s] -- Up-to-date: /home/inagy/husarion_ws/install/husarion_ugv_msgs/lib/libhusarion_ugv_msgs__rosidl_typesupport_fastrtps_cpp.so
[1.158s] -- Up-to-date: /home/inagy/husarion_ws/install/husarion_ugv_msgs/lib/libhusarion_ugv_msgs__rosidl_typesupport_introspection_c.so
[1.158s] -- Up-to-date: /home/inagy/husarion_ws/install/husarion_ugv_msgs/lib/libhusarion_ugv_msgs__rosidl_typesupport_c.so
[1.158s] -- Up-to-date: /home/inagy/husarion_ws/install/husarion_ugv_msgs/lib/libhusarion_ugv_msgs__rosidl_typesupport_introspection_cpp.so
[1.158s] -- Up-to-date: /home/inagy/husarion_ws/install/husarion_ugv_msgs/lib/libhusarion_ugv_msgs__rosidl_typesupport_cpp.so
[1.191s] Listing '/home/inagy/husarion_ws/install/husarion_ugv_msgs/lib/python3.12/site-packages/husarion_ugv_msgs'...
[1.191s] Listing '/home/inagy/husarion_ws/install/husarion_ugv_msgs/lib/python3.12/site-packages/husarion_ugv_msgs/msg'...
[1.191s] Listing '/home/inagy/husarion_ws/install/husarion_ugv_msgs/lib/python3.12/site-packages/husarion_ugv_msgs/srv'...
[1.196s] -- Up-to-date: /home/inagy/husarion_ws/install/husarion_ugv_msgs/lib/libhusarion_ugv_msgs__rosidl_generator_py.so
[1.196s] -- Up-to-date: /home/inagy/husarion_ws/install/husarion_ugv_msgs/share/husarion_ugv_msgs/cmake/export_husarion_ugv_msgs__rosidl_generator_cExport.cmake
[1.196s] -- Up-to-date: /home/inagy/husarion_ws/install/husarion_ugv_msgs/share/husarion_ugv_msgs/cmake/export_husarion_ugv_msgs__rosidl_generator_cExport-release.cmake
[1.196s] -- Up-to-date: /home/inagy/husarion_ws/install/husarion_ugv_msgs/share/husarion_ugv_msgs/cmake/export_husarion_ugv_msgs__rosidl_typesupport_fastrtps_cExport.cmake
[1.196s] -- Up-to-date: /home/inagy/husarion_ws/install/husarion_ugv_msgs/share/husarion_ugv_msgs/cmake/export_husarion_ugv_msgs__rosidl_typesupport_fastrtps_cExport-release.cmake
[1.196s] -- Up-to-date: /home/inagy/husarion_ws/install/husarion_ugv_msgs/share/husarion_ugv_msgs/cmake/export_husarion_ugv_msgs__rosidl_generator_cppExport.cmake
[1.196s] -- Up-to-date: /home/inagy/husarion_ws/install/husarion_ugv_msgs/share/husarion_ugv_msgs/cmake/export_husarion_ugv_msgs__rosidl_typesupport_fastrtps_cppExport.cmake
[1.196s] -- Up-to-date: /home/inagy/husarion_ws/install/husarion_ugv_msgs/share/husarion_ugv_msgs/cmake/export_husarion_ugv_msgs__rosidl_typesupport_fastrtps_cppExport-release.cmake
[1.196s] -- Up-to-date: /home/inagy/husarion_ws/install/husarion_ugv_msgs/share/husarion_ugv_msgs/cmake/husarion_ugv_msgs__rosidl_typesupport_introspection_cExport.cmake
[1.197s] -- Up-to-date: /home/inagy/husarion_ws/install/husarion_ugv_msgs/share/husarion_ugv_msgs/cmake/husarion_ugv_msgs__rosidl_typesupport_introspection_cExport-release.cmake
[1.197s] -- Up-to-date: /home/inagy/husarion_ws/install/husarion_ugv_msgs/share/husarion_ugv_msgs/cmake/husarion_ugv_msgs__rosidl_typesupport_cExport.cmake
[1.197s] -- Up-to-date: /home/inagy/husarion_ws/install/husarion_ugv_msgs/share/husarion_ugv_msgs/cmake/husarion_ugv_msgs__rosidl_typesupport_cExport-release.cmake
[1.197s] -- Up-to-date: /home/inagy/husarion_ws/install/husarion_ugv_msgs/share/husarion_ugv_msgs/cmake/husarion_ugv_msgs__rosidl_typesupport_introspection_cppExport.cmake
[1.197s] -- Up-to-date: /home/inagy/husarion_ws/install/husarion_ugv_msgs/share/husarion_ugv_msgs/cmake/husarion_ugv_msgs__rosidl_typesupport_introspection_cppExport-release.cmake
[1.197s] -- Up-to-date: /home/inagy/husarion_ws/install/husarion_ugv_msgs/share/husarion_ugv_msgs/cmake/husarion_ugv_msgs__rosidl_typesupport_cppExport.cmake
[1.198s] -- Up-to-date: /home/inagy/husarion_ws/install/husarion_ugv_msgs/share/husarion_ugv_msgs/cmake/husarion_ugv_msgs__rosidl_typesupport_cppExport-release.cmake
[1.198s] -- Up-to-date: /home/inagy/husarion_ws/install/husarion_ugv_msgs/share/husarion_ugv_msgs/cmake/export_husarion_ugv_msgs__rosidl_generator_pyExport.cmake
[1.198s] -- Up-to-date: /home/inagy/husarion_ws/install/husarion_ugv_msgs/share/husarion_ugv_msgs/cmake/export_husarion_ugv_msgs__rosidl_generator_pyExport-release.cmake
[1.201s] Invoked command in '/home/inagy/husarion_ws/build/husarion_ugv_msgs' returned '0': CMAKE_PREFIX_PATH=${CMAKE_PREFIX_PATH}:/home/inagy/turtlebot3_ws/install/turtlebot3_teleop:/home/inagy/turtlebot3_ws/install/turtlebot3_example:/opt/ros/jazzy DEBUGINFOD_URLS=https://debuginfod.ubuntu.com /usr/bin/cmake --install /home/inagy/husarion_ws/build/husarion_ugv_msgs
