[0.020s] Invoking command in '/home/inagy/husarion_ws/build/husarion_ugv_manager': AMENT_PREFIX_PATH=/home/inagy/husarion_ws/install/behaviortree_ros2:/home/inagy/husarion_ws/install/husarion_ugv_utils:/home/inagy/husarion_ws/install/husarion_ugv_msgs:/home/inagy/husarion_ws/install/btcpp_ros2_interfaces:${AMENT_PREFIX_PATH} CMAKE_PREFIX_PATH=/home/inagy/husarion_ws/install/behaviortree_ros2:/home/inagy/husarion_ws/install/husarion_ugv_utils:/home/inagy/husarion_ws/install/husarion_ugv_msgs:/home/inagy/husarion_ws/install/btcpp_ros2_interfaces:/home/inagy/turtlebot3_ws/install/turtlebot3:/home/inagy/turtlebot3_ws/install/turtlebot3_simulations:/home/inagy/turtlebot3_ws/install/turtlebot3_bringup:/home/inagy/turtlebot3_ws/install/turtlebot3_node:/home/inagy/turtlebot3_ws/install/turtlebot3_navigation2:/home/inagy/turtlebot3_ws/install/turtlebot3_fake_node:/home/inagy/turtlebot3_ws/install/turtlebot3_msgs:/home/inagy/turtlebot3_ws/install/turtlebot3_gazebo:/home/inagy/turtlebot3_ws/install/turtlebot3_description:/home/inagy/turtlebot3_ws/install/turtlebot3_cartographer:/home/inagy/turtlebot3_ws/install/dynamixel_sdk_examples:/home/inagy/turtlebot3_ws/install/dynamixel_sdk_custom_interfaces:/home/inagy/turtlebot3_ws/install/dynamixel_sdk:/opt/ros/jazzy/opt/gz_sim_vendor:/opt/ros/jazzy/opt/gz_sensors_vendor:/opt/ros/jazzy/opt/gz_physics_vendor:/opt/ros/jazzy/opt/sdformat_vendor:/opt/ros/jazzy/opt/gz_gui_vendor:/opt/ros/jazzy/opt/gz_transport_vendor:/opt/ros/jazzy/opt/gz_rendering_vendor:/opt/ros/jazzy/opt/gz_plugin_vendor:/opt/ros/jazzy/opt/gz_fuel_tools_vendor:/opt/ros/jazzy/opt/gz_msgs_vendor:/opt/ros/jazzy/opt/gz_common_vendor:/opt/ros/jazzy/opt/gz_math_vendor:/opt/ros/jazzy/opt/gz_utils_vendor:/opt/ros/jazzy/opt/gz_tools_vendor:/opt/ros/jazzy/opt/gz_ogre_next_vendor:/opt/ros/jazzy/opt/gz_dartsim_vendor:/opt/ros/jazzy/opt/gz_cmake_vendor:/home/inagy/turtlebot3_ws/install/turtlebot3_teleop:/home/inagy/turtlebot3_ws/install/turtlebot3_example:/opt/ros/jazzy DEBUGINFOD_URLS=https://debuginfod.ubuntu.com LD_LIBRARY_PATH=/home/inagy/husarion_ws/install/behaviortree_ros2/lib:/home/inagy/husarion_ws/install/husarion_ugv_msgs/lib:/home/inagy/husarion_ws/install/btcpp_ros2_interfaces/lib:${LD_LIBRARY_PATH} PYTHONPATH=/home/inagy/husarion_ws/install/husarion_ugv_utils/lib/python3.12/site-packages:/home/inagy/husarion_ws/install/husarion_ugv_msgs/lib/python3.12/site-packages:/home/inagy/husarion_ws/install/btcpp_ros2_interfaces/lib/python3.12/site-packages:${PYTHONPATH} /usr/bin/cmake /home/inagy/husarion_ws/src/husarion_ugv_ros/husarion_ugv_manager -DCMAKE_BUILD_TYPE=Release -DBUILD_TESTING=OFF -DAMENT_CMAKE_SYMLINK_INSTALL=1 -DCMAKE_INSTALL_PREFIX=/home/inagy/husarion_ws/install/husarion_ugv_manager
[0.098s] -- The C compiler identification is GNU 13.3.0
[0.181s] -- The CXX compiler identification is GNU 13.3.0
[0.202s] -- Detecting C compiler ABI info
[0.322s] -- Detecting C compiler ABI info - done
[0.344s] -- Check for working C compiler: /usr/bin/cc - skipped
[0.344s] -- Detecting C compile features
[0.344s] -- Detecting C compile features - done
[0.359s] -- Detecting CXX compiler ABI info
[0.500s] -- Detecting CXX compiler ABI info - done
[0.531s] -- Check for working CXX compiler: /usr/bin/c++ - skipped
[0.531s] -- Detecting CXX compile features
[0.531s] -- Detecting CXX compile features - done
[0.543s] -- Found ament_cmake: 2.5.4 (/opt/ros/jazzy/share/ament_cmake/cmake)
[0.742s] -- Found Python3: /usr/bin/python3 (found version "3.12.3") found components: Interpreter 
[0.833s] -- Override CMake install command with custom implementation using symlinks instead of copying resources
[0.919s] -- Found ament_index_cpp: 1.8.1 (/opt/ros/jazzy/share/ament_index_cpp/cmake)
[0.923s] -- Found behaviortree_cpp: 4.7.1 (/opt/ros/jazzy/share/behaviortree_cpp/cmake)
[0.928s] -- Found behaviortree_ros2: 0.2.0 (/home/inagy/husarion_ws/install/behaviortree_ros2/share/behaviortree_ros2/cmake)
[1.025s] -- Found rosidl_generator_c: 4.6.6 (/opt/ros/jazzy/share/rosidl_generator_c/cmake)
[1.050s] -- Found rosidl_generator_cpp: 4.6.6 (/opt/ros/jazzy/share/rosidl_generator_cpp/cmake)
[1.080s] -- Using all available rosidl_typesupport_c: rosidl_typesupport_fastrtps_c;rosidl_typesupport_introspection_c
[1.133s] -- Using all available rosidl_typesupport_cpp: rosidl_typesupport_fastrtps_cpp;rosidl_typesupport_introspection_cpp
[1.289s] -- Found rmw_implementation_cmake: 7.3.2 (/opt/ros/jazzy/share/rmw_implementation_cmake/cmake)
[1.295s] -- Found rmw_fastrtps_cpp: 8.4.3 (/opt/ros/jazzy/share/rmw_fastrtps_cpp/cmake)
[1.434s] -- Found OpenSSL: /usr/lib/aarch64-linux-gnu/libcrypto.so (found version "3.0.13")  
[1.469s] -- Found FastRTPS: /opt/ros/jazzy/include (Required is at least version "2.13") 
[1.497s] -- Using RMW implementation 'rmw_fastrtps_cpp' as default
[1.798s] -- Found geometry_msgs: 5.3.6 (/opt/ros/jazzy/share/geometry_msgs/cmake)
[1.836s] -- Found husarion_ugv_msgs: 2.3.1 (/home/inagy/husarion_ws/install/husarion_ugv_msgs/share/husarion_ugv_msgs/cmake)
[1.854s] -- Found husarion_ugv_utils: 2.3.1 (/home/inagy/husarion_ws/install/husarion_ugv_utils/share/husarion_ugv_utils/cmake)
[2.088s] -- Found sensor_msgs: 5.3.6 (/opt/ros/jazzy/share/sensor_msgs/cmake)
[2.144s] -- Found std_srvs: 5.3.6 (/opt/ros/jazzy/share/std_srvs/cmake)
[2.171s] -- Found tf2_geometry_msgs: 0.36.14 (/opt/ros/jazzy/share/tf2_geometry_msgs/cmake)
[2.195s] -- Found eigen3_cmake_module: 0.3.0 (/opt/ros/jazzy/share/eigen3_cmake_module/cmake)
[2.213s] -- Found Eigen3: TRUE (found version "3.4.0") 
[2.214s] -- Ensuring Eigen3 include directory is part of orocos-kdl CMake target
[2.700s] -- Configuring done (2.7s)
[3.028s] -- Generating done (0.2s)
[3.070s] -- Build files have been written to: /home/inagy/husarion_ws/build/husarion_ugv_manager
[3.100s] Invoked command in '/home/inagy/husarion_ws/build/husarion_ugv_manager' returned '0': AMENT_PREFIX_PATH=/home/inagy/husarion_ws/install/behaviortree_ros2:/home/inagy/husarion_ws/install/husarion_ugv_utils:/home/inagy/husarion_ws/install/husarion_ugv_msgs:/home/inagy/husarion_ws/install/btcpp_ros2_interfaces:${AMENT_PREFIX_PATH} CMAKE_PREFIX_PATH=/home/inagy/husarion_ws/install/behaviortree_ros2:/home/inagy/husarion_ws/install/husarion_ugv_utils:/home/inagy/husarion_ws/install/husarion_ugv_msgs:/home/inagy/husarion_ws/install/btcpp_ros2_interfaces:/home/inagy/turtlebot3_ws/install/turtlebot3:/home/inagy/turtlebot3_ws/install/turtlebot3_simulations:/home/inagy/turtlebot3_ws/install/turtlebot3_bringup:/home/inagy/turtlebot3_ws/install/turtlebot3_node:/home/inagy/turtlebot3_ws/install/turtlebot3_navigation2:/home/inagy/turtlebot3_ws/install/turtlebot3_fake_node:/home/inagy/turtlebot3_ws/install/turtlebot3_msgs:/home/inagy/turtlebot3_ws/install/turtlebot3_gazebo:/home/inagy/turtlebot3_ws/install/turtlebot3_description:/home/inagy/turtlebot3_ws/install/turtlebot3_cartographer:/home/inagy/turtlebot3_ws/install/dynamixel_sdk_examples:/home/inagy/turtlebot3_ws/install/dynamixel_sdk_custom_interfaces:/home/inagy/turtlebot3_ws/install/dynamixel_sdk:/opt/ros/jazzy/opt/gz_sim_vendor:/opt/ros/jazzy/opt/gz_sensors_vendor:/opt/ros/jazzy/opt/gz_physics_vendor:/opt/ros/jazzy/opt/sdformat_vendor:/opt/ros/jazzy/opt/gz_gui_vendor:/opt/ros/jazzy/opt/gz_transport_vendor:/opt/ros/jazzy/opt/gz_rendering_vendor:/opt/ros/jazzy/opt/gz_plugin_vendor:/opt/ros/jazzy/opt/gz_fuel_tools_vendor:/opt/ros/jazzy/opt/gz_msgs_vendor:/opt/ros/jazzy/opt/gz_common_vendor:/opt/ros/jazzy/opt/gz_math_vendor:/opt/ros/jazzy/opt/gz_utils_vendor:/opt/ros/jazzy/opt/gz_tools_vendor:/opt/ros/jazzy/opt/gz_ogre_next_vendor:/opt/ros/jazzy/opt/gz_dartsim_vendor:/opt/ros/jazzy/opt/gz_cmake_vendor:/home/inagy/turtlebot3_ws/install/turtlebot3_teleop:/home/inagy/turtlebot3_ws/install/turtlebot3_example:/opt/ros/jazzy DEBUGINFOD_URLS=https://debuginfod.ubuntu.com LD_LIBRARY_PATH=/home/inagy/husarion_ws/install/behaviortree_ros2/lib:/home/inagy/husarion_ws/install/husarion_ugv_msgs/lib:/home/inagy/husarion_ws/install/btcpp_ros2_interfaces/lib:${LD_LIBRARY_PATH} PYTHONPATH=/home/inagy/husarion_ws/install/husarion_ugv_utils/lib/python3.12/site-packages:/home/inagy/husarion_ws/install/husarion_ugv_msgs/lib/python3.12/site-packages:/home/inagy/husarion_ws/install/btcpp_ros2_interfaces/lib/python3.12/site-packages:${PYTHONPATH} /usr/bin/cmake /home/inagy/husarion_ws/src/husarion_ugv_ros/husarion_ugv_manager -DCMAKE_BUILD_TYPE=Release -DBUILD_TESTING=OFF -DAMENT_CMAKE_SYMLINK_INSTALL=1 -DCMAKE_INSTALL_PREFIX=/home/inagy/husarion_ws/install/husarion_ugv_manager
[3.101s] Invoking command in '/home/inagy/husarion_ws/build/husarion_ugv_manager': AMENT_PREFIX_PATH=/home/inagy/husarion_ws/install/behaviortree_ros2:/home/inagy/husarion_ws/install/husarion_ugv_utils:/home/inagy/husarion_ws/install/husarion_ugv_msgs:/home/inagy/husarion_ws/install/btcpp_ros2_interfaces:${AMENT_PREFIX_PATH} CMAKE_PREFIX_PATH=/home/inagy/husarion_ws/install/behaviortree_ros2:/home/inagy/husarion_ws/install/husarion_ugv_utils:/home/inagy/husarion_ws/install/husarion_ugv_msgs:/home/inagy/husarion_ws/install/btcpp_ros2_interfaces:/home/inagy/turtlebot3_ws/install/turtlebot3:/home/inagy/turtlebot3_ws/install/turtlebot3_simulations:/home/inagy/turtlebot3_ws/install/turtlebot3_bringup:/home/inagy/turtlebot3_ws/install/turtlebot3_node:/home/inagy/turtlebot3_ws/install/turtlebot3_navigation2:/home/inagy/turtlebot3_ws/install/turtlebot3_fake_node:/home/inagy/turtlebot3_ws/install/turtlebot3_msgs:/home/inagy/turtlebot3_ws/install/turtlebot3_gazebo:/home/inagy/turtlebot3_ws/install/turtlebot3_description:/home/inagy/turtlebot3_ws/install/turtlebot3_cartographer:/home/inagy/turtlebot3_ws/install/dynamixel_sdk_examples:/home/inagy/turtlebot3_ws/install/dynamixel_sdk_custom_interfaces:/home/inagy/turtlebot3_ws/install/dynamixel_sdk:/opt/ros/jazzy/opt/gz_sim_vendor:/opt/ros/jazzy/opt/gz_sensors_vendor:/opt/ros/jazzy/opt/gz_physics_vendor:/opt/ros/jazzy/opt/sdformat_vendor:/opt/ros/jazzy/opt/gz_gui_vendor:/opt/ros/jazzy/opt/gz_transport_vendor:/opt/ros/jazzy/opt/gz_rendering_vendor:/opt/ros/jazzy/opt/gz_plugin_vendor:/opt/ros/jazzy/opt/gz_fuel_tools_vendor:/opt/ros/jazzy/opt/gz_msgs_vendor:/opt/ros/jazzy/opt/gz_common_vendor:/opt/ros/jazzy/opt/gz_math_vendor:/opt/ros/jazzy/opt/gz_utils_vendor:/opt/ros/jazzy/opt/gz_tools_vendor:/opt/ros/jazzy/opt/gz_ogre_next_vendor:/opt/ros/jazzy/opt/gz_dartsim_vendor:/opt/ros/jazzy/opt/gz_cmake_vendor:/home/inagy/turtlebot3_ws/install/turtlebot3_teleop:/home/inagy/turtlebot3_ws/install/turtlebot3_example:/opt/ros/jazzy DEBUGINFOD_URLS=https://debuginfod.ubuntu.com LD_LIBRARY_PATH=/home/inagy/husarion_ws/install/behaviortree_ros2/lib:/home/inagy/husarion_ws/install/husarion_ugv_msgs/lib:/home/inagy/husarion_ws/install/btcpp_ros2_interfaces/lib:${LD_LIBRARY_PATH} PYTHONPATH=/home/inagy/husarion_ws/install/husarion_ugv_utils/lib/python3.12/site-packages:/home/inagy/husarion_ws/install/husarion_ugv_msgs/lib/python3.12/site-packages:/home/inagy/husarion_ws/install/btcpp_ros2_interfaces/lib/python3.12/site-packages:${PYTHONPATH} /usr/bin/cmake --build /home/inagy/husarion_ws/build/husarion_ugv_manager -- -j4 -l4
[3.198s] [  3%] [32mBuilding CXX object CMakeFiles/call_set_bool_service_bt_node.dir/src/plugins/action/call_set_bool_service_node.cpp.o[0m
[11.581s] [  7%] [32m[1mLinking CXX shared library libcall_set_bool_service_bt_node.so[0m
[11.754s] [  7%] Built target call_set_bool_service_bt_node
[11.777s] [ 10%] [32mBuilding CXX object CMakeFiles/signal_shutdown_bt_node.dir/src/plugins/action/signal_shutdown_node.cpp.o[0m
[17.131s] [ 14%] [32m[1mLinking CXX shared library libsignal_shutdown_bt_node.so[0m
[17.306s] [ 14%] Built target signal_shutdown_bt_node
[17.336s] [ 17%] [32mBuilding CXX object CMakeFiles/shutdown_hosts_from_file_bt_node.dir/src/plugins/action/shutdown_hosts_from_file_node.cpp.o[0m
[26.162s] [ 21%] [32m[1mLinking CXX shared library libshutdown_hosts_from_file_bt_node.so[0m
[26.572s] [ 21%] Built target shutdown_hosts_from_file_bt_node
[26.602s] [ 25%] [32mBuilding CXX object CMakeFiles/check_bool_msg_bt_node.dir/src/plugins/condition/check_bool_msg.cpp.o[0m
[46.893s] [ 28%] [32m[1mLinking CXX shared library libcheck_bool_msg_bt_node.so[0m
[47.237s] [ 28%] Built target check_bool_msg_bt_node
[47.262s] [ 32%] [32mBuilding CXX object CMakeFiles/check_joy_msg_bt_node.dir/src/plugins/condition/check_joy_msg.cpp.o[0m
[67.995s] [ 35%] [32m[1mLinking CXX shared library libcheck_joy_msg_bt_node.so[0m
[68.254s] [ 35%] Built target check_joy_msg_bt_node
[68.283s] [ 39%] [32mBuilding CXX object CMakeFiles/tick_after_timeout_bt_node.dir/src/plugins/decorator/tick_after_timeout_node.cpp.o[0m
[72.432s] [ 42%] [32m[1mLinking CXX shared library libtick_after_timeout_bt_node.so[0m
[72.576s] [ 42%] Built target tick_after_timeout_bt_node
[72.605s] [ 46%] [32mBuilding CXX object CMakeFiles/execute_command_bt_node.dir/src/plugins/action/execute_command_node.cpp.o[0m
[81.016s] [ 50%] [32m[1mLinking CXX shared library libexecute_command_bt_node.so[0m
[81.205s] [ 50%] Built target execute_command_bt_node
[81.248s] [ 53%] [34m[1mRunning `/opt/ros/jazzy/bin/generate_parameter_library_cpp /home/inagy/husarion_ws/build/husarion_ugv_manager/include/husarion_ugv_manager/safety_manager_parameters.hpp /home/inagy/husarion_ws/src/husarion_ugv_ros/husarion_ugv_manager/src/safety_manager_parameters.yaml `[0m
[82.367s] [ 57%] [34m[1mCreating deprecated header file /home/inagy/husarion_ws/build/husarion_ugv_manager/include/safety_manager_parameters.hpp[0m
[82.389s] [ 57%] Built target safety_manager_parameters
[82.431s] [ 60%] [34m[1mRunning `/opt/ros/jazzy/bin/generate_parameter_library_cpp /home/inagy/husarion_ws/build/husarion_ugv_manager/include/husarion_ugv_manager/lights_manager_parameters.hpp /home/inagy/husarion_ws/src/husarion_ugv_ros/husarion_ugv_manager/src/lights_manager_parameters.yaml `[0m
[83.367s] [ 64%] [34m[1mCreating deprecated header file /home/inagy/husarion_ws/build/husarion_ugv_manager/include/lights_manager_parameters.hpp[0m
[83.404s] [ 64%] Built target lights_manager_parameters
[83.462s] [ 67%] [32mBuilding CXX object CMakeFiles/call_set_led_animation_service_bt_node.dir/src/plugins/action/call_set_led_animation_service_node.cpp.o[0m
[92.613s] [ 71%] [32m[1mLinking CXX shared library libcall_set_led_animation_service_bt_node.so[0m
[92.790s] [ 71%] Built target call_set_led_animation_service_bt_node
[92.814s] [ 75%] [32mBuilding CXX object CMakeFiles/call_trigger_service_bt_node.dir/src/plugins/action/call_trigger_service_node.cpp.o[0m
[101.501s] [ 78%] [32m[1mLinking CXX shared library libcall_trigger_service_bt_node.so[0m
[101.685s] [ 78%] Built target call_trigger_service_bt_node
[101.705s] [ 82%] [32mBuilding CXX object CMakeFiles/safety_manager_node.dir/src/safety_manager_node_main.cpp.o[0m
[108.436s] [ 85%] [32mBuilding CXX object CMakeFiles/safety_manager_node.dir/src/safety_manager_node.cpp.o[0m
[144.965s] [ 89%] [32m[1mLinking CXX executable safety_manager_node[0m
[145.418s] [ 89%] Built target safety_manager_node
[145.470s] [ 92%] [32mBuilding CXX object CMakeFiles/lights_manager_node.dir/src/lights_manager_node_main.cpp.o[0m
[151.901s] [ 96%] [32mBuilding CXX object CMakeFiles/lights_manager_node.dir/src/lights_manager_node.cpp.o[0m
[183.048s] [100%] [32m[1mLinking CXX executable lights_manager_node[0m
[183.387s] [100%] Built target lights_manager_node
[183.418s] Invoked command in '/home/inagy/husarion_ws/build/husarion_ugv_manager' returned '0': AMENT_PREFIX_PATH=/home/inagy/husarion_ws/install/behaviortree_ros2:/home/inagy/husarion_ws/install/husarion_ugv_utils:/home/inagy/husarion_ws/install/husarion_ugv_msgs:/home/inagy/husarion_ws/install/btcpp_ros2_interfaces:${AMENT_PREFIX_PATH} CMAKE_PREFIX_PATH=/home/inagy/husarion_ws/install/behaviortree_ros2:/home/inagy/husarion_ws/install/husarion_ugv_utils:/home/inagy/husarion_ws/install/husarion_ugv_msgs:/home/inagy/husarion_ws/install/btcpp_ros2_interfaces:/home/inagy/turtlebot3_ws/install/turtlebot3:/home/inagy/turtlebot3_ws/install/turtlebot3_simulations:/home/inagy/turtlebot3_ws/install/turtlebot3_bringup:/home/inagy/turtlebot3_ws/install/turtlebot3_node:/home/inagy/turtlebot3_ws/install/turtlebot3_navigation2:/home/inagy/turtlebot3_ws/install/turtlebot3_fake_node:/home/inagy/turtlebot3_ws/install/turtlebot3_msgs:/home/inagy/turtlebot3_ws/install/turtlebot3_gazebo:/home/inagy/turtlebot3_ws/install/turtlebot3_description:/home/inagy/turtlebot3_ws/install/turtlebot3_cartographer:/home/inagy/turtlebot3_ws/install/dynamixel_sdk_examples:/home/inagy/turtlebot3_ws/install/dynamixel_sdk_custom_interfaces:/home/inagy/turtlebot3_ws/install/dynamixel_sdk:/opt/ros/jazzy/opt/gz_sim_vendor:/opt/ros/jazzy/opt/gz_sensors_vendor:/opt/ros/jazzy/opt/gz_physics_vendor:/opt/ros/jazzy/opt/sdformat_vendor:/opt/ros/jazzy/opt/gz_gui_vendor:/opt/ros/jazzy/opt/gz_transport_vendor:/opt/ros/jazzy/opt/gz_rendering_vendor:/opt/ros/jazzy/opt/gz_plugin_vendor:/opt/ros/jazzy/opt/gz_fuel_tools_vendor:/opt/ros/jazzy/opt/gz_msgs_vendor:/opt/ros/jazzy/opt/gz_common_vendor:/opt/ros/jazzy/opt/gz_math_vendor:/opt/ros/jazzy/opt/gz_utils_vendor:/opt/ros/jazzy/opt/gz_tools_vendor:/opt/ros/jazzy/opt/gz_ogre_next_vendor:/opt/ros/jazzy/opt/gz_dartsim_vendor:/opt/ros/jazzy/opt/gz_cmake_vendor:/home/inagy/turtlebot3_ws/install/turtlebot3_teleop:/home/inagy/turtlebot3_ws/install/turtlebot3_example:/opt/ros/jazzy DEBUGINFOD_URLS=https://debuginfod.ubuntu.com LD_LIBRARY_PATH=/home/inagy/husarion_ws/install/behaviortree_ros2/lib:/home/inagy/husarion_ws/install/husarion_ugv_msgs/lib:/home/inagy/husarion_ws/install/btcpp_ros2_interfaces/lib:${LD_LIBRARY_PATH} PYTHONPATH=/home/inagy/husarion_ws/install/husarion_ugv_utils/lib/python3.12/site-packages:/home/inagy/husarion_ws/install/husarion_ugv_msgs/lib/python3.12/site-packages:/home/inagy/husarion_ws/install/btcpp_ros2_interfaces/lib/python3.12/site-packages:${PYTHONPATH} /usr/bin/cmake --build /home/inagy/husarion_ws/build/husarion_ugv_manager -- -j4 -l4
[183.423s] Invoking command in '/home/inagy/husarion_ws/build/husarion_ugv_manager': AMENT_PREFIX_PATH=/home/inagy/husarion_ws/install/behaviortree_ros2:/home/inagy/husarion_ws/install/husarion_ugv_utils:/home/inagy/husarion_ws/install/husarion_ugv_msgs:/home/inagy/husarion_ws/install/btcpp_ros2_interfaces:${AMENT_PREFIX_PATH} CMAKE_PREFIX_PATH=/home/inagy/husarion_ws/install/behaviortree_ros2:/home/inagy/husarion_ws/install/husarion_ugv_utils:/home/inagy/husarion_ws/install/husarion_ugv_msgs:/home/inagy/husarion_ws/install/btcpp_ros2_interfaces:/home/inagy/turtlebot3_ws/install/turtlebot3:/home/inagy/turtlebot3_ws/install/turtlebot3_simulations:/home/inagy/turtlebot3_ws/install/turtlebot3_bringup:/home/inagy/turtlebot3_ws/install/turtlebot3_node:/home/inagy/turtlebot3_ws/install/turtlebot3_navigation2:/home/inagy/turtlebot3_ws/install/turtlebot3_fake_node:/home/inagy/turtlebot3_ws/install/turtlebot3_msgs:/home/inagy/turtlebot3_ws/install/turtlebot3_gazebo:/home/inagy/turtlebot3_ws/install/turtlebot3_description:/home/inagy/turtlebot3_ws/install/turtlebot3_cartographer:/home/inagy/turtlebot3_ws/install/dynamixel_sdk_examples:/home/inagy/turtlebot3_ws/install/dynamixel_sdk_custom_interfaces:/home/inagy/turtlebot3_ws/install/dynamixel_sdk:/opt/ros/jazzy/opt/gz_sim_vendor:/opt/ros/jazzy/opt/gz_sensors_vendor:/opt/ros/jazzy/opt/gz_physics_vendor:/opt/ros/jazzy/opt/sdformat_vendor:/opt/ros/jazzy/opt/gz_gui_vendor:/opt/ros/jazzy/opt/gz_transport_vendor:/opt/ros/jazzy/opt/gz_rendering_vendor:/opt/ros/jazzy/opt/gz_plugin_vendor:/opt/ros/jazzy/opt/gz_fuel_tools_vendor:/opt/ros/jazzy/opt/gz_msgs_vendor:/opt/ros/jazzy/opt/gz_common_vendor:/opt/ros/jazzy/opt/gz_math_vendor:/opt/ros/jazzy/opt/gz_utils_vendor:/opt/ros/jazzy/opt/gz_tools_vendor:/opt/ros/jazzy/opt/gz_ogre_next_vendor:/opt/ros/jazzy/opt/gz_dartsim_vendor:/opt/ros/jazzy/opt/gz_cmake_vendor:/home/inagy/turtlebot3_ws/install/turtlebot3_teleop:/home/inagy/turtlebot3_ws/install/turtlebot3_example:/opt/ros/jazzy DEBUGINFOD_URLS=https://debuginfod.ubuntu.com LD_LIBRARY_PATH=/home/inagy/husarion_ws/install/behaviortree_ros2/lib:/home/inagy/husarion_ws/install/husarion_ugv_msgs/lib:/home/inagy/husarion_ws/install/btcpp_ros2_interfaces/lib:${LD_LIBRARY_PATH} PYTHONPATH=/home/inagy/husarion_ws/install/husarion_ugv_utils/lib/python3.12/site-packages:/home/inagy/husarion_ws/install/husarion_ugv_msgs/lib/python3.12/site-packages:/home/inagy/husarion_ws/install/btcpp_ros2_interfaces/lib/python3.12/site-packages:${PYTHONPATH} /usr/bin/cmake --install /home/inagy/husarion_ws/build/husarion_ugv_manager
[183.438s] -- Install configuration: "Release"
[183.439s] -- Execute custom install script
[183.440s] -- Symlinking: /home/inagy/husarion_ws/install/husarion_ugv_manager/include/husarion_ugv_manager/lights_manager_parameters.hpp
[183.454s] -- Symlinking: /home/inagy/husarion_ws/install/husarion_ugv_manager/include/husarion_ugv_manager/safety_manager_parameters.hpp
[183.471s] -- Up-to-date symlink: /home/inagy/husarion_ws/install/husarion_ugv_manager/include/husarion_ugv_manager/lights_manager_parameters.hpp
[183.471s] -- Up-to-date symlink: /home/inagy/husarion_ws/install/husarion_ugv_manager/include/husarion_ugv_manager/safety_manager_parameters.hpp
[183.472s] -- Symlinking: /home/inagy/husarion_ws/install/husarion_ugv_manager/lib/libcall_set_bool_service_bt_node.so
[183.490s] -- Symlinking: /home/inagy/husarion_ws/install/husarion_ugv_manager/lib/libcall_trigger_service_bt_node.so
[183.508s] -- Symlinking: /home/inagy/husarion_ws/install/husarion_ugv_manager/lib/libcall_set_led_animation_service_bt_node.so
[183.520s] -- Symlinking: /home/inagy/husarion_ws/install/husarion_ugv_manager/lib/libsignal_shutdown_bt_node.so
[183.531s] -- Symlinking: /home/inagy/husarion_ws/install/husarion_ugv_manager/lib/libshutdown_hosts_from_file_bt_node.so
[183.544s] -- Symlinking: /home/inagy/husarion_ws/install/husarion_ugv_manager/lib/libcheck_bool_msg_bt_node.so
[183.553s] -- Symlinking: /home/inagy/husarion_ws/install/husarion_ugv_manager/lib/libcheck_joy_msg_bt_node.so
[183.561s] -- Symlinking: /home/inagy/husarion_ws/install/husarion_ugv_manager/lib/libtick_after_timeout_bt_node.so
[183.575s] -- Symlinking: /home/inagy/husarion_ws/install/husarion_ugv_manager/lib/libexecute_command_bt_node.so
[183.588s] -- Symlinking: /home/inagy/husarion_ws/install/husarion_ugv_manager/lib/husarion_ugv_manager/safety_manager_node
[183.603s] -- Symlinking: /home/inagy/husarion_ws/install/husarion_ugv_manager/lib/husarion_ugv_manager/lights_manager_node
[183.614s] -- Symlinking: /home/inagy/husarion_ws/install/husarion_ugv_manager/share/husarion_ugv_manager/behavior_trees/LightsBT.btproj
[183.625s] -- Symlinking: /home/inagy/husarion_ws/install/husarion_ugv_manager/share/husarion_ugv_manager/behavior_trees/SafetyBT.btproj
[183.639s] -- Symlinking: /home/inagy/husarion_ws/install/husarion_ugv_manager/share/husarion_ugv_manager/behavior_trees/lights.xml
[183.648s] -- Symlinking: /home/inagy/husarion_ws/install/husarion_ugv_manager/share/husarion_ugv_manager/behavior_trees/safety.xml
[183.657s] -- Symlinking: /home/inagy/husarion_ws/install/husarion_ugv_manager/share/husarion_ugv_manager/behavior_trees/shutdown.xml
[183.671s] -- Symlinking: /home/inagy/husarion_ws/install/husarion_ugv_manager/share/husarion_ugv_manager/config/lights_manager.yaml
[183.681s] -- Symlinking: /home/inagy/husarion_ws/install/husarion_ugv_manager/share/husarion_ugv_manager/config/safety_manager.yaml
[183.692s] -- Symlinking: /home/inagy/husarion_ws/install/husarion_ugv_manager/share/husarion_ugv_manager/config/shutdown_hosts.yaml
[183.703s] -- Symlinking: /home/inagy/husarion_ws/install/husarion_ugv_manager/share/husarion_ugv_manager/launch/manager.launch.py
[183.713s] -- Symlinking: /home/inagy/husarion_ws/install/husarion_ugv_manager/include/husarion_ugv_manager/husarion_ugv_manager/behavior_tree_manager.hpp
[183.722s] -- Symlinking: /home/inagy/husarion_ws/install/husarion_ugv_manager/include/husarion_ugv_manager/husarion_ugv_manager/behavior_tree_utils.hpp
[183.731s] -- Symlinking: /home/inagy/husarion_ws/install/husarion_ugv_manager/include/husarion_ugv_manager/husarion_ugv_manager/lights_manager_node.hpp
[183.743s] -- Symlinking: /home/inagy/husarion_ws/install/husarion_ugv_manager/include/husarion_ugv_manager/husarion_ugv_manager/plugins/action/call_set_bool_service_node.hpp
[183.752s] -- Symlinking: /home/inagy/husarion_ws/install/husarion_ugv_manager/include/husarion_ugv_manager/husarion_ugv_manager/plugins/action/call_set_led_animation_service_node.hpp
[183.760s] -- Symlinking: /home/inagy/husarion_ws/install/husarion_ugv_manager/include/husarion_ugv_manager/husarion_ugv_manager/plugins/action/call_trigger_service_node.hpp
[183.771s] -- Symlinking: /home/inagy/husarion_ws/install/husarion_ugv_manager/include/husarion_ugv_manager/husarion_ugv_manager/plugins/action/execute_command_node.hpp
[183.781s] -- Symlinking: /home/inagy/husarion_ws/install/husarion_ugv_manager/include/husarion_ugv_manager/husarion_ugv_manager/plugins/action/shutdown_hosts_from_file_node.hpp
[183.790s] -- Symlinking: /home/inagy/husarion_ws/install/husarion_ugv_manager/include/husarion_ugv_manager/husarion_ugv_manager/plugins/action/signal_shutdown_node.hpp
[183.804s] -- Symlinking: /home/inagy/husarion_ws/install/husarion_ugv_manager/include/husarion_ugv_manager/husarion_ugv_manager/plugins/command_handler.hpp
[183.812s] -- Symlinking: /home/inagy/husarion_ws/install/husarion_ugv_manager/include/husarion_ugv_manager/husarion_ugv_manager/plugins/condition/check_bool_msg.hpp
[183.819s] -- Symlinking: /home/inagy/husarion_ws/install/husarion_ugv_manager/include/husarion_ugv_manager/husarion_ugv_manager/plugins/condition/check_joy_msg.hpp
[183.829s] -- Symlinking: /home/inagy/husarion_ws/install/husarion_ugv_manager/include/husarion_ugv_manager/husarion_ugv_manager/plugins/decorator/tick_after_timeout_node.hpp
[183.845s] -- Symlinking: /home/inagy/husarion_ws/install/husarion_ugv_manager/include/husarion_ugv_manager/husarion_ugv_manager/plugins/shutdown_host.hpp
[183.856s] -- Symlinking: /home/inagy/husarion_ws/install/husarion_ugv_manager/include/husarion_ugv_manager/husarion_ugv_manager/plugins/shutdown_hosts_node.hpp
[183.864s] -- Symlinking: /home/inagy/husarion_ws/install/husarion_ugv_manager/include/husarion_ugv_manager/husarion_ugv_manager/safety_manager_node.hpp
[183.873s] -- Symlinking: /home/inagy/husarion_ws/install/husarion_ugv_manager/include/husarion_ugv_manager/husarion_ugv_manager/test/utils/behavior_tree_test_utils.hpp
[183.881s] -- Symlinking: /home/inagy/husarion_ws/install/husarion_ugv_manager/include/husarion_ugv_manager/husarion_ugv_manager/test/utils/plugin_test_utils.hpp
[183.897s] -- Symlinking: /home/inagy/husarion_ws/install/husarion_ugv_manager/share/ament_index/resource_index/package_run_dependencies/husarion_ugv_manager
[183.911s] -- Symlinking: /home/inagy/husarion_ws/install/husarion_ugv_manager/share/ament_index/resource_index/parent_prefix_path/husarion_ugv_manager
[183.919s] -- Symlinking: /home/inagy/husarion_ws/install/husarion_ugv_manager/share/husarion_ugv_manager/environment/ament_prefix_path.sh
[183.929s] -- Symlinking: /home/inagy/husarion_ws/install/husarion_ugv_manager/share/husarion_ugv_manager/environment/ament_prefix_path.dsv
[183.940s] -- Symlinking: /home/inagy/husarion_ws/install/husarion_ugv_manager/share/husarion_ugv_manager/environment/path.sh
[183.947s] -- Symlinking: /home/inagy/husarion_ws/install/husarion_ugv_manager/share/husarion_ugv_manager/environment/path.dsv
[183.957s] -- Symlinking: /home/inagy/husarion_ws/install/husarion_ugv_manager/share/husarion_ugv_manager/local_setup.bash
[183.967s] -- Symlinking: /home/inagy/husarion_ws/install/husarion_ugv_manager/share/husarion_ugv_manager/local_setup.sh
[183.976s] -- Symlinking: /home/inagy/husarion_ws/install/husarion_ugv_manager/share/husarion_ugv_manager/local_setup.zsh
[183.989s] -- Symlinking: /home/inagy/husarion_ws/install/husarion_ugv_manager/share/husarion_ugv_manager/local_setup.dsv
[183.999s] -- Symlinking: /home/inagy/husarion_ws/install/husarion_ugv_manager/share/husarion_ugv_manager/package.dsv
[184.009s] -- Symlinking: /home/inagy/husarion_ws/install/husarion_ugv_manager/share/ament_index/resource_index/packages/husarion_ugv_manager
[184.017s] -- Symlinking: /home/inagy/husarion_ws/install/husarion_ugv_manager/share/husarion_ugv_manager/cmake/ament_cmake_export_dependencies-extras.cmake
[184.025s] -- Symlinking: /home/inagy/husarion_ws/install/husarion_ugv_manager/share/husarion_ugv_manager/cmake/ament_cmake_export_include_directories-extras.cmake
[184.033s] -- Symlinking: /home/inagy/husarion_ws/install/husarion_ugv_manager/share/husarion_ugv_manager/cmake/husarion_ugv_managerConfig.cmake
[184.040s] -- Symlinking: /home/inagy/husarion_ws/install/husarion_ugv_manager/share/husarion_ugv_manager/cmake/husarion_ugv_managerConfig-version.cmake
[184.051s] -- Symlinking: /home/inagy/husarion_ws/install/husarion_ugv_manager/share/husarion_ugv_manager/package.xml
[184.062s] Invoked command in '/home/inagy/husarion_ws/build/husarion_ugv_manager' returned '0': AMENT_PREFIX_PATH=/home/inagy/husarion_ws/install/behaviortree_ros2:/home/inagy/husarion_ws/install/husarion_ugv_utils:/home/inagy/husarion_ws/install/husarion_ugv_msgs:/home/inagy/husarion_ws/install/btcpp_ros2_interfaces:${AMENT_PREFIX_PATH} CMAKE_PREFIX_PATH=/home/inagy/husarion_ws/install/behaviortree_ros2:/home/inagy/husarion_ws/install/husarion_ugv_utils:/home/inagy/husarion_ws/install/husarion_ugv_msgs:/home/inagy/husarion_ws/install/btcpp_ros2_interfaces:/home/inagy/turtlebot3_ws/install/turtlebot3:/home/inagy/turtlebot3_ws/install/turtlebot3_simulations:/home/inagy/turtlebot3_ws/install/turtlebot3_bringup:/home/inagy/turtlebot3_ws/install/turtlebot3_node:/home/inagy/turtlebot3_ws/install/turtlebot3_navigation2:/home/inagy/turtlebot3_ws/install/turtlebot3_fake_node:/home/inagy/turtlebot3_ws/install/turtlebot3_msgs:/home/inagy/turtlebot3_ws/install/turtlebot3_gazebo:/home/inagy/turtlebot3_ws/install/turtlebot3_description:/home/inagy/turtlebot3_ws/install/turtlebot3_cartographer:/home/inagy/turtlebot3_ws/install/dynamixel_sdk_examples:/home/inagy/turtlebot3_ws/install/dynamixel_sdk_custom_interfaces:/home/inagy/turtlebot3_ws/install/dynamixel_sdk:/opt/ros/jazzy/opt/gz_sim_vendor:/opt/ros/jazzy/opt/gz_sensors_vendor:/opt/ros/jazzy/opt/gz_physics_vendor:/opt/ros/jazzy/opt/sdformat_vendor:/opt/ros/jazzy/opt/gz_gui_vendor:/opt/ros/jazzy/opt/gz_transport_vendor:/opt/ros/jazzy/opt/gz_rendering_vendor:/opt/ros/jazzy/opt/gz_plugin_vendor:/opt/ros/jazzy/opt/gz_fuel_tools_vendor:/opt/ros/jazzy/opt/gz_msgs_vendor:/opt/ros/jazzy/opt/gz_common_vendor:/opt/ros/jazzy/opt/gz_math_vendor:/opt/ros/jazzy/opt/gz_utils_vendor:/opt/ros/jazzy/opt/gz_tools_vendor:/opt/ros/jazzy/opt/gz_ogre_next_vendor:/opt/ros/jazzy/opt/gz_dartsim_vendor:/opt/ros/jazzy/opt/gz_cmake_vendor:/home/inagy/turtlebot3_ws/install/turtlebot3_teleop:/home/inagy/turtlebot3_ws/install/turtlebot3_example:/opt/ros/jazzy DEBUGINFOD_URLS=https://debuginfod.ubuntu.com LD_LIBRARY_PATH=/home/inagy/husarion_ws/install/behaviortree_ros2/lib:/home/inagy/husarion_ws/install/husarion_ugv_msgs/lib:/home/inagy/husarion_ws/install/btcpp_ros2_interfaces/lib:${LD_LIBRARY_PATH} PYTHONPATH=/home/inagy/husarion_ws/install/husarion_ugv_utils/lib/python3.12/site-packages:/home/inagy/husarion_ws/install/husarion_ugv_msgs/lib/python3.12/site-packages:/home/inagy/husarion_ws/install/btcpp_ros2_interfaces/lib/python3.12/site-packages:${PYTHONPATH} /usr/bin/cmake --install /home/inagy/husarion_ws/build/husarion_ugv_manager
