[0.047s] Invoking command in '/home/inagy/husarion_ws/build/husarion_ugv_gazebo': AMENT_PREFIX_PATH=/home/inagy/husarion_ws/install/husarion_ugv_manager:/home/inagy/husarion_ws/install/husarion_ugv_controller:/home/inagy/husarion_ws/install/husarion_ugv_localization:/home/inagy/husarion_ws/install/husarion_ugv_lights:/home/inagy/husarion_ws/install/husarion_ugv_description:/home/inagy/husarion_ws/install/behaviortree_ros2:/home/inagy/husarion_ws/install/mecanum_drive_controller:/home/inagy/husarion_ws/install/husarion_ugv_utils:/home/inagy/husarion_ws/install/husarion_ugv_msgs:/home/inagy/husarion_ws/install/husarion_gz_worlds:/home/inagy/husarion_ws/install/husarion_components_description:/home/inagy/husarion_ws/install/btcpp_ros2_interfaces:${AMENT_PREFIX_PATH} CMAKE_PREFIX_PATH=/home/inagy/husarion_ws/install/husarion_ugv_manager:/home/inagy/husarion_ws/install/husarion_ugv_controller:/home/inagy/husarion_ws/install/husarion_ugv_localization:/home/inagy/husarion_ws/install/husarion_ugv_lights:/home/inagy/husarion_ws/install/husarion_ugv_description:/home/inagy/husarion_ws/install/behaviortree_ros2:/home/inagy/husarion_ws/install/mecanum_drive_controller:/home/inagy/husarion_ws/install/husarion_ugv_utils:/home/inagy/husarion_ws/install/husarion_ugv_msgs:/home/inagy/husarion_ws/install/husarion_gz_worlds:/home/inagy/husarion_ws/install/husarion_components_description:/home/inagy/husarion_ws/install/btcpp_ros2_interfaces:/home/inagy/turtlebot3_ws/install/turtlebot3:/home/inagy/turtlebot3_ws/install/turtlebot3_simulations:/home/inagy/turtlebot3_ws/install/turtlebot3_bringup:/home/inagy/turtlebot3_ws/install/turtlebot3_node:/home/inagy/turtlebot3_ws/install/turtlebot3_navigation2:/home/inagy/turtlebot3_ws/install/turtlebot3_fake_node:/home/inagy/turtlebot3_ws/install/turtlebot3_msgs:/home/inagy/turtlebot3_ws/install/turtlebot3_gazebo:/home/inagy/turtlebot3_ws/install/turtlebot3_description:/home/inagy/turtlebot3_ws/install/turtlebot3_cartographer:/home/inagy/turtlebot3_ws/install/dynamixel_sdk_examples:/home/inagy/turtlebot3_ws/install/dynamixel_sdk_custom_interfaces:/home/inagy/turtlebot3_ws/install/dynamixel_sdk:/opt/ros/jazzy/opt/gz_sim_vendor:/opt/ros/jazzy/opt/gz_sensors_vendor:/opt/ros/jazzy/opt/gz_physics_vendor:/opt/ros/jazzy/opt/sdformat_vendor:/opt/ros/jazzy/opt/gz_gui_vendor:/opt/ros/jazzy/opt/gz_transport_vendor:/opt/ros/jazzy/opt/gz_rendering_vendor:/opt/ros/jazzy/opt/gz_plugin_vendor:/opt/ros/jazzy/opt/gz_fuel_tools_vendor:/opt/ros/jazzy/opt/gz_msgs_vendor:/opt/ros/jazzy/opt/gz_common_vendor:/opt/ros/jazzy/opt/gz_math_vendor:/opt/ros/jazzy/opt/gz_utils_vendor:/opt/ros/jazzy/opt/gz_tools_vendor:/opt/ros/jazzy/opt/gz_ogre_next_vendor:/opt/ros/jazzy/opt/gz_dartsim_vendor:/opt/ros/jazzy/opt/gz_cmake_vendor:/home/inagy/turtlebot3_ws/install/turtlebot3_teleop:/home/inagy/turtlebot3_ws/install/turtlebot3_example:/opt/ros/jazzy DEBUGINFOD_URLS=https://debuginfod.ubuntu.com GAZEBO_MODEL_PATH=/home/inagy/husarion_ws/install/husarion_ugv_description/share:/home/inagy/husarion_ws/install/husarion_gz_worlds/share/husarion_gz_worlds/models:/home/inagy/husarion_ws/install/husarion_components_description/share:${GAZEBO_MODEL_PATH} GZ_SIM_RESOURCE_PATH=/home/inagy/husarion_ws/install/husarion_ugv_description/share:/home/inagy/husarion_ws/install/husarion_gz_worlds/share/husarion_gz_worlds/models:/home/inagy/husarion_ws/install/husarion_components_description/share:${GZ_SIM_RESOURCE_PATH} IGN_GAZEBO_RESOURCE_PATH=/home/inagy/husarion_ws/install/husarion_ugv_description/share:/home/inagy/husarion_ws/install/husarion_gz_worlds/share/husarion_gz_worlds/models:/home/inagy/husarion_ws/install/husarion_components_description/share:${IGN_GAZEBO_RESOURCE_PATH} LD_LIBRARY_PATH=/home/inagy/husarion_ws/install/husarion_ugv_manager/lib:/home/inagy/husarion_ws/install/husarion_ugv_lights/lib:/home/inagy/husarion_ws/install/behaviortree_ros2/lib:/home/inagy/husarion_ws/install/mecanum_drive_controller/lib:/home/inagy/husarion_ws/install/husarion_ugv_msgs/lib:/home/inagy/husarion_ws/install/btcpp_ros2_interfaces/lib:${LD_LIBRARY_PATH} PYTHONPATH=/home/inagy/husarion_ws/install/husarion_ugv_utils/lib/python3.12/site-packages:/home/inagy/husarion_ws/install/husarion_ugv_msgs/lib/python3.12/site-packages:/home/inagy/husarion_ws/install/btcpp_ros2_interfaces/lib/python3.12/site-packages:${PYTHONPATH} /usr/bin/cmake /home/inagy/husarion_ws/src/husarion_ugv_ros/husarion_ugv_gazebo -DCMAKE_BUILD_TYPE=Release -DBUILD_TESTING=OFF -DAMENT_CMAKE_SYMLINK_INSTALL=1 -DCMAKE_INSTALL_PREFIX=/home/inagy/husarion_ws/install/husarion_ugv_gazebo
[0.158s] -- The C compiler identification is GNU 13.3.0
[0.238s] -- The CXX compiler identification is GNU 13.3.0
[0.259s] -- Detecting C compiler ABI info
[0.370s] -- Detecting C compiler ABI info - done
[0.380s] -- Check for working C compiler: /usr/bin/cc - skipped
[0.381s] -- Detecting C compile features
[0.382s] -- Detecting C compile features - done
[0.394s] -- Detecting CXX compiler ABI info
[0.518s] -- Detecting CXX compiler ABI info - done
[0.533s] -- Check for working CXX compiler: /usr/bin/c++ - skipped
[0.533s] -- Detecting CXX compile features
[0.533s] -- Detecting CXX compile features - done
[0.549s] -- Found ament_cmake: 2.5.4 (/opt/ros/jazzy/share/ament_cmake/cmake)
[0.796s] -- Found Python3: /usr/bin/python3 (found version "3.12.3") found components: Interpreter 
[0.947s] -- Override CMake install command with custom implementation using symlinks instead of copying resources
[1.083s] -- Found hardware_interface: 4.38.0 (/opt/ros/jazzy/share/hardware_interface/cmake)
[1.208s] -- Found rosidl_generator_c: 4.6.6 (/opt/ros/jazzy/share/rosidl_generator_c/cmake)
[1.240s] -- Found rosidl_generator_cpp: 4.6.6 (/opt/ros/jazzy/share/rosidl_generator_cpp/cmake)
[1.284s] -- Using all available rosidl_typesupport_c: rosidl_typesupport_fastrtps_c;rosidl_typesupport_introspection_c
[1.327s] -- Using all available rosidl_typesupport_cpp: rosidl_typesupport_fastrtps_cpp;rosidl_typesupport_introspection_cpp
[1.693s] -- Found TinyXML2 via Config file: /usr/lib/aarch64-linux-gnu/cmake/tinyxml2
[1.806s] -- Found rmw_implementation_cmake: 7.3.2 (/opt/ros/jazzy/share/rmw_implementation_cmake/cmake)
[1.817s] -- Found rmw_fastrtps_cpp: 8.4.3 (/opt/ros/jazzy/share/rmw_fastrtps_cpp/cmake)
[1.889s] -- Found TinyXML2 via Config file: /usr/lib/aarch64-linux-gnu/cmake/tinyxml2
[1.997s] -- Found OpenSSL: /usr/lib/aarch64-linux-gnu/libcrypto.so (found version "3.0.13")  
[1.998s] -- Found TinyXML2 via Config file: /usr/lib/aarch64-linux-gnu/cmake/tinyxml2
[2.048s] -- Found FastRTPS: /opt/ros/jazzy/include (Required is at least version "2.13") 
[2.060s] -- Found TinyXML2 via Config file: /usr/lib/aarch64-linux-gnu/cmake/tinyxml2
[2.083s] -- Found TinyXML2 via Config file: /usr/lib/aarch64-linux-gnu/cmake/tinyxml2
[2.130s] -- Using RMW implementation 'rmw_fastrtps_cpp' as default
[3.025s] -- Looking for gz-sim8 -- found version 8.9.0
[3.046s] -- Searching for dependencies of gz-sim8
[3.050s] -- Looking for sdformat14 -- found version 14.8.0
[3.051s] -- Searching for dependencies of sdformat14
[3.073s] -- Checking for module 'tinyxml2'
[3.098s] --   Found tinyxml2, version 10.0.0
[3.168s] -- Looking for gz-math7 -- found version 7.5.2
[3.168s] -- Searching for dependencies of gz-math7
[3.171s] -- Looking for gz-utils2 -- found version 2.2.1
[3.171s] -- Searching for dependencies of gz-utils2
[3.175s] -- Looking for gz-utils2 -- found version 2.2.1
[3.175s] -- Searching for dependencies of gz-utils2
[3.176s] -- Searching for <gz-utils2> component [cli]
[3.177s] -- Looking for gz-utils2-cli -- found version 2.2.1
[3.178s] -- Searching for dependencies of gz-utils2-cli
[3.186s] -- Looking for gz-plugin2 -- found version 2.0.4
[3.186s] -- Searching for dependencies of gz-plugin2
[3.186s] -- Looking for gz-utils2 -- found version 2.2.1
[3.186s] -- Searching for <gz-plugin2> component [loader]
[3.190s] -- Looking for gz-plugin2-loader -- found version 2.0.4
[3.190s] -- Searching for dependencies of gz-plugin2-loader
[3.191s] -- Searching for <gz-plugin2> component [register]
[3.210s] -- Looking for gz-plugin2-register -- found version 2.0.4
[3.210s] -- Searching for dependencies of gz-plugin2-register
[3.211s] -- Looking for gz-transport13 -- found version 13.4.1
[3.211s] -- Searching for dependencies of gz-transport13
[3.254s] -- Found Protobuf: /usr/lib/aarch64-linux-gnu/libprotobuf.so (found version "3.21.12") 
[3.275s] -- Config-file not installed for ZeroMQ -- checking for pkg-config
[3.285s] -- Checking for module 'libzmq >= 4'
[3.321s] --   Found libzmq, version 4.3.5
[3.397s] -- Found ZeroMQ: TRUE (Required is at least version "4") 
[3.411s] -- Checking for module 'uuid'
[3.418s] --   Found uuid, version 2.39.3
[3.477s] -- Found UUID: TRUE  
[3.477s] -- Looking for gz-utils2 -- found version 2.2.1
[3.485s] -- Looking for gz-msgs10 -- found version 10.3.2
[3.487s] -- Searching for dependencies of gz-msgs10
[3.549s] -- Looking for gz-utils2 -- found version 2.2.1
[3.551s] -- Looking for gz-math7 -- found version 7.5.2
[3.572s] -- Searching for <gz-transport13> component [log]
[3.575s] -- Looking for gz-transport13-log -- found version 13.4.1
[3.579s] -- Searching for dependencies of gz-transport13-log
[3.580s] -- Searching for <gz-transport13> component [parameters]
[3.580s] -- Looking for gz-transport13-parameters -- found version 13.4.1
[3.580s] -- Searching for dependencies of gz-transport13-parameters
[3.581s] -- Looking for gz-msgs10 -- found version 10.3.2
[3.586s] -- Looking for gz-common5 -- found version 5.7.1
[3.587s] -- Searching for dependencies of gz-common5
[3.587s] -- Looking for gz-utils2 -- found version 2.2.1
[3.589s] -- Looking for dlfcn.h - found
[3.589s] -- Looking for libdl - found
[3.591s] -- Found DL: TRUE  
[3.603s] -- Searching for <gz-common5> component [av]
[3.612s] -- Looking for gz-common5-av -- found version 5.7.1
[3.612s] -- Searching for dependencies of gz-common5-av
[3.628s] -- Checking for module 'libswscale'
[3.649s] --   Found libswscale, version 7.5.100
[3.700s] -- Found SWSCALE: TRUE  
[3.710s] -- Checking for module 'libavdevice >= 56.4.100'
[3.769s] --   Found libavdevice, version 60.3.100
[3.879s] -- Found AVDEVICE: TRUE (Required is at least version "56.4.100") 
[3.893s] -- Checking for module 'libavformat'
[3.934s] --   Found libavformat, version 60.16.100
[4.007s] -- Found AVFORMAT: TRUE  
[4.022s] -- Checking for module 'libavcodec'
[4.040s] --   Found libavcodec, version 60.31.102
[4.097s] -- Found AVCODEC: TRUE  
[4.106s] -- Checking for module 'libavutil'
[4.125s] --   Found libavutil, version 58.29.100
[4.166s] -- Found AVUTIL: TRUE  
[4.171s] -- Searching for <gz-common5> component [events]
[4.172s] -- Looking for gz-common5-events -- found version 5.7.1
[4.172s] -- Searching for dependencies of gz-common5-events
[4.172s] -- Looking for gz-math7 -- found version 7.5.2
[4.172s] -- Searching for <gz-common5> component [graphics]
[4.177s] -- Looking for gz-common5-graphics -- found version 5.7.1
[4.180s] -- Searching for dependencies of gz-common5-graphics
[4.180s] -- Looking for gz-math7 -- found version 7.5.2
[4.203s] -- Found GzAssimp: TRUE (found version "5.3.0") 
[4.204s] -- Searching for <gz-common5> component [io]
[4.210s] -- Looking for gz-common5-io -- found version 5.7.1
[4.210s] -- Searching for dependencies of gz-common5-io
[4.211s] -- Searching for <gz-common5> component [profiler]
[4.215s] -- Looking for gz-common5-profiler -- found version 5.7.1
[4.215s] -- Searching for dependencies of gz-common5-profiler
[4.220s] -- Looking for gz-fuel_tools9 -- found version 9.1.1
[4.220s] -- Searching for dependencies of gz-fuel_tools9
[4.349s] -- Found CURL: /usr/lib/aarch64-linux-gnu/libcurl.so (found version "8.5.0")  
[4.366s] -- Checking for module 'jsoncpp'
[4.388s] --   Found jsoncpp, version 1.9.5
[4.451s] -- Found JSONCPP: TRUE  
[4.476s] -- Checking for module 'yaml-0.1'
[4.488s] --   Found yaml-0.1, version 0.2.5
[4.528s] -- Found YAML: TRUE  
[4.537s] -- Checking for module 'libzip'
[4.558s] --   Found libzip, version 1.7.3
[4.616s] -- Found ZIP: TRUE  
[4.617s] -- Looking for gz-utils2 -- found version 2.2.1
[4.619s] -- Looking for gz-common5 -- found version 5.7.1
[4.621s] -- Searching for dependencies of gz-common5
[4.623s] -- Looking for gz-utils2 -- found version 2.2.1
[4.623s] -- Looking for dlfcn.h - found
[4.625s] -- Looking for libdl - found
[4.635s] -- Searching for <gz-common5> component [testing]
[4.644s] -- Looking for gz-common5-testing -- found version 5.7.1
[4.644s] -- Searching for dependencies of gz-common5-testing
[4.646s] -- Looking for gz-math7 -- found version 7.5.2
[4.647s] -- Looking for gz-msgs10 -- found version 10.3.2
[4.652s] -- Looking for gz-gui8 -- found version 8.4.0
[4.654s] -- Searching for dependencies of gz-gui8
[4.714s] -- Looking for gz-utils2 -- found version 2.2.1
[4.714s] -- Looking for gz-math7 -- found version 7.5.2
[4.715s] -- Looking for gz-common5 -- found version 5.7.1
[4.715s] -- Looking for gz-plugin2 -- found version 2.0.4
[4.716s] -- Looking for gz-transport13 -- found version 13.4.1
[4.721s] -- Looking for gz-rendering8 -- found version 8.2.2
[4.721s] -- Searching for dependencies of gz-rendering8
[4.722s] -- Looking for gz-math7 -- found version 7.5.2
[4.722s] -- Searching for dependencies of gz-math7
[4.722s] -- Looking for gz-utils2 -- found version 2.2.1
[4.724s] -- Searching for <gz-math7> component [eigen3]
[4.731s] -- Looking for gz-math7-eigen3 -- found version 7.5.2
[4.731s] -- Searching for dependencies of gz-math7-eigen3
[4.753s] -- Looking for gz-common5 -- found version 5.7.1
[4.753s] -- Searching for dependencies of gz-common5
[4.754s] -- Looking for gz-utils2 -- found version 2.2.1
[4.754s] -- Looking for dlfcn.h - found
[4.754s] -- Looking for libdl - found
[4.766s] -- Searching for <gz-common5> component [graphics]
[4.766s] -- Searching for <gz-common5> component [events]
[4.766s] -- Searching for <gz-common5> component [geospatial]
[4.772s] -- Looking for gz-common5-geospatial -- found version 5.7.1
[4.772s] -- Searching for dependencies of gz-common5-geospatial
[4.773s] -- Looking for gz-math7 -- found version 7.5.2
[4.773s] -- Looking for gz-common5 -- found version 5.7.1
[4.774s] -- Looking for gz-plugin2 -- found version 2.0.4
[4.774s] -- Searching for dependencies of gz-plugin2
[4.775s] -- Looking for gz-utils2 -- found version 2.2.1
[4.776s] -- Searching for <gz-plugin2> component [all]
[4.782s] -- Looking for all libraries of gz-plugin2 -- found version 2.0.4
[4.782s] -- Looking for gz-plugin2 -- found version 2.0.4
[4.783s] -- Looking for gz-utils2 -- found version 2.2.1
[4.823s] -- Found OpenGL: /usr/lib/aarch64-linux-gnu/libOpenGL.so  found components: OpenGL 
[4.827s] -- Looking for gz-msgs10 -- found version 10.3.2
[4.917s] -- Looking for gz-physics7 -- found version 7.5.0
[4.917s] -- Searching for dependencies of gz-physics7
[4.917s] -- Looking for gz-common5 -- found version 5.7.1
[4.917s] -- Looking for gz-math7 -- found version 7.5.2
[4.917s] -- Looking for gz-plugin2 -- found version 2.0.4
[4.918s] -- Looking for gz-utils2 -- found version 2.2.1
[4.921s] -- Searching for <gz-physics7> component [heightmap]
[4.924s] -- Looking for gz-physics7-heightmap -- found version 7.5.0
[4.924s] -- Searching for dependencies of gz-physics7-heightmap
[4.929s] -- Looking for gz-common5 -- found version 5.7.1
[4.930s] -- Searching for <gz-physics7> component [mesh]
[4.932s] -- Looking for gz-physics7-mesh -- found version 7.5.0
[4.933s] -- Searching for dependencies of gz-physics7-mesh
[4.934s] -- Looking for gz-common5 -- found version 5.7.1
[4.935s] -- Searching for <gz-physics7> component [sdf]
[4.938s] -- Looking for gz-physics7-sdf -- found version 7.5.0
[4.939s] -- Searching for dependencies of gz-physics7-sdf
[4.940s] -- Looking for sdformat14 -- found version 14.8.0
[4.949s] -- Looking for gz-sensors8 -- found version 8.2.2
[4.949s] -- Searching for dependencies of gz-sensors8
[5.014s] -- Looking for gz-math7 -- found version 7.5.2
[5.017s] -- Looking for gz-common5 -- found version 5.7.1
[5.018s] -- Looking for gz-transport13 -- found version 13.4.1
[5.019s] -- Looking for gz-rendering8 -- found version 8.2.2
[5.020s] -- Looking for gz-msgs10 -- found version 10.3.2
[5.027s] -- Looking for sdformat14 -- found version 14.8.0
[5.028s] -- Searching for <gz-sensors8> component [air_pressure]
[5.032s] -- Looking for gz-sensors8-air_pressure -- found version 8.2.2
[5.032s] -- Searching for dependencies of gz-sensors8-air_pressure
[5.035s] -- Searching for <gz-sensors8> component [air_speed]
[5.036s] -- Looking for gz-sensors8-air_speed -- found version 8.2.2
[5.037s] -- Searching for dependencies of gz-sensors8-air_speed
[5.037s] -- Searching for <gz-sensors8> component [altimeter]
[5.041s] -- Looking for gz-sensors8-altimeter -- found version 8.2.2
[5.041s] -- Searching for dependencies of gz-sensors8-altimeter
[5.042s] -- Searching for <gz-sensors8> component [imu]
[5.045s] -- Looking for gz-sensors8-imu -- found version 8.2.2
[5.045s] -- Searching for dependencies of gz-sensors8-imu
[5.046s] -- Searching for <gz-sensors8> component [force_torque]
[5.048s] -- Looking for gz-sensors8-force_torque -- found version 8.2.2
[5.049s] -- Searching for dependencies of gz-sensors8-force_torque
[5.049s] -- Searching for <gz-sensors8> component [logical_camera]
[5.052s] -- Looking for gz-sensors8-logical_camera -- found version 8.2.2
[5.052s] -- Searching for dependencies of gz-sensors8-logical_camera
[5.053s] -- Searching for <gz-sensors8> component [magnetometer]
[5.056s] -- Looking for gz-sensors8-magnetometer -- found version 8.2.2
[5.056s] -- Searching for dependencies of gz-sensors8-magnetometer
[5.057s] -- Searching for <gz-sensors8> component [navsat]
[5.059s] -- Looking for gz-sensors8-navsat -- found version 8.2.2
[5.060s] -- Searching for dependencies of gz-sensors8-navsat
[5.060s] -- Searching for <gz-sensors8> component [dvl]
[5.063s] -- Looking for gz-sensors8-dvl -- found version 8.2.2
[5.063s] -- Searching for dependencies of gz-sensors8-dvl
[5.064s] -- Looking for gz-sensors8 -- found version 8.2.2
[5.064s] -- Searching for dependencies of gz-sensors8
[5.104s] -- Looking for gz-math7 -- found version 7.5.2
[5.104s] -- Looking for gz-common5 -- found version 5.7.1
[5.104s] -- Looking for gz-transport13 -- found version 13.4.1
[5.104s] -- Looking for gz-rendering8 -- found version 8.2.2
[5.106s] -- Looking for gz-msgs10 -- found version 10.3.2
[5.106s] -- Looking for sdformat14 -- found version 14.8.0
[5.106s] -- Searching for <gz-sensors8> component [rendering]
[5.108s] -- Looking for gz-sensors8-rendering -- found version 8.2.2
[5.108s] -- Searching for dependencies of gz-sensors8-rendering
[5.112s] -- Searching for <gz-sensors8> component [rendering]
[5.112s] -- Searching for <gz-sensors8> component [lidar]
[5.112s] -- Looking for gz-sensors8-lidar -- found version 8.2.2
[5.112s] -- Searching for dependencies of gz-sensors8-lidar
[5.113s] -- Looking for gz-sensors8 -- found version 8.2.2
[5.116s] -- Searching for <gz-sensors8> component [gpu_lidar]
[5.116s] -- Looking for gz-sensors8-gpu_lidar -- found version 8.2.2
[5.116s] -- Searching for dependencies of gz-sensors8-gpu_lidar
[5.116s] -- Looking for gz-sensors8 -- found version 8.2.2
[5.119s] -- Searching for <gz-sensors8> component [camera]
[5.121s] -- Looking for gz-sensors8-camera -- found version 8.2.2
[5.121s] -- Searching for dependencies of gz-sensors8-camera
[5.121s] -- Looking for gz-sensors8 -- found version 8.2.2
[5.124s] -- Searching for <gz-sensors8> component [boundingbox_camera]
[5.128s] -- Looking for gz-sensors8-boundingbox_camera -- found version 8.2.2
[5.128s] -- Searching for dependencies of gz-sensors8-boundingbox_camera
[5.128s] -- Searching for <gz-sensors8> component [segmentation_camera]
[5.132s] -- Looking for gz-sensors8-segmentation_camera -- found version 8.2.2
[5.132s] -- Searching for dependencies of gz-sensors8-segmentation_camera
[5.132s] -- Searching for <gz-sensors8> component [depth_camera]
[5.134s] -- Looking for gz-sensors8-depth_camera -- found version 8.2.2
[5.136s] -- Searching for dependencies of gz-sensors8-depth_camera
[5.136s] -- Looking for gz-sensors8 -- found version 8.2.2
[5.136s] -- Searching for <gz-sensors8> component [rgbd_camera]
[5.139s] -- Looking for gz-sensors8-rgbd_camera -- found version 8.2.2
[5.139s] -- Searching for dependencies of gz-sensors8-rgbd_camera
[5.143s] -- Looking for gz-sensors8 -- found version 8.2.2
[5.143s] -- Searching for <gz-sensors8> component [thermal_camera]
[5.146s] -- Looking for gz-sensors8-thermal_camera -- found version 8.2.2
[5.146s] -- Searching for dependencies of gz-sensors8-thermal_camera
[5.146s] -- Looking for gz-sensors8 -- found version 8.2.2
[5.147s] -- Searching for <gz-sensors8> component [wide_angle_camera]
[5.151s] -- Looking for gz-sensors8-wide_angle_camera -- found version 8.2.2
[5.151s] -- Searching for dependencies of gz-sensors8-wide_angle_camera
[5.152s] -- Looking for gz-rendering8 -- found version 8.2.2
[5.152s] -- Looking for gz-math7 -- found version 7.5.2
[5.153s] -- Looking for gz-utils2 -- found version 2.2.1
[5.186s] -- Looking for gz-msgs10 -- found version 10.3.2
[5.186s] -- Looking for gz-plugin2 -- found version 2.0.4
[5.186s] -- Looking for gz-transport13 -- found version 13.4.1
[5.192s] -- Found gz_ros2_control: 1.2.16 (/opt/ros/jazzy/share/gz_ros2_control/cmake)
[5.342s] -- Found std_srvs: 5.3.6 (/opt/ros/jazzy/share/std_srvs/cmake)
[5.502s] -- Configuring done (5.4s)
[5.607s] -- Generating done (0.1s)
[5.620s] -- Build files have been written to: /home/inagy/husarion_ws/build/husarion_ugv_gazebo
[5.644s] Invoked command in '/home/inagy/husarion_ws/build/husarion_ugv_gazebo' returned '0': AMENT_PREFIX_PATH=/home/inagy/husarion_ws/install/husarion_ugv_manager:/home/inagy/husarion_ws/install/husarion_ugv_controller:/home/inagy/husarion_ws/install/husarion_ugv_localization:/home/inagy/husarion_ws/install/husarion_ugv_lights:/home/inagy/husarion_ws/install/husarion_ugv_description:/home/inagy/husarion_ws/install/behaviortree_ros2:/home/inagy/husarion_ws/install/mecanum_drive_controller:/home/inagy/husarion_ws/install/husarion_ugv_utils:/home/inagy/husarion_ws/install/husarion_ugv_msgs:/home/inagy/husarion_ws/install/husarion_gz_worlds:/home/inagy/husarion_ws/install/husarion_components_description:/home/inagy/husarion_ws/install/btcpp_ros2_interfaces:${AMENT_PREFIX_PATH} CMAKE_PREFIX_PATH=/home/inagy/husarion_ws/install/husarion_ugv_manager:/home/inagy/husarion_ws/install/husarion_ugv_controller:/home/inagy/husarion_ws/install/husarion_ugv_localization:/home/inagy/husarion_ws/install/husarion_ugv_lights:/home/inagy/husarion_ws/install/husarion_ugv_description:/home/inagy/husarion_ws/install/behaviortree_ros2:/home/inagy/husarion_ws/install/mecanum_drive_controller:/home/inagy/husarion_ws/install/husarion_ugv_utils:/home/inagy/husarion_ws/install/husarion_ugv_msgs:/home/inagy/husarion_ws/install/husarion_gz_worlds:/home/inagy/husarion_ws/install/husarion_components_description:/home/inagy/husarion_ws/install/btcpp_ros2_interfaces:/home/inagy/turtlebot3_ws/install/turtlebot3:/home/inagy/turtlebot3_ws/install/turtlebot3_simulations:/home/inagy/turtlebot3_ws/install/turtlebot3_bringup:/home/inagy/turtlebot3_ws/install/turtlebot3_node:/home/inagy/turtlebot3_ws/install/turtlebot3_navigation2:/home/inagy/turtlebot3_ws/install/turtlebot3_fake_node:/home/inagy/turtlebot3_ws/install/turtlebot3_msgs:/home/inagy/turtlebot3_ws/install/turtlebot3_gazebo:/home/inagy/turtlebot3_ws/install/turtlebot3_description:/home/inagy/turtlebot3_ws/install/turtlebot3_cartographer:/home/inagy/turtlebot3_ws/install/dynamixel_sdk_examples:/home/inagy/turtlebot3_ws/install/dynamixel_sdk_custom_interfaces:/home/inagy/turtlebot3_ws/install/dynamixel_sdk:/opt/ros/jazzy/opt/gz_sim_vendor:/opt/ros/jazzy/opt/gz_sensors_vendor:/opt/ros/jazzy/opt/gz_physics_vendor:/opt/ros/jazzy/opt/sdformat_vendor:/opt/ros/jazzy/opt/gz_gui_vendor:/opt/ros/jazzy/opt/gz_transport_vendor:/opt/ros/jazzy/opt/gz_rendering_vendor:/opt/ros/jazzy/opt/gz_plugin_vendor:/opt/ros/jazzy/opt/gz_fuel_tools_vendor:/opt/ros/jazzy/opt/gz_msgs_vendor:/opt/ros/jazzy/opt/gz_common_vendor:/opt/ros/jazzy/opt/gz_math_vendor:/opt/ros/jazzy/opt/gz_utils_vendor:/opt/ros/jazzy/opt/gz_tools_vendor:/opt/ros/jazzy/opt/gz_ogre_next_vendor:/opt/ros/jazzy/opt/gz_dartsim_vendor:/opt/ros/jazzy/opt/gz_cmake_vendor:/home/inagy/turtlebot3_ws/install/turtlebot3_teleop:/home/inagy/turtlebot3_ws/install/turtlebot3_example:/opt/ros/jazzy DEBUGINFOD_URLS=https://debuginfod.ubuntu.com GAZEBO_MODEL_PATH=/home/inagy/husarion_ws/install/husarion_ugv_description/share:/home/inagy/husarion_ws/install/husarion_gz_worlds/share/husarion_gz_worlds/models:/home/inagy/husarion_ws/install/husarion_components_description/share:${GAZEBO_MODEL_PATH} GZ_SIM_RESOURCE_PATH=/home/inagy/husarion_ws/install/husarion_ugv_description/share:/home/inagy/husarion_ws/install/husarion_gz_worlds/share/husarion_gz_worlds/models:/home/inagy/husarion_ws/install/husarion_components_description/share:${GZ_SIM_RESOURCE_PATH} IGN_GAZEBO_RESOURCE_PATH=/home/inagy/husarion_ws/install/husarion_ugv_description/share:/home/inagy/husarion_ws/install/husarion_gz_worlds/share/husarion_gz_worlds/models:/home/inagy/husarion_ws/install/husarion_components_description/share:${IGN_GAZEBO_RESOURCE_PATH} LD_LIBRARY_PATH=/home/inagy/husarion_ws/install/husarion_ugv_manager/lib:/home/inagy/husarion_ws/install/husarion_ugv_lights/lib:/home/inagy/husarion_ws/install/behaviortree_ros2/lib:/home/inagy/husarion_ws/install/mecanum_drive_controller/lib:/home/inagy/husarion_ws/install/husarion_ugv_msgs/lib:/home/inagy/husarion_ws/install/btcpp_ros2_interfaces/lib:${LD_LIBRARY_PATH} PYTHONPATH=/home/inagy/husarion_ws/install/husarion_ugv_utils/lib/python3.12/site-packages:/home/inagy/husarion_ws/install/husarion_ugv_msgs/lib/python3.12/site-packages:/home/inagy/husarion_ws/install/btcpp_ros2_interfaces/lib/python3.12/site-packages:${PYTHONPATH} /usr/bin/cmake /home/inagy/husarion_ws/src/husarion_ugv_ros/husarion_ugv_gazebo -DCMAKE_BUILD_TYPE=Release -DBUILD_TESTING=OFF -DAMENT_CMAKE_SYMLINK_INSTALL=1 -DCMAKE_INSTALL_PREFIX=/home/inagy/husarion_ws/install/husarion_ugv_gazebo
[5.648s] Invoking command in '/home/inagy/husarion_ws/build/husarion_ugv_gazebo': AMENT_PREFIX_PATH=/home/inagy/husarion_ws/install/husarion_ugv_manager:/home/inagy/husarion_ws/install/husarion_ugv_controller:/home/inagy/husarion_ws/install/husarion_ugv_localization:/home/inagy/husarion_ws/install/husarion_ugv_lights:/home/inagy/husarion_ws/install/husarion_ugv_description:/home/inagy/husarion_ws/install/behaviortree_ros2:/home/inagy/husarion_ws/install/mecanum_drive_controller:/home/inagy/husarion_ws/install/husarion_ugv_utils:/home/inagy/husarion_ws/install/husarion_ugv_msgs:/home/inagy/husarion_ws/install/husarion_gz_worlds:/home/inagy/husarion_ws/install/husarion_components_description:/home/inagy/husarion_ws/install/btcpp_ros2_interfaces:${AMENT_PREFIX_PATH} CMAKE_PREFIX_PATH=/home/inagy/husarion_ws/install/husarion_ugv_manager:/home/inagy/husarion_ws/install/husarion_ugv_controller:/home/inagy/husarion_ws/install/husarion_ugv_localization:/home/inagy/husarion_ws/install/husarion_ugv_lights:/home/inagy/husarion_ws/install/husarion_ugv_description:/home/inagy/husarion_ws/install/behaviortree_ros2:/home/inagy/husarion_ws/install/mecanum_drive_controller:/home/inagy/husarion_ws/install/husarion_ugv_utils:/home/inagy/husarion_ws/install/husarion_ugv_msgs:/home/inagy/husarion_ws/install/husarion_gz_worlds:/home/inagy/husarion_ws/install/husarion_components_description:/home/inagy/husarion_ws/install/btcpp_ros2_interfaces:/home/inagy/turtlebot3_ws/install/turtlebot3:/home/inagy/turtlebot3_ws/install/turtlebot3_simulations:/home/inagy/turtlebot3_ws/install/turtlebot3_bringup:/home/inagy/turtlebot3_ws/install/turtlebot3_node:/home/inagy/turtlebot3_ws/install/turtlebot3_navigation2:/home/inagy/turtlebot3_ws/install/turtlebot3_fake_node:/home/inagy/turtlebot3_ws/install/turtlebot3_msgs:/home/inagy/turtlebot3_ws/install/turtlebot3_gazebo:/home/inagy/turtlebot3_ws/install/turtlebot3_description:/home/inagy/turtlebot3_ws/install/turtlebot3_cartographer:/home/inagy/turtlebot3_ws/install/dynamixel_sdk_examples:/home/inagy/turtlebot3_ws/install/dynamixel_sdk_custom_interfaces:/home/inagy/turtlebot3_ws/install/dynamixel_sdk:/opt/ros/jazzy/opt/gz_sim_vendor:/opt/ros/jazzy/opt/gz_sensors_vendor:/opt/ros/jazzy/opt/gz_physics_vendor:/opt/ros/jazzy/opt/sdformat_vendor:/opt/ros/jazzy/opt/gz_gui_vendor:/opt/ros/jazzy/opt/gz_transport_vendor:/opt/ros/jazzy/opt/gz_rendering_vendor:/opt/ros/jazzy/opt/gz_plugin_vendor:/opt/ros/jazzy/opt/gz_fuel_tools_vendor:/opt/ros/jazzy/opt/gz_msgs_vendor:/opt/ros/jazzy/opt/gz_common_vendor:/opt/ros/jazzy/opt/gz_math_vendor:/opt/ros/jazzy/opt/gz_utils_vendor:/opt/ros/jazzy/opt/gz_tools_vendor:/opt/ros/jazzy/opt/gz_ogre_next_vendor:/opt/ros/jazzy/opt/gz_dartsim_vendor:/opt/ros/jazzy/opt/gz_cmake_vendor:/home/inagy/turtlebot3_ws/install/turtlebot3_teleop:/home/inagy/turtlebot3_ws/install/turtlebot3_example:/opt/ros/jazzy DEBUGINFOD_URLS=https://debuginfod.ubuntu.com GAZEBO_MODEL_PATH=/home/inagy/husarion_ws/install/husarion_ugv_description/share:/home/inagy/husarion_ws/install/husarion_gz_worlds/share/husarion_gz_worlds/models:/home/inagy/husarion_ws/install/husarion_components_description/share:${GAZEBO_MODEL_PATH} GZ_SIM_RESOURCE_PATH=/home/inagy/husarion_ws/install/husarion_ugv_description/share:/home/inagy/husarion_ws/install/husarion_gz_worlds/share/husarion_gz_worlds/models:/home/inagy/husarion_ws/install/husarion_components_description/share:${GZ_SIM_RESOURCE_PATH} IGN_GAZEBO_RESOURCE_PATH=/home/inagy/husarion_ws/install/husarion_ugv_description/share:/home/inagy/husarion_ws/install/husarion_gz_worlds/share/husarion_gz_worlds/models:/home/inagy/husarion_ws/install/husarion_components_description/share:${IGN_GAZEBO_RESOURCE_PATH} LD_LIBRARY_PATH=/home/inagy/husarion_ws/install/husarion_ugv_manager/lib:/home/inagy/husarion_ws/install/husarion_ugv_lights/lib:/home/inagy/husarion_ws/install/behaviortree_ros2/lib:/home/inagy/husarion_ws/install/mecanum_drive_controller/lib:/home/inagy/husarion_ws/install/husarion_ugv_msgs/lib:/home/inagy/husarion_ws/install/btcpp_ros2_interfaces/lib:${LD_LIBRARY_PATH} PYTHONPATH=/home/inagy/husarion_ws/install/husarion_ugv_utils/lib/python3.12/site-packages:/home/inagy/husarion_ws/install/husarion_ugv_msgs/lib/python3.12/site-packages:/home/inagy/husarion_ws/install/btcpp_ros2_interfaces/lib/python3.12/site-packages:${PYTHONPATH} /usr/bin/cmake --build /home/inagy/husarion_ws/build/husarion_ugv_gazebo -- -j4 -l4
[5.756s] [  7%] [32mBuilding CXX object CMakeFiles/estop_system.dir/src/estop_system.cpp.o[0m
[11.709s] [01m[K/home/inagy/husarion_ws/src/husarion_ugv_ros/husarion_ugv_gazebo/src/estop_system.cpp:[m[K In member function ‘[01m[Kvirtual husarion_ugv_gazebo::CallbackReturn husarion_ugv_gazebo::EStopSystem::[01;32m[Kon_init[m[K(const hardware_interface::HardwareInfo&)[m[K’:
[11.709s] [01m[K/home/inagy/husarion_ws/src/husarion_ugv_ros/husarion_ugv_gazebo/src/estop_system.cpp:102:51:[m[K [01;35m[Kwarning: [m[K‘[01m[Kvirtual rclcpp_lifecycle::node_interfaces::LifecycleNodeInterface::CallbackReturn hardware_interface::HardwareComponentInterface::[01;32m[Kon_init[m[K(const hardware_interface::HardwareInfo&)[m[K’ is deprecated: Use on_init(const HardwareComponentInterfaceParams & params) instead. [[01;35m[K]8;;https://gcc.gnu.org/onlinedocs/gcc/Warning-Options.html#index-Wdeprecated-declarations-Wdeprecated-declarations]8;;[m[K]
[11.709s]   102 |   if ([01;35m[Khardware_interface::SystemInterface::on_init(system_info)[m[K != CallbackReturn::SUCCESS) {
[11.709s]       |       [01;35m[K~~~~~~~~~~~~~~~~~~~~~~~~~~~~~~~~~~~~~~~~~~~~^~~~~~~~~~~~~[m[K
[11.711s] In file included from [01m[K/opt/ros/jazzy/include/hardware_interface/hardware_interface/system_interface.hpp:18[m[K,
[11.711s]                  from [01m[K/opt/ros/jazzy/include/gz_ros2_control/gz_ros2_control/gz_system_interface.hpp:27[m[K,
[11.711s]                  from [01m[K/opt/ros/jazzy/include/gz_ros2_control/gz_ros2_control/gz_system.hpp:24[m[K,
[11.711s]                  from [01m[K/home/inagy/husarion_ws/src/husarion_ugv_ros/husarion_ugv_gazebo/include/husarion_ugv_gazebo/estop_system.hpp:21[m[K,
[11.711s]                  from [01m[K/home/inagy/husarion_ws/src/husarion_ugv_ros/husarion_ugv_gazebo/src/estop_system.cpp:31[m[K:
[11.711s] [01m[K/opt/ros/jazzy/include/hardware_interface/hardware_interface/hardware_component_interface.hpp:226:26:[m[K [01;36m[Knote: [m[Kdeclared here
[11.711s]   226 |   virtual CallbackReturn [01;36m[Kon_init[m[K(const HardwareInfo & hardware_info)
[11.711s]       |                          [01;36m[K^~~~~~~[m[K
[20.660s] [ 14%] [32m[1mLinking CXX shared library libestop_system.so[0m
[21.021s] [ 14%] Built target estop_system
[21.058s] [ 14%] Built target LEDStrip_autogen_timestamp_deps
[21.090s] [ 14%] Built target EStop_autogen_timestamp_deps
[21.127s] [ 21%] [34m[1mAutomatic MOC for target LEDStrip[0m
[21.203s] [ 21%] Built target LEDStrip_autogen
[21.228s] [ 28%] [34m[1mAutomatic MOC for target EStop[0m
[21.983s] [ 28%] Built target EStop_autogen
[22.039s] [ 35%] [32mBuilding CXX object CMakeFiles/LEDStrip.dir/LEDStrip_autogen/mocs_compilation.cpp.o[0m
[22.080s] [ 42%] [32mBuilding CXX object CMakeFiles/LEDStrip.dir/src/led_strip.cpp.o[0m
[23.343s] In file included from [01m[K/home/inagy/husarion_ws/src/husarion_ugv_ros/husarion_ugv_gazebo/include/husarion_ugv_gazebo/led_strip.hpp:21[m[K,
[23.343s]                  from [01m[K/home/inagy/husarion_ws/src/husarion_ugv_ros/husarion_ugv_gazebo/src/led_strip.cpp:15[m[K:
[23.343s] [01m[K/opt/ros/jazzy/include/realtime_tools/realtime_tools/realtime_box.hpp:40:151:[m[K [01;36m[Knote: [m[K‘[01m[K#pragma message: 'RealtimeBox' is deprecated. Please update your code to use 'realtime_thread_safe_box.hpp' header, and class name 'RealtimeThreadSafeBox' instead.[m[K’
[23.343s]    40 | pp' header, and class name 'RealtimeThreadSafeBox' instead."[01;36m[K)[m[K  //NOLINT
[23.343s]       |                                                             [01;36m[K^[m[K
[23.344s] 
[31.138s] [ 50%] [32m[1mLinking CXX shared library libLEDStrip.so[0m
[31.528s] [ 57%] Built target LEDStrip
[31.542s] [ 64%] [34m[1mGenerating qrc_EStop.cpp[0m
[31.624s] [ 71%] [32mBuilding CXX object CMakeFiles/EStop.dir/EStop_autogen/mocs_compilation.cpp.o[0m
[39.988s] [ 78%] [32mBuilding CXX object CMakeFiles/EStop.dir/qrc_EStop.cpp.o[0m
[40.031s] [ 85%] [32mBuilding CXX object CMakeFiles/EStop.dir/src/gui/e_stop.cpp.o[0m
[63.555s] [ 92%] [32m[1mLinking CXX shared library libEStop.so[0m
[64.686s] [100%] Built target EStop
[64.752s] Invoked command in '/home/inagy/husarion_ws/build/husarion_ugv_gazebo' returned '0': AMENT_PREFIX_PATH=/home/inagy/husarion_ws/install/husarion_ugv_manager:/home/inagy/husarion_ws/install/husarion_ugv_controller:/home/inagy/husarion_ws/install/husarion_ugv_localization:/home/inagy/husarion_ws/install/husarion_ugv_lights:/home/inagy/husarion_ws/install/husarion_ugv_description:/home/inagy/husarion_ws/install/behaviortree_ros2:/home/inagy/husarion_ws/install/mecanum_drive_controller:/home/inagy/husarion_ws/install/husarion_ugv_utils:/home/inagy/husarion_ws/install/husarion_ugv_msgs:/home/inagy/husarion_ws/install/husarion_gz_worlds:/home/inagy/husarion_ws/install/husarion_components_description:/home/inagy/husarion_ws/install/btcpp_ros2_interfaces:${AMENT_PREFIX_PATH} CMAKE_PREFIX_PATH=/home/inagy/husarion_ws/install/husarion_ugv_manager:/home/inagy/husarion_ws/install/husarion_ugv_controller:/home/inagy/husarion_ws/install/husarion_ugv_localization:/home/inagy/husarion_ws/install/husarion_ugv_lights:/home/inagy/husarion_ws/install/husarion_ugv_description:/home/inagy/husarion_ws/install/behaviortree_ros2:/home/inagy/husarion_ws/install/mecanum_drive_controller:/home/inagy/husarion_ws/install/husarion_ugv_utils:/home/inagy/husarion_ws/install/husarion_ugv_msgs:/home/inagy/husarion_ws/install/husarion_gz_worlds:/home/inagy/husarion_ws/install/husarion_components_description:/home/inagy/husarion_ws/install/btcpp_ros2_interfaces:/home/inagy/turtlebot3_ws/install/turtlebot3:/home/inagy/turtlebot3_ws/install/turtlebot3_simulations:/home/inagy/turtlebot3_ws/install/turtlebot3_bringup:/home/inagy/turtlebot3_ws/install/turtlebot3_node:/home/inagy/turtlebot3_ws/install/turtlebot3_navigation2:/home/inagy/turtlebot3_ws/install/turtlebot3_fake_node:/home/inagy/turtlebot3_ws/install/turtlebot3_msgs:/home/inagy/turtlebot3_ws/install/turtlebot3_gazebo:/home/inagy/turtlebot3_ws/install/turtlebot3_description:/home/inagy/turtlebot3_ws/install/turtlebot3_cartographer:/home/inagy/turtlebot3_ws/install/dynamixel_sdk_examples:/home/inagy/turtlebot3_ws/install/dynamixel_sdk_custom_interfaces:/home/inagy/turtlebot3_ws/install/dynamixel_sdk:/opt/ros/jazzy/opt/gz_sim_vendor:/opt/ros/jazzy/opt/gz_sensors_vendor:/opt/ros/jazzy/opt/gz_physics_vendor:/opt/ros/jazzy/opt/sdformat_vendor:/opt/ros/jazzy/opt/gz_gui_vendor:/opt/ros/jazzy/opt/gz_transport_vendor:/opt/ros/jazzy/opt/gz_rendering_vendor:/opt/ros/jazzy/opt/gz_plugin_vendor:/opt/ros/jazzy/opt/gz_fuel_tools_vendor:/opt/ros/jazzy/opt/gz_msgs_vendor:/opt/ros/jazzy/opt/gz_common_vendor:/opt/ros/jazzy/opt/gz_math_vendor:/opt/ros/jazzy/opt/gz_utils_vendor:/opt/ros/jazzy/opt/gz_tools_vendor:/opt/ros/jazzy/opt/gz_ogre_next_vendor:/opt/ros/jazzy/opt/gz_dartsim_vendor:/opt/ros/jazzy/opt/gz_cmake_vendor:/home/inagy/turtlebot3_ws/install/turtlebot3_teleop:/home/inagy/turtlebot3_ws/install/turtlebot3_example:/opt/ros/jazzy DEBUGINFOD_URLS=https://debuginfod.ubuntu.com GAZEBO_MODEL_PATH=/home/inagy/husarion_ws/install/husarion_ugv_description/share:/home/inagy/husarion_ws/install/husarion_gz_worlds/share/husarion_gz_worlds/models:/home/inagy/husarion_ws/install/husarion_components_description/share:${GAZEBO_MODEL_PATH} GZ_SIM_RESOURCE_PATH=/home/inagy/husarion_ws/install/husarion_ugv_description/share:/home/inagy/husarion_ws/install/husarion_gz_worlds/share/husarion_gz_worlds/models:/home/inagy/husarion_ws/install/husarion_components_description/share:${GZ_SIM_RESOURCE_PATH} IGN_GAZEBO_RESOURCE_PATH=/home/inagy/husarion_ws/install/husarion_ugv_description/share:/home/inagy/husarion_ws/install/husarion_gz_worlds/share/husarion_gz_worlds/models:/home/inagy/husarion_ws/install/husarion_components_description/share:${IGN_GAZEBO_RESOURCE_PATH} LD_LIBRARY_PATH=/home/inagy/husarion_ws/install/husarion_ugv_manager/lib:/home/inagy/husarion_ws/install/husarion_ugv_lights/lib:/home/inagy/husarion_ws/install/behaviortree_ros2/lib:/home/inagy/husarion_ws/install/mecanum_drive_controller/lib:/home/inagy/husarion_ws/install/husarion_ugv_msgs/lib:/home/inagy/husarion_ws/install/btcpp_ros2_interfaces/lib:${LD_LIBRARY_PATH} PYTHONPATH=/home/inagy/husarion_ws/install/husarion_ugv_utils/lib/python3.12/site-packages:/home/inagy/husarion_ws/install/husarion_ugv_msgs/lib/python3.12/site-packages:/home/inagy/husarion_ws/install/btcpp_ros2_interfaces/lib/python3.12/site-packages:${PYTHONPATH} /usr/bin/cmake --build /home/inagy/husarion_ws/build/husarion_ugv_gazebo -- -j4 -l4
[64.770s] Invoking command in '/home/inagy/husarion_ws/build/husarion_ugv_gazebo': AMENT_PREFIX_PATH=/home/inagy/husarion_ws/install/husarion_ugv_manager:/home/inagy/husarion_ws/install/husarion_ugv_controller:/home/inagy/husarion_ws/install/husarion_ugv_localization:/home/inagy/husarion_ws/install/husarion_ugv_lights:/home/inagy/husarion_ws/install/husarion_ugv_description:/home/inagy/husarion_ws/install/behaviortree_ros2:/home/inagy/husarion_ws/install/mecanum_drive_controller:/home/inagy/husarion_ws/install/husarion_ugv_utils:/home/inagy/husarion_ws/install/husarion_ugv_msgs:/home/inagy/husarion_ws/install/husarion_gz_worlds:/home/inagy/husarion_ws/install/husarion_components_description:/home/inagy/husarion_ws/install/btcpp_ros2_interfaces:${AMENT_PREFIX_PATH} CMAKE_PREFIX_PATH=/home/inagy/husarion_ws/install/husarion_ugv_manager:/home/inagy/husarion_ws/install/husarion_ugv_controller:/home/inagy/husarion_ws/install/husarion_ugv_localization:/home/inagy/husarion_ws/install/husarion_ugv_lights:/home/inagy/husarion_ws/install/husarion_ugv_description:/home/inagy/husarion_ws/install/behaviortree_ros2:/home/inagy/husarion_ws/install/mecanum_drive_controller:/home/inagy/husarion_ws/install/husarion_ugv_utils:/home/inagy/husarion_ws/install/husarion_ugv_msgs:/home/inagy/husarion_ws/install/husarion_gz_worlds:/home/inagy/husarion_ws/install/husarion_components_description:/home/inagy/husarion_ws/install/btcpp_ros2_interfaces:/home/inagy/turtlebot3_ws/install/turtlebot3:/home/inagy/turtlebot3_ws/install/turtlebot3_simulations:/home/inagy/turtlebot3_ws/install/turtlebot3_bringup:/home/inagy/turtlebot3_ws/install/turtlebot3_node:/home/inagy/turtlebot3_ws/install/turtlebot3_navigation2:/home/inagy/turtlebot3_ws/install/turtlebot3_fake_node:/home/inagy/turtlebot3_ws/install/turtlebot3_msgs:/home/inagy/turtlebot3_ws/install/turtlebot3_gazebo:/home/inagy/turtlebot3_ws/install/turtlebot3_description:/home/inagy/turtlebot3_ws/install/turtlebot3_cartographer:/home/inagy/turtlebot3_ws/install/dynamixel_sdk_examples:/home/inagy/turtlebot3_ws/install/dynamixel_sdk_custom_interfaces:/home/inagy/turtlebot3_ws/install/dynamixel_sdk:/opt/ros/jazzy/opt/gz_sim_vendor:/opt/ros/jazzy/opt/gz_sensors_vendor:/opt/ros/jazzy/opt/gz_physics_vendor:/opt/ros/jazzy/opt/sdformat_vendor:/opt/ros/jazzy/opt/gz_gui_vendor:/opt/ros/jazzy/opt/gz_transport_vendor:/opt/ros/jazzy/opt/gz_rendering_vendor:/opt/ros/jazzy/opt/gz_plugin_vendor:/opt/ros/jazzy/opt/gz_fuel_tools_vendor:/opt/ros/jazzy/opt/gz_msgs_vendor:/opt/ros/jazzy/opt/gz_common_vendor:/opt/ros/jazzy/opt/gz_math_vendor:/opt/ros/jazzy/opt/gz_utils_vendor:/opt/ros/jazzy/opt/gz_tools_vendor:/opt/ros/jazzy/opt/gz_ogre_next_vendor:/opt/ros/jazzy/opt/gz_dartsim_vendor:/opt/ros/jazzy/opt/gz_cmake_vendor:/home/inagy/turtlebot3_ws/install/turtlebot3_teleop:/home/inagy/turtlebot3_ws/install/turtlebot3_example:/opt/ros/jazzy DEBUGINFOD_URLS=https://debuginfod.ubuntu.com GAZEBO_MODEL_PATH=/home/inagy/husarion_ws/install/husarion_ugv_description/share:/home/inagy/husarion_ws/install/husarion_gz_worlds/share/husarion_gz_worlds/models:/home/inagy/husarion_ws/install/husarion_components_description/share:${GAZEBO_MODEL_PATH} GZ_SIM_RESOURCE_PATH=/home/inagy/husarion_ws/install/husarion_ugv_description/share:/home/inagy/husarion_ws/install/husarion_gz_worlds/share/husarion_gz_worlds/models:/home/inagy/husarion_ws/install/husarion_components_description/share:${GZ_SIM_RESOURCE_PATH} IGN_GAZEBO_RESOURCE_PATH=/home/inagy/husarion_ws/install/husarion_ugv_description/share:/home/inagy/husarion_ws/install/husarion_gz_worlds/share/husarion_gz_worlds/models:/home/inagy/husarion_ws/install/husarion_components_description/share:${IGN_GAZEBO_RESOURCE_PATH} LD_LIBRARY_PATH=/home/inagy/husarion_ws/install/husarion_ugv_manager/lib:/home/inagy/husarion_ws/install/husarion_ugv_lights/lib:/home/inagy/husarion_ws/install/behaviortree_ros2/lib:/home/inagy/husarion_ws/install/mecanum_drive_controller/lib:/home/inagy/husarion_ws/install/husarion_ugv_msgs/lib:/home/inagy/husarion_ws/install/btcpp_ros2_interfaces/lib:${LD_LIBRARY_PATH} PYTHONPATH=/home/inagy/husarion_ws/install/husarion_ugv_utils/lib/python3.12/site-packages:/home/inagy/husarion_ws/install/husarion_ugv_msgs/lib/python3.12/site-packages:/home/inagy/husarion_ws/install/btcpp_ros2_interfaces/lib/python3.12/site-packages:${PYTHONPATH} /usr/bin/cmake --install /home/inagy/husarion_ws/build/husarion_ugv_gazebo
[64.802s] -- Install configuration: "Release"
[64.802s] -- Execute custom install script
[64.803s] -- Symlinking: /home/inagy/husarion_ws/install/husarion_ugv_gazebo/include/husarion_ugv_gazebo/husarion_ugv_gazebo/estop_system.hpp
[64.830s] -- Symlinking: /home/inagy/husarion_ws/install/husarion_ugv_gazebo/include/husarion_ugv_gazebo/husarion_ugv_gazebo/gui/e_stop.hpp
[64.859s] -- Symlinking: /home/inagy/husarion_ws/install/husarion_ugv_gazebo/include/husarion_ugv_gazebo/husarion_ugv_gazebo/led_strip.hpp
[64.882s] -- Symlinking: /home/inagy/husarion_ws/install/husarion_ugv_gazebo/share/husarion_ugv_gazebo/config/battery_plugin.yaml
[64.917s] -- Symlinking: /home/inagy/husarion_ws/install/husarion_ugv_gazebo/share/husarion_ugv_gazebo/config/gz_bridge.yaml
[64.934s] -- Symlinking: /home/inagy/husarion_ws/install/husarion_ugv_gazebo/share/husarion_ugv_gazebo/config/robot_bridge.yaml
[64.963s] -- Symlinking: /home/inagy/husarion_ws/install/husarion_ugv_gazebo/share/husarion_ugv_gazebo/config/teleop_with_estop.config
[65.002s] -- Symlinking: /home/inagy/husarion_ws/install/husarion_ugv_gazebo/share/husarion_ugv_gazebo/launch/simulate_robot.launch.py
[65.032s] -- Symlinking: /home/inagy/husarion_ws/install/husarion_ugv_gazebo/share/husarion_ugv_gazebo/launch/simulation.launch.py
[65.055s] -- Symlinking: /home/inagy/husarion_ws/install/husarion_ugv_gazebo/share/husarion_ugv_gazebo/launch/spawn_robot.launch.py
[65.074s] -- Symlinking: /home/inagy/husarion_ws/install/husarion_ugv_gazebo/share/husarion_ugv_gazebo/environment/setup_envs.sh
[65.087s] -- Symlinking: /home/inagy/husarion_ws/install/husarion_ugv_gazebo/share/husarion_ugv_gazebo/environment/library_path.sh
[65.103s] -- Symlinking: /home/inagy/husarion_ws/install/husarion_ugv_gazebo/share/husarion_ugv_gazebo/environment/library_path.dsv
[65.118s] -- Symlinking: /home/inagy/husarion_ws/install/husarion_ugv_gazebo/share/husarion_ugv_gazebo//plugins.xml
[65.126s] -- Symlinking: /home/inagy/husarion_ws/install/husarion_ugv_gazebo/share/ament_index/resource_index/package_run_dependencies/husarion_ugv_gazebo
[65.137s] -- Symlinking: /home/inagy/husarion_ws/install/husarion_ugv_gazebo/share/ament_index/resource_index/parent_prefix_path/husarion_ugv_gazebo
[65.148s] -- Symlinking: /home/inagy/husarion_ws/install/husarion_ugv_gazebo/share/husarion_ugv_gazebo/environment/ament_prefix_path.sh
[65.157s] -- Symlinking: /home/inagy/husarion_ws/install/husarion_ugv_gazebo/share/husarion_ugv_gazebo/environment/ament_prefix_path.dsv
[65.172s] -- Symlinking: /home/inagy/husarion_ws/install/husarion_ugv_gazebo/share/husarion_ugv_gazebo/environment/path.sh
[65.183s] -- Symlinking: /home/inagy/husarion_ws/install/husarion_ugv_gazebo/share/husarion_ugv_gazebo/environment/path.dsv
[65.196s] -- Symlinking: /home/inagy/husarion_ws/install/husarion_ugv_gazebo/share/husarion_ugv_gazebo/local_setup.bash
[65.209s] -- Symlinking: /home/inagy/husarion_ws/install/husarion_ugv_gazebo/share/husarion_ugv_gazebo/local_setup.sh
[65.222s] -- Symlinking: /home/inagy/husarion_ws/install/husarion_ugv_gazebo/share/husarion_ugv_gazebo/local_setup.zsh
[65.233s] -- Symlinking: /home/inagy/husarion_ws/install/husarion_ugv_gazebo/share/husarion_ugv_gazebo/local_setup.dsv
[65.245s] -- Symlinking: /home/inagy/husarion_ws/install/husarion_ugv_gazebo/share/husarion_ugv_gazebo/package.dsv
[65.260s] -- Symlinking: /home/inagy/husarion_ws/install/husarion_ugv_gazebo/share/ament_index/resource_index/packages/husarion_ugv_gazebo
[65.271s] -- Symlinking: /home/inagy/husarion_ws/install/husarion_ugv_gazebo/share/ament_index/resource_index/gz_ros2_control__pluginlib__plugin/husarion_ugv_gazebo
[65.296s] -- Symlinking: /home/inagy/husarion_ws/install/husarion_ugv_gazebo/share/husarion_ugv_gazebo/cmake/ament_cmake_export_dependencies-extras.cmake
[65.328s] -- Symlinking: /home/inagy/husarion_ws/install/husarion_ugv_gazebo/share/husarion_ugv_gazebo/cmake/ament_cmake_export_include_directories-extras.cmake
[65.353s] -- Symlinking: /home/inagy/husarion_ws/install/husarion_ugv_gazebo/share/husarion_ugv_gazebo/cmake/ament_cmake_export_targets-extras.cmake
[65.372s] -- Symlinking: /home/inagy/husarion_ws/install/husarion_ugv_gazebo/share/husarion_ugv_gazebo/cmake/husarion_ugv_gazeboConfig.cmake
[65.402s] -- Symlinking: /home/inagy/husarion_ws/install/husarion_ugv_gazebo/share/husarion_ugv_gazebo/cmake/husarion_ugv_gazeboConfig-version.cmake
[65.436s] -- Symlinking: /home/inagy/husarion_ws/install/husarion_ugv_gazebo/share/husarion_ugv_gazebo/package.xml
[65.456s] -- Installing: /home/inagy/husarion_ws/install/husarion_ugv_gazebo/lib/libestop_system.so
[65.456s] -- Set non-toolchain portion of runtime path of "/home/inagy/husarion_ws/install/husarion_ugv_gazebo/lib/libestop_system.so" to ""
[65.457s] -- Installing: /home/inagy/husarion_ws/install/husarion_ugv_gazebo/lib/libEStop.so
[65.458s] -- Set non-toolchain portion of runtime path of "/home/inagy/husarion_ws/install/husarion_ugv_gazebo/lib/libEStop.so" to ""
[65.458s] -- Installing: /home/inagy/husarion_ws/install/husarion_ugv_gazebo/lib/libLEDStrip.so
[65.460s] -- Set non-toolchain portion of runtime path of "/home/inagy/husarion_ws/install/husarion_ugv_gazebo/lib/libLEDStrip.so" to ""
[65.462s] -- Installing: /home/inagy/husarion_ws/install/husarion_ugv_gazebo/share/husarion_ugv_gazebo/cmake/export_husarion_ugv_gazeboExport.cmake
[65.462s] -- Installing: /home/inagy/husarion_ws/install/husarion_ugv_gazebo/share/husarion_ugv_gazebo/cmake/export_husarion_ugv_gazeboExport-release.cmake
[65.463s] Invoked command in '/home/inagy/husarion_ws/build/husarion_ugv_gazebo' returned '0': AMENT_PREFIX_PATH=/home/inagy/husarion_ws/install/husarion_ugv_manager:/home/inagy/husarion_ws/install/husarion_ugv_controller:/home/inagy/husarion_ws/install/husarion_ugv_localization:/home/inagy/husarion_ws/install/husarion_ugv_lights:/home/inagy/husarion_ws/install/husarion_ugv_description:/home/inagy/husarion_ws/install/behaviortree_ros2:/home/inagy/husarion_ws/install/mecanum_drive_controller:/home/inagy/husarion_ws/install/husarion_ugv_utils:/home/inagy/husarion_ws/install/husarion_ugv_msgs:/home/inagy/husarion_ws/install/husarion_gz_worlds:/home/inagy/husarion_ws/install/husarion_components_description:/home/inagy/husarion_ws/install/btcpp_ros2_interfaces:${AMENT_PREFIX_PATH} CMAKE_PREFIX_PATH=/home/inagy/husarion_ws/install/husarion_ugv_manager:/home/inagy/husarion_ws/install/husarion_ugv_controller:/home/inagy/husarion_ws/install/husarion_ugv_localization:/home/inagy/husarion_ws/install/husarion_ugv_lights:/home/inagy/husarion_ws/install/husarion_ugv_description:/home/inagy/husarion_ws/install/behaviortree_ros2:/home/inagy/husarion_ws/install/mecanum_drive_controller:/home/inagy/husarion_ws/install/husarion_ugv_utils:/home/inagy/husarion_ws/install/husarion_ugv_msgs:/home/inagy/husarion_ws/install/husarion_gz_worlds:/home/inagy/husarion_ws/install/husarion_components_description:/home/inagy/husarion_ws/install/btcpp_ros2_interfaces:/home/inagy/turtlebot3_ws/install/turtlebot3:/home/inagy/turtlebot3_ws/install/turtlebot3_simulations:/home/inagy/turtlebot3_ws/install/turtlebot3_bringup:/home/inagy/turtlebot3_ws/install/turtlebot3_node:/home/inagy/turtlebot3_ws/install/turtlebot3_navigation2:/home/inagy/turtlebot3_ws/install/turtlebot3_fake_node:/home/inagy/turtlebot3_ws/install/turtlebot3_msgs:/home/inagy/turtlebot3_ws/install/turtlebot3_gazebo:/home/inagy/turtlebot3_ws/install/turtlebot3_description:/home/inagy/turtlebot3_ws/install/turtlebot3_cartographer:/home/inagy/turtlebot3_ws/install/dynamixel_sdk_examples:/home/inagy/turtlebot3_ws/install/dynamixel_sdk_custom_interfaces:/home/inagy/turtlebot3_ws/install/dynamixel_sdk:/opt/ros/jazzy/opt/gz_sim_vendor:/opt/ros/jazzy/opt/gz_sensors_vendor:/opt/ros/jazzy/opt/gz_physics_vendor:/opt/ros/jazzy/opt/sdformat_vendor:/opt/ros/jazzy/opt/gz_gui_vendor:/opt/ros/jazzy/opt/gz_transport_vendor:/opt/ros/jazzy/opt/gz_rendering_vendor:/opt/ros/jazzy/opt/gz_plugin_vendor:/opt/ros/jazzy/opt/gz_fuel_tools_vendor:/opt/ros/jazzy/opt/gz_msgs_vendor:/opt/ros/jazzy/opt/gz_common_vendor:/opt/ros/jazzy/opt/gz_math_vendor:/opt/ros/jazzy/opt/gz_utils_vendor:/opt/ros/jazzy/opt/gz_tools_vendor:/opt/ros/jazzy/opt/gz_ogre_next_vendor:/opt/ros/jazzy/opt/gz_dartsim_vendor:/opt/ros/jazzy/opt/gz_cmake_vendor:/home/inagy/turtlebot3_ws/install/turtlebot3_teleop:/home/inagy/turtlebot3_ws/install/turtlebot3_example:/opt/ros/jazzy DEBUGINFOD_URLS=https://debuginfod.ubuntu.com GAZEBO_MODEL_PATH=/home/inagy/husarion_ws/install/husarion_ugv_description/share:/home/inagy/husarion_ws/install/husarion_gz_worlds/share/husarion_gz_worlds/models:/home/inagy/husarion_ws/install/husarion_components_description/share:${GAZEBO_MODEL_PATH} GZ_SIM_RESOURCE_PATH=/home/inagy/husarion_ws/install/husarion_ugv_description/share:/home/inagy/husarion_ws/install/husarion_gz_worlds/share/husarion_gz_worlds/models:/home/inagy/husarion_ws/install/husarion_components_description/share:${GZ_SIM_RESOURCE_PATH} IGN_GAZEBO_RESOURCE_PATH=/home/inagy/husarion_ws/install/husarion_ugv_description/share:/home/inagy/husarion_ws/install/husarion_gz_worlds/share/husarion_gz_worlds/models:/home/inagy/husarion_ws/install/husarion_components_description/share:${IGN_GAZEBO_RESOURCE_PATH} LD_LIBRARY_PATH=/home/inagy/husarion_ws/install/husarion_ugv_manager/lib:/home/inagy/husarion_ws/install/husarion_ugv_lights/lib:/home/inagy/husarion_ws/install/behaviortree_ros2/lib:/home/inagy/husarion_ws/install/mecanum_drive_controller/lib:/home/inagy/husarion_ws/install/husarion_ugv_msgs/lib:/home/inagy/husarion_ws/install/btcpp_ros2_interfaces/lib:${LD_LIBRARY_PATH} PYTHONPATH=/home/inagy/husarion_ws/install/husarion_ugv_utils/lib/python3.12/site-packages:/home/inagy/husarion_ws/install/husarion_ugv_msgs/lib/python3.12/site-packages:/home/inagy/husarion_ws/install/btcpp_ros2_interfaces/lib/python3.12/site-packages:${PYTHONPATH} /usr/bin/cmake --install /home/inagy/husarion_ws/build/husarion_ugv_gazebo
