[0.030s] Invoking command in '/home/inagy/husarion_ws/build/husarion_ugv_utils': CMAKE_PREFIX_PATH=${CMAKE_PREFIX_PATH}:/home/inagy/turtlebot3_ws/install/turtlebot3_teleop:/home/inagy/turtlebot3_ws/install/turtlebot3_example:/opt/ros/jazzy DEBUGINFOD_URLS=https://debuginfod.ubuntu.com /usr/bin/cmake --build /home/inagy/husarion_ws/build/husarion_ugv_utils -- -j4 -l4
[0.144s] Built target ament_cmake_python_symlink_husarion_ugv_utils
[0.400s] running egg_info
[0.423s] writing husarion_ugv_utils.egg-info/PKG-INFO
[0.423s] writing dependency_links to husarion_ugv_utils.egg-info/dependency_links.txt
[0.423s] writing top-level names to husarion_ugv_utils.egg-info/top_level.txt
[0.509s] reading manifest file 'husarion_ugv_utils.egg-info/SOURCES.txt'
[0.510s] writing manifest file 'husarion_ugv_utils.egg-info/SOURCES.txt'
[0.555s] Built target ament_cmake_python_build_husarion_ugv_utils_egg
[0.566s] Invoked command in '/home/inagy/husarion_ws/build/husarion_ugv_utils' returned '0': CMAKE_PREFIX_PATH=${CMAKE_PREFIX_PATH}:/home/inagy/turtlebot3_ws/install/turtlebot3_teleop:/home/inagy/turtlebot3_ws/install/turtlebot3_example:/opt/ros/jazzy DEBUGINFOD_URLS=https://debuginfod.ubuntu.com /usr/bin/cmake --build /home/inagy/husarion_ws/build/husarion_ugv_utils -- -j4 -l4
[0.567s] Invoking command in '/home/inagy/husarion_ws/build/husarion_ugv_utils': CMAKE_PREFIX_PATH=${CMAKE_PREFIX_PATH}:/home/inagy/turtlebot3_ws/install/turtlebot3_teleop:/home/inagy/turtlebot3_ws/install/turtlebot3_example:/opt/ros/jazzy DEBUGINFOD_URLS=https://debuginfod.ubuntu.com /usr/bin/cmake --install /home/inagy/husarion_ws/build/husarion_ugv_utils
[0.576s] -- Install configuration: "Release"
[0.577s] -- Execute custom install script
[0.577s] -- Up-to-date symlink: /home/inagy/husarion_ws/install/husarion_ugv_utils/include/husarion_ugv_utils/husarion_ugv_utils/common_utilities.hpp
[0.577s] -- Up-to-date symlink: /home/inagy/husarion_ws/install/husarion_ugv_utils/include/husarion_ugv_utils/husarion_ugv_utils/configure_rt.hpp
[0.577s] -- Up-to-date symlink: /home/inagy/husarion_ws/install/husarion_ugv_utils/include/husarion_ugv_utils/husarion_ugv_utils/diagnostics.hpp
[0.578s] -- Up-to-date symlink: /home/inagy/husarion_ws/install/husarion_ugv_utils/include/husarion_ugv_utils/husarion_ugv_utils/moving_average.hpp
[0.578s] -- Up-to-date symlink: /home/inagy/husarion_ws/install/husarion_ugv_utils/include/husarion_ugv_utils/husarion_ugv_utils/networking_utils.hpp
[0.578s] -- Up-to-date symlink: /home/inagy/husarion_ws/install/husarion_ugv_utils/include/husarion_ugv_utils/husarion_ugv_utils/ros_utils.hpp
[0.578s] -- Up-to-date symlink: /home/inagy/husarion_ws/install/husarion_ugv_utils/include/husarion_ugv_utils/husarion_ugv_utils/test/ros_test_utils.hpp
[0.578s] -- Up-to-date symlink: /home/inagy/husarion_ws/install/husarion_ugv_utils/include/husarion_ugv_utils/husarion_ugv_utils/test/test_utils.hpp
[0.578s] -- Up-to-date symlink: /home/inagy/husarion_ws/install/husarion_ugv_utils/include/husarion_ugv_utils/husarion_ugv_utils/yaml_utils.hpp
[0.578s] -- Up-to-date symlink: /home/inagy/husarion_ws/install/husarion_ugv_utils/share/husarion_ugv_utils/environment/pythonpath.sh
[0.578s] -- Up-to-date symlink: /home/inagy/husarion_ws/install/husarion_ugv_utils/share/husarion_ugv_utils/environment/pythonpath.dsv
[0.579s] -- Up-to-date symlink: /home/inagy/husarion_ws/install/husarion_ugv_utils/lib/python3.12/site-packages/husarion_ugv_utils-2.3.1-py3.12.egg-info/PKG-INFO
[0.579s] -- Up-to-date symlink: /home/inagy/husarion_ws/install/husarion_ugv_utils/lib/python3.12/site-packages/husarion_ugv_utils-2.3.1-py3.12.egg-info/SOURCES.txt
[0.579s] -- Up-to-date symlink: /home/inagy/husarion_ws/install/husarion_ugv_utils/lib/python3.12/site-packages/husarion_ugv_utils-2.3.1-py3.12.egg-info/dependency_links.txt
[0.579s] -- Up-to-date symlink: /home/inagy/husarion_ws/install/husarion_ugv_utils/lib/python3.12/site-packages/husarion_ugv_utils-2.3.1-py3.12.egg-info/top_level.txt
[0.579s] -- Up-to-date symlink: /home/inagy/husarion_ws/install/husarion_ugv_utils/lib/python3.12/site-packages/husarion_ugv_utils/__init__.py
[0.579s] -- Up-to-date symlink: /home/inagy/husarion_ws/install/husarion_ugv_utils/lib/python3.12/site-packages/husarion_ugv_utils/integration_test_utils.py
[0.579s] -- Up-to-date symlink: /home/inagy/husarion_ws/install/husarion_ugv_utils/lib/python3.12/site-packages/husarion_ugv_utils/logging.py
[0.580s] -- Up-to-date symlink: /home/inagy/husarion_ws/install/husarion_ugv_utils/lib/python3.12/site-packages/husarion_ugv_utils/messages.py
[0.580s] -- Up-to-date symlink: /home/inagy/husarion_ws/install/husarion_ugv_utils/lib/python3.12/site-packages/husarion_ugv_utils/version_check.py
[0.580s] -- Up-to-date symlink: /home/inagy/husarion_ws/install/husarion_ugv_utils/share/ament_index/resource_index/package_run_dependencies/husarion_ugv_utils
[0.580s] -- Up-to-date symlink: /home/inagy/husarion_ws/install/husarion_ugv_utils/share/ament_index/resource_index/parent_prefix_path/husarion_ugv_utils
[0.580s] -- Up-to-date symlink: /home/inagy/husarion_ws/install/husarion_ugv_utils/share/husarion_ugv_utils/environment/ament_prefix_path.sh
[0.580s] -- Up-to-date symlink: /home/inagy/husarion_ws/install/husarion_ugv_utils/share/husarion_ugv_utils/environment/ament_prefix_path.dsv
[0.580s] -- Up-to-date symlink: /home/inagy/husarion_ws/install/husarion_ugv_utils/share/husarion_ugv_utils/environment/path.sh
[0.581s] -- Up-to-date symlink: /home/inagy/husarion_ws/install/husarion_ugv_utils/share/husarion_ugv_utils/environment/path.dsv
[0.581s] -- Up-to-date symlink: /home/inagy/husarion_ws/install/husarion_ugv_utils/share/husarion_ugv_utils/local_setup.bash
[0.581s] -- Up-to-date symlink: /home/inagy/husarion_ws/install/husarion_ugv_utils/share/husarion_ugv_utils/local_setup.sh
[0.582s] -- Up-to-date symlink: /home/inagy/husarion_ws/install/husarion_ugv_utils/share/husarion_ugv_utils/local_setup.zsh
[0.582s] -- Up-to-date symlink: /home/inagy/husarion_ws/install/husarion_ugv_utils/share/husarion_ugv_utils/local_setup.dsv
[0.582s] -- Symlinking: /home/inagy/husarion_ws/install/husarion_ugv_utils/share/husarion_ugv_utils/package.dsv
[0.592s] -- Up-to-date symlink: /home/inagy/husarion_ws/install/husarion_ugv_utils/share/ament_index/resource_index/packages/husarion_ugv_utils
[0.592s] -- Up-to-date symlink: /home/inagy/husarion_ws/install/husarion_ugv_utils/share/husarion_ugv_utils/cmake/ament_cmake_export_dependencies-extras.cmake
[0.592s] -- Up-to-date symlink: /home/inagy/husarion_ws/install/husarion_ugv_utils/share/husarion_ugv_utils/cmake/ament_cmake_export_include_directories-extras.cmake
[0.592s] -- Up-to-date symlink: /home/inagy/husarion_ws/install/husarion_ugv_utils/share/husarion_ugv_utils/cmake/husarion_ugv_utilsConfig.cmake
[0.592s] -- Up-to-date symlink: /home/inagy/husarion_ws/install/husarion_ugv_utils/share/husarion_ugv_utils/cmake/husarion_ugv_utilsConfig-version.cmake
[0.592s] -- Up-to-date symlink: /home/inagy/husarion_ws/install/husarion_ugv_utils/share/husarion_ugv_utils/package.xml
[0.643s] Listing '/home/inagy/husarion_ws/install/husarion_ugv_utils/lib/python3.12/site-packages/husarion_ugv_utils'...
[0.663s] Invoked command in '/home/inagy/husarion_ws/build/husarion_ugv_utils' returned '0': CMAKE_PREFIX_PATH=${CMAKE_PREFIX_PATH}:/home/inagy/turtlebot3_ws/install/turtlebot3_teleop:/home/inagy/turtlebot3_ws/install/turtlebot3_example:/opt/ros/jazzy DEBUGINFOD_URLS=https://debuginfod.ubuntu.com /usr/bin/cmake --install /home/inagy/husarion_ws/build/husarion_ugv_utils
