[0.022s] Invoking command in '/home/inagy/husarion_ws/build/husarion_ugv_description': AMENT_PREFIX_PATH=/home/inagy/husarion_ws/install/husarion_components_description:${AMENT_PREFIX_PATH} CMAKE_PREFIX_PATH=/home/inagy/husarion_ws/install/husarion_components_description:/home/inagy/turtlebot3_ws/install/turtlebot3:/home/inagy/turtlebot3_ws/install/turtlebot3_simulations:/home/inagy/turtlebot3_ws/install/turtlebot3_bringup:/home/inagy/turtlebot3_ws/install/turtlebot3_node:/home/inagy/turtlebot3_ws/install/turtlebot3_navigation2:/home/inagy/turtlebot3_ws/install/turtlebot3_fake_node:/home/inagy/turtlebot3_ws/install/turtlebot3_msgs:/home/inagy/turtlebot3_ws/install/turtlebot3_gazebo:/home/inagy/turtlebot3_ws/install/turtlebot3_description:/home/inagy/turtlebot3_ws/install/turtlebot3_cartographer:/home/inagy/turtlebot3_ws/install/dynamixel_sdk_examples:/home/inagy/turtlebot3_ws/install/dynamixel_sdk_custom_interfaces:/home/inagy/turtlebot3_ws/install/dynamixel_sdk:/opt/ros/jazzy/opt/gz_sim_vendor:/opt/ros/jazzy/opt/gz_sensors_vendor:/opt/ros/jazzy/opt/gz_physics_vendor:/opt/ros/jazzy/opt/sdformat_vendor:/opt/ros/jazzy/opt/gz_gui_vendor:/opt/ros/jazzy/opt/gz_transport_vendor:/opt/ros/jazzy/opt/gz_rendering_vendor:/opt/ros/jazzy/opt/gz_plugin_vendor:/opt/ros/jazzy/opt/gz_fuel_tools_vendor:/opt/ros/jazzy/opt/gz_msgs_vendor:/opt/ros/jazzy/opt/gz_common_vendor:/opt/ros/jazzy/opt/gz_math_vendor:/opt/ros/jazzy/opt/gz_utils_vendor:/opt/ros/jazzy/opt/gz_tools_vendor:/opt/ros/jazzy/opt/gz_ogre_next_vendor:/opt/ros/jazzy/opt/gz_dartsim_vendor:/opt/ros/jazzy/opt/gz_cmake_vendor:/home/inagy/turtlebot3_ws/install/turtlebot3_teleop:/home/inagy/turtlebot3_ws/install/turtlebot3_example:/opt/ros/jazzy DEBUGINFOD_URLS=https://debuginfod.ubuntu.com GAZEBO_MODEL_PATH=/home/inagy/husarion_ws/install/husarion_components_description/share:${GAZEBO_MODEL_PATH} GZ_SIM_RESOURCE_PATH=/home/inagy/husarion_ws/install/husarion_components_description/share:${GZ_SIM_RESOURCE_PATH} IGN_GAZEBO_RESOURCE_PATH=/home/inagy/husarion_ws/install/husarion_components_description/share:${IGN_GAZEBO_RESOURCE_PATH} /usr/bin/cmake /home/inagy/husarion_ws/src/husarion_ugv_ros/husarion_ugv_description -DCMAKE_BUILD_TYPE=Release -DBUILD_TESTING=OFF -DAMENT_CMAKE_SYMLINK_INSTALL=1 -DCMAKE_INSTALL_PREFIX=/home/inagy/husarion_ws/install/husarion_ugv_description
[0.161s] -- The C compiler identification is GNU 13.3.0
[0.253s] -- The CXX compiler identification is GNU 13.3.0
[0.284s] -- Detecting C compiler ABI info
[0.432s] -- Detecting C compiler ABI info - done
[0.444s] -- Check for working C compiler: /usr/bin/cc - skipped
[0.444s] -- Detecting C compile features
[0.444s] -- Detecting C compile features - done
[0.462s] -- Detecting CXX compiler ABI info
[0.650s] -- Detecting CXX compiler ABI info - done
[0.666s] -- Check for working CXX compiler: /usr/bin/c++ - skipped
[0.666s] -- Detecting CXX compile features
[0.666s] -- Detecting CXX compile features - done
[0.683s] -- Found ament_cmake: 2.5.4 (/opt/ros/jazzy/share/ament_cmake/cmake)
[1.003s] -- Found Python3: /usr/bin/python3 (found version "3.12.3") found components: Interpreter 
[1.150s] -- Override CMake install command with custom implementation using symlinks instead of copying resources
[1.396s] -- Configuring done (1.4s)
[1.400s] -- Generating done (0.0s)
[1.402s] -- Build files have been written to: /home/inagy/husarion_ws/build/husarion_ugv_description
[1.410s] Invoked command in '/home/inagy/husarion_ws/build/husarion_ugv_description' returned '0': AMENT_PREFIX_PATH=/home/inagy/husarion_ws/install/husarion_components_description:${AMENT_PREFIX_PATH} CMAKE_PREFIX_PATH=/home/inagy/husarion_ws/install/husarion_components_description:/home/inagy/turtlebot3_ws/install/turtlebot3:/home/inagy/turtlebot3_ws/install/turtlebot3_simulations:/home/inagy/turtlebot3_ws/install/turtlebot3_bringup:/home/inagy/turtlebot3_ws/install/turtlebot3_node:/home/inagy/turtlebot3_ws/install/turtlebot3_navigation2:/home/inagy/turtlebot3_ws/install/turtlebot3_fake_node:/home/inagy/turtlebot3_ws/install/turtlebot3_msgs:/home/inagy/turtlebot3_ws/install/turtlebot3_gazebo:/home/inagy/turtlebot3_ws/install/turtlebot3_description:/home/inagy/turtlebot3_ws/install/turtlebot3_cartographer:/home/inagy/turtlebot3_ws/install/dynamixel_sdk_examples:/home/inagy/turtlebot3_ws/install/dynamixel_sdk_custom_interfaces:/home/inagy/turtlebot3_ws/install/dynamixel_sdk:/opt/ros/jazzy/opt/gz_sim_vendor:/opt/ros/jazzy/opt/gz_sensors_vendor:/opt/ros/jazzy/opt/gz_physics_vendor:/opt/ros/jazzy/opt/sdformat_vendor:/opt/ros/jazzy/opt/gz_gui_vendor:/opt/ros/jazzy/opt/gz_transport_vendor:/opt/ros/jazzy/opt/gz_rendering_vendor:/opt/ros/jazzy/opt/gz_plugin_vendor:/opt/ros/jazzy/opt/gz_fuel_tools_vendor:/opt/ros/jazzy/opt/gz_msgs_vendor:/opt/ros/jazzy/opt/gz_common_vendor:/opt/ros/jazzy/opt/gz_math_vendor:/opt/ros/jazzy/opt/gz_utils_vendor:/opt/ros/jazzy/opt/gz_tools_vendor:/opt/ros/jazzy/opt/gz_ogre_next_vendor:/opt/ros/jazzy/opt/gz_dartsim_vendor:/opt/ros/jazzy/opt/gz_cmake_vendor:/home/inagy/turtlebot3_ws/install/turtlebot3_teleop:/home/inagy/turtlebot3_ws/install/turtlebot3_example:/opt/ros/jazzy DEBUGINFOD_URLS=https://debuginfod.ubuntu.com GAZEBO_MODEL_PATH=/home/inagy/husarion_ws/install/husarion_components_description/share:${GAZEBO_MODEL_PATH} GZ_SIM_RESOURCE_PATH=/home/inagy/husarion_ws/install/husarion_components_description/share:${GZ_SIM_RESOURCE_PATH} IGN_GAZEBO_RESOURCE_PATH=/home/inagy/husarion_ws/install/husarion_components_description/share:${IGN_GAZEBO_RESOURCE_PATH} /usr/bin/cmake /home/inagy/husarion_ws/src/husarion_ugv_ros/husarion_ugv_description -DCMAKE_BUILD_TYPE=Release -DBUILD_TESTING=OFF -DAMENT_CMAKE_SYMLINK_INSTALL=1 -DCMAKE_INSTALL_PREFIX=/home/inagy/husarion_ws/install/husarion_ugv_description
[1.410s] Invoking command in '/home/inagy/husarion_ws/build/husarion_ugv_description': AMENT_PREFIX_PATH=/home/inagy/husarion_ws/install/husarion_components_description:${AMENT_PREFIX_PATH} CMAKE_PREFIX_PATH=/home/inagy/husarion_ws/install/husarion_components_description:/home/inagy/turtlebot3_ws/install/turtlebot3:/home/inagy/turtlebot3_ws/install/turtlebot3_simulations:/home/inagy/turtlebot3_ws/install/turtlebot3_bringup:/home/inagy/turtlebot3_ws/install/turtlebot3_node:/home/inagy/turtlebot3_ws/install/turtlebot3_navigation2:/home/inagy/turtlebot3_ws/install/turtlebot3_fake_node:/home/inagy/turtlebot3_ws/install/turtlebot3_msgs:/home/inagy/turtlebot3_ws/install/turtlebot3_gazebo:/home/inagy/turtlebot3_ws/install/turtlebot3_description:/home/inagy/turtlebot3_ws/install/turtlebot3_cartographer:/home/inagy/turtlebot3_ws/install/dynamixel_sdk_examples:/home/inagy/turtlebot3_ws/install/dynamixel_sdk_custom_interfaces:/home/inagy/turtlebot3_ws/install/dynamixel_sdk:/opt/ros/jazzy/opt/gz_sim_vendor:/opt/ros/jazzy/opt/gz_sensors_vendor:/opt/ros/jazzy/opt/gz_physics_vendor:/opt/ros/jazzy/opt/sdformat_vendor:/opt/ros/jazzy/opt/gz_gui_vendor:/opt/ros/jazzy/opt/gz_transport_vendor:/opt/ros/jazzy/opt/gz_rendering_vendor:/opt/ros/jazzy/opt/gz_plugin_vendor:/opt/ros/jazzy/opt/gz_fuel_tools_vendor:/opt/ros/jazzy/opt/gz_msgs_vendor:/opt/ros/jazzy/opt/gz_common_vendor:/opt/ros/jazzy/opt/gz_math_vendor:/opt/ros/jazzy/opt/gz_utils_vendor:/opt/ros/jazzy/opt/gz_tools_vendor:/opt/ros/jazzy/opt/gz_ogre_next_vendor:/opt/ros/jazzy/opt/gz_dartsim_vendor:/opt/ros/jazzy/opt/gz_cmake_vendor:/home/inagy/turtlebot3_ws/install/turtlebot3_teleop:/home/inagy/turtlebot3_ws/install/turtlebot3_example:/opt/ros/jazzy DEBUGINFOD_URLS=https://debuginfod.ubuntu.com GAZEBO_MODEL_PATH=/home/inagy/husarion_ws/install/husarion_components_description/share:${GAZEBO_MODEL_PATH} GZ_SIM_RESOURCE_PATH=/home/inagy/husarion_ws/install/husarion_components_description/share:${GZ_SIM_RESOURCE_PATH} IGN_GAZEBO_RESOURCE_PATH=/home/inagy/husarion_ws/install/husarion_components_description/share:${IGN_GAZEBO_RESOURCE_PATH} /usr/bin/cmake --build /home/inagy/husarion_ws/build/husarion_ugv_description -- -j4 -l4
[1.516s] Invoked command in '/home/inagy/husarion_ws/build/husarion_ugv_description' returned '0': AMENT_PREFIX_PATH=/home/inagy/husarion_ws/install/husarion_components_description:${AMENT_PREFIX_PATH} CMAKE_PREFIX_PATH=/home/inagy/husarion_ws/install/husarion_components_description:/home/inagy/turtlebot3_ws/install/turtlebot3:/home/inagy/turtlebot3_ws/install/turtlebot3_simulations:/home/inagy/turtlebot3_ws/install/turtlebot3_bringup:/home/inagy/turtlebot3_ws/install/turtlebot3_node:/home/inagy/turtlebot3_ws/install/turtlebot3_navigation2:/home/inagy/turtlebot3_ws/install/turtlebot3_fake_node:/home/inagy/turtlebot3_ws/install/turtlebot3_msgs:/home/inagy/turtlebot3_ws/install/turtlebot3_gazebo:/home/inagy/turtlebot3_ws/install/turtlebot3_description:/home/inagy/turtlebot3_ws/install/turtlebot3_cartographer:/home/inagy/turtlebot3_ws/install/dynamixel_sdk_examples:/home/inagy/turtlebot3_ws/install/dynamixel_sdk_custom_interfaces:/home/inagy/turtlebot3_ws/install/dynamixel_sdk:/opt/ros/jazzy/opt/gz_sim_vendor:/opt/ros/jazzy/opt/gz_sensors_vendor:/opt/ros/jazzy/opt/gz_physics_vendor:/opt/ros/jazzy/opt/sdformat_vendor:/opt/ros/jazzy/opt/gz_gui_vendor:/opt/ros/jazzy/opt/gz_transport_vendor:/opt/ros/jazzy/opt/gz_rendering_vendor:/opt/ros/jazzy/opt/gz_plugin_vendor:/opt/ros/jazzy/opt/gz_fuel_tools_vendor:/opt/ros/jazzy/opt/gz_msgs_vendor:/opt/ros/jazzy/opt/gz_common_vendor:/opt/ros/jazzy/opt/gz_math_vendor:/opt/ros/jazzy/opt/gz_utils_vendor:/opt/ros/jazzy/opt/gz_tools_vendor:/opt/ros/jazzy/opt/gz_ogre_next_vendor:/opt/ros/jazzy/opt/gz_dartsim_vendor:/opt/ros/jazzy/opt/gz_cmake_vendor:/home/inagy/turtlebot3_ws/install/turtlebot3_teleop:/home/inagy/turtlebot3_ws/install/turtlebot3_example:/opt/ros/jazzy DEBUGINFOD_URLS=https://debuginfod.ubuntu.com GAZEBO_MODEL_PATH=/home/inagy/husarion_ws/install/husarion_components_description/share:${GAZEBO_MODEL_PATH} GZ_SIM_RESOURCE_PATH=/home/inagy/husarion_ws/install/husarion_components_description/share:${GZ_SIM_RESOURCE_PATH} IGN_GAZEBO_RESOURCE_PATH=/home/inagy/husarion_ws/install/husarion_components_description/share:${IGN_GAZEBO_RESOURCE_PATH} /usr/bin/cmake --build /home/inagy/husarion_ws/build/husarion_ugv_description -- -j4 -l4
[1.517s] Invoking command in '/home/inagy/husarion_ws/build/husarion_ugv_description': AMENT_PREFIX_PATH=/home/inagy/husarion_ws/install/husarion_components_description:${AMENT_PREFIX_PATH} CMAKE_PREFIX_PATH=/home/inagy/husarion_ws/install/husarion_components_description:/home/inagy/turtlebot3_ws/install/turtlebot3:/home/inagy/turtlebot3_ws/install/turtlebot3_simulations:/home/inagy/turtlebot3_ws/install/turtlebot3_bringup:/home/inagy/turtlebot3_ws/install/turtlebot3_node:/home/inagy/turtlebot3_ws/install/turtlebot3_navigation2:/home/inagy/turtlebot3_ws/install/turtlebot3_fake_node:/home/inagy/turtlebot3_ws/install/turtlebot3_msgs:/home/inagy/turtlebot3_ws/install/turtlebot3_gazebo:/home/inagy/turtlebot3_ws/install/turtlebot3_description:/home/inagy/turtlebot3_ws/install/turtlebot3_cartographer:/home/inagy/turtlebot3_ws/install/dynamixel_sdk_examples:/home/inagy/turtlebot3_ws/install/dynamixel_sdk_custom_interfaces:/home/inagy/turtlebot3_ws/install/dynamixel_sdk:/opt/ros/jazzy/opt/gz_sim_vendor:/opt/ros/jazzy/opt/gz_sensors_vendor:/opt/ros/jazzy/opt/gz_physics_vendor:/opt/ros/jazzy/opt/sdformat_vendor:/opt/ros/jazzy/opt/gz_gui_vendor:/opt/ros/jazzy/opt/gz_transport_vendor:/opt/ros/jazzy/opt/gz_rendering_vendor:/opt/ros/jazzy/opt/gz_plugin_vendor:/opt/ros/jazzy/opt/gz_fuel_tools_vendor:/opt/ros/jazzy/opt/gz_msgs_vendor:/opt/ros/jazzy/opt/gz_common_vendor:/opt/ros/jazzy/opt/gz_math_vendor:/opt/ros/jazzy/opt/gz_utils_vendor:/opt/ros/jazzy/opt/gz_tools_vendor:/opt/ros/jazzy/opt/gz_ogre_next_vendor:/opt/ros/jazzy/opt/gz_dartsim_vendor:/opt/ros/jazzy/opt/gz_cmake_vendor:/home/inagy/turtlebot3_ws/install/turtlebot3_teleop:/home/inagy/turtlebot3_ws/install/turtlebot3_example:/opt/ros/jazzy DEBUGINFOD_URLS=https://debuginfod.ubuntu.com GAZEBO_MODEL_PATH=/home/inagy/husarion_ws/install/husarion_components_description/share:${GAZEBO_MODEL_PATH} GZ_SIM_RESOURCE_PATH=/home/inagy/husarion_ws/install/husarion_components_description/share:${GZ_SIM_RESOURCE_PATH} IGN_GAZEBO_RESOURCE_PATH=/home/inagy/husarion_ws/install/husarion_components_description/share:${IGN_GAZEBO_RESOURCE_PATH} /usr/bin/cmake --install /home/inagy/husarion_ws/build/husarion_ugv_description
[1.542s] -- Install configuration: "Release"
[1.550s] -- Execute custom install script
[1.550s] -- Symlinking: /home/inagy/husarion_ws/install/husarion_ugv_description/share/husarion_ugv_description/config/WH01.yaml
[1.573s] -- Symlinking: /home/inagy/husarion_ws/install/husarion_ugv_description/share/husarion_ugv_description/config/WH02.yaml
[1.590s] -- Symlinking: /home/inagy/husarion_ws/install/husarion_ugv_description/share/husarion_ugv_description/config/WH04.yaml
[1.610s] -- Symlinking: /home/inagy/husarion_ws/install/husarion_ugv_description/share/husarion_ugv_description/config/WH05.yaml
[1.627s] -- Symlinking: /home/inagy/husarion_ws/install/husarion_ugv_description/share/husarion_ugv_description/config/components.yaml
[1.645s] -- Symlinking: /home/inagy/husarion_ws/install/husarion_ugv_description/share/husarion_ugv_description/launch/load_urdf.launch.py
[1.677s] -- Symlinking: /home/inagy/husarion_ws/install/husarion_ugv_description/share/husarion_ugv_description/launch/overwrite_robot_description.launch.py
[1.686s] -- Symlinking: /home/inagy/husarion_ws/install/husarion_ugv_description/share/husarion_ugv_description/launch/rviz.launch.py
[1.695s] -- Symlinking: /home/inagy/husarion_ws/install/husarion_ugv_description/share/husarion_ugv_description/launch/visualize_fake_robot.launch.py
[1.704s] -- Symlinking: /home/inagy/husarion_ws/install/husarion_ugv_description/share/husarion_ugv_description/meshes/WH01/fl_wheel.dae
[1.713s] -- Symlinking: /home/inagy/husarion_ws/install/husarion_ugv_description/share/husarion_ugv_description/meshes/WH01/fr_wheel.dae
[1.726s] -- Symlinking: /home/inagy/husarion_ws/install/husarion_ugv_description/share/husarion_ugv_description/meshes/WH01/rl_wheel.dae
[1.755s] -- Symlinking: /home/inagy/husarion_ws/install/husarion_ugv_description/share/husarion_ugv_description/meshes/WH01/rr_wheel.dae
[1.782s] -- Symlinking: /home/inagy/husarion_ws/install/husarion_ugv_description/share/husarion_ugv_description/meshes/WH02/fl_wheel.dae
[1.797s] -- Symlinking: /home/inagy/husarion_ws/install/husarion_ugv_description/share/husarion_ugv_description/meshes/WH02/fr_wheel.dae
[1.823s] -- Symlinking: /home/inagy/husarion_ws/install/husarion_ugv_description/share/husarion_ugv_description/meshes/WH02/rl_wheel.dae
[1.836s] -- Symlinking: /home/inagy/husarion_ws/install/husarion_ugv_description/share/husarion_ugv_description/meshes/WH02/rr_wheel.dae
[1.844s] -- Symlinking: /home/inagy/husarion_ws/install/husarion_ugv_description/share/husarion_ugv_description/meshes/WH04/fl_wheel.dae
[1.853s] -- Symlinking: /home/inagy/husarion_ws/install/husarion_ugv_description/share/husarion_ugv_description/meshes/WH04/fr_wheel.dae
[1.871s] -- Symlinking: /home/inagy/husarion_ws/install/husarion_ugv_description/share/husarion_ugv_description/meshes/WH04/rl_wheel.dae
[1.889s] -- Symlinking: /home/inagy/husarion_ws/install/husarion_ugv_description/share/husarion_ugv_description/meshes/WH04/rr_wheel.dae
[1.904s] -- Symlinking: /home/inagy/husarion_ws/install/husarion_ugv_description/share/husarion_ugv_description/meshes/WH05/fl_wheel.dae
[1.912s] -- Symlinking: /home/inagy/husarion_ws/install/husarion_ugv_description/share/husarion_ugv_description/meshes/WH05/fr_wheel.dae
[1.919s] -- Symlinking: /home/inagy/husarion_ws/install/husarion_ugv_description/share/husarion_ugv_description/meshes/WH05/rl_wheel.dae
[1.927s] -- Symlinking: /home/inagy/husarion_ws/install/husarion_ugv_description/share/husarion_ugv_description/meshes/WH05/rr_wheel.dae
[1.934s] -- Symlinking: /home/inagy/husarion_ws/install/husarion_ugv_description/share/husarion_ugv_description/meshes/lynx/base.dae
[1.942s] -- Symlinking: /home/inagy/husarion_ws/install/husarion_ugv_description/share/husarion_ugv_description/meshes/lynx/base_collision.dae
[1.951s] -- Symlinking: /home/inagy/husarion_ws/install/husarion_ugv_description/share/husarion_ugv_description/meshes/panther/base.dae
[1.962s] -- Symlinking: /home/inagy/husarion_ws/install/husarion_ugv_description/share/husarion_ugv_description/meshes/panther/base_collision.stl
[1.976s] -- Symlinking: /home/inagy/husarion_ws/install/husarion_ugv_description/share/husarion_ugv_description/rviz/husarion_ugv.rviz
[1.984s] -- Symlinking: /home/inagy/husarion_ws/install/husarion_ugv_description/share/husarion_ugv_description/rviz/robot_model.rviz
[1.993s] -- Symlinking: /home/inagy/husarion_ws/install/husarion_ugv_description/share/husarion_ugv_description/urdf/common/gazebo.urdf.xacro
[2.001s] -- Symlinking: /home/inagy/husarion_ws/install/husarion_ugv_description/share/husarion_ugv_description/urdf/common/wheel.urdf.xacro
[2.009s] -- Symlinking: /home/inagy/husarion_ws/install/husarion_ugv_description/share/husarion_ugv_description/urdf/lynx.urdf.xacro
[2.019s] -- Symlinking: /home/inagy/husarion_ws/install/husarion_ugv_description/share/husarion_ugv_description/urdf/lynx/base.urdf.xacro
[2.028s] -- Symlinking: /home/inagy/husarion_ws/install/husarion_ugv_description/share/husarion_ugv_description/urdf/lynx/lynx_macro.urdf.xacro
[2.047s] -- Symlinking: /home/inagy/husarion_ws/install/husarion_ugv_description/share/husarion_ugv_description/urdf/panther.urdf.xacro
[2.055s] -- Symlinking: /home/inagy/husarion_ws/install/husarion_ugv_description/share/husarion_ugv_description/urdf/panther/base.urdf.xacro
[2.067s] -- Symlinking: /home/inagy/husarion_ws/install/husarion_ugv_description/share/husarion_ugv_description/urdf/panther/panther_macro.urdf.xacro
[2.078s] -- Symlinking: /home/inagy/husarion_ws/install/husarion_ugv_description/share/husarion_ugv_description/environment/setup_envs.sh
[2.093s] -- Symlinking: /home/inagy/husarion_ws/install/husarion_ugv_description/share/ament_index/resource_index/package_run_dependencies/husarion_ugv_description
[2.110s] -- Symlinking: /home/inagy/husarion_ws/install/husarion_ugv_description/share/ament_index/resource_index/parent_prefix_path/husarion_ugv_description
[2.119s] -- Symlinking: /home/inagy/husarion_ws/install/husarion_ugv_description/share/husarion_ugv_description/environment/ament_prefix_path.sh
[2.142s] -- Symlinking: /home/inagy/husarion_ws/install/husarion_ugv_description/share/husarion_ugv_description/environment/ament_prefix_path.dsv
[2.157s] -- Symlinking: /home/inagy/husarion_ws/install/husarion_ugv_description/share/husarion_ugv_description/environment/path.sh
[2.172s] -- Symlinking: /home/inagy/husarion_ws/install/husarion_ugv_description/share/husarion_ugv_description/environment/path.dsv
[2.196s] -- Symlinking: /home/inagy/husarion_ws/install/husarion_ugv_description/share/husarion_ugv_description/local_setup.bash
[2.212s] -- Symlinking: /home/inagy/husarion_ws/install/husarion_ugv_description/share/husarion_ugv_description/local_setup.sh
[2.228s] -- Symlinking: /home/inagy/husarion_ws/install/husarion_ugv_description/share/husarion_ugv_description/local_setup.zsh
[2.254s] -- Symlinking: /home/inagy/husarion_ws/install/husarion_ugv_description/share/husarion_ugv_description/local_setup.dsv
[2.276s] -- Symlinking: /home/inagy/husarion_ws/install/husarion_ugv_description/share/husarion_ugv_description/package.dsv
[2.290s] -- Symlinking: /home/inagy/husarion_ws/install/husarion_ugv_description/share/ament_index/resource_index/packages/husarion_ugv_description
[2.311s] -- Symlinking: /home/inagy/husarion_ws/install/husarion_ugv_description/share/husarion_ugv_description/cmake/husarion_ugv_descriptionConfig.cmake
[2.330s] -- Symlinking: /home/inagy/husarion_ws/install/husarion_ugv_description/share/husarion_ugv_description/cmake/husarion_ugv_descriptionConfig-version.cmake
[2.363s] -- Symlinking: /home/inagy/husarion_ws/install/husarion_ugv_description/share/husarion_ugv_description/package.xml
[2.387s] Invoked command in '/home/inagy/husarion_ws/build/husarion_ugv_description' returned '0': AMENT_PREFIX_PATH=/home/inagy/husarion_ws/install/husarion_components_description:${AMENT_PREFIX_PATH} CMAKE_PREFIX_PATH=/home/inagy/husarion_ws/install/husarion_components_description:/home/inagy/turtlebot3_ws/install/turtlebot3:/home/inagy/turtlebot3_ws/install/turtlebot3_simulations:/home/inagy/turtlebot3_ws/install/turtlebot3_bringup:/home/inagy/turtlebot3_ws/install/turtlebot3_node:/home/inagy/turtlebot3_ws/install/turtlebot3_navigation2:/home/inagy/turtlebot3_ws/install/turtlebot3_fake_node:/home/inagy/turtlebot3_ws/install/turtlebot3_msgs:/home/inagy/turtlebot3_ws/install/turtlebot3_gazebo:/home/inagy/turtlebot3_ws/install/turtlebot3_description:/home/inagy/turtlebot3_ws/install/turtlebot3_cartographer:/home/inagy/turtlebot3_ws/install/dynamixel_sdk_examples:/home/inagy/turtlebot3_ws/install/dynamixel_sdk_custom_interfaces:/home/inagy/turtlebot3_ws/install/dynamixel_sdk:/opt/ros/jazzy/opt/gz_sim_vendor:/opt/ros/jazzy/opt/gz_sensors_vendor:/opt/ros/jazzy/opt/gz_physics_vendor:/opt/ros/jazzy/opt/sdformat_vendor:/opt/ros/jazzy/opt/gz_gui_vendor:/opt/ros/jazzy/opt/gz_transport_vendor:/opt/ros/jazzy/opt/gz_rendering_vendor:/opt/ros/jazzy/opt/gz_plugin_vendor:/opt/ros/jazzy/opt/gz_fuel_tools_vendor:/opt/ros/jazzy/opt/gz_msgs_vendor:/opt/ros/jazzy/opt/gz_common_vendor:/opt/ros/jazzy/opt/gz_math_vendor:/opt/ros/jazzy/opt/gz_utils_vendor:/opt/ros/jazzy/opt/gz_tools_vendor:/opt/ros/jazzy/opt/gz_ogre_next_vendor:/opt/ros/jazzy/opt/gz_dartsim_vendor:/opt/ros/jazzy/opt/gz_cmake_vendor:/home/inagy/turtlebot3_ws/install/turtlebot3_teleop:/home/inagy/turtlebot3_ws/install/turtlebot3_example:/opt/ros/jazzy DEBUGINFOD_URLS=https://debuginfod.ubuntu.com GAZEBO_MODEL_PATH=/home/inagy/husarion_ws/install/husarion_components_description/share:${GAZEBO_MODEL_PATH} GZ_SIM_RESOURCE_PATH=/home/inagy/husarion_ws/install/husarion_components_description/share:${GZ_SIM_RESOURCE_PATH} IGN_GAZEBO_RESOURCE_PATH=/home/inagy/husarion_ws/install/husarion_components_description/share:${IGN_GAZEBO_RESOURCE_PATH} /usr/bin/cmake --install /home/inagy/husarion_ws/build/husarion_ugv_description
