[0.018s] Invoking command in '/home/inagy/husarion_ws/build/behaviortree_ros2': AMENT_PREFIX_PATH=/home/inagy/husarion_ws/install/btcpp_ros2_interfaces:${AMENT_PREFIX_PATH} CMAKE_PREFIX_PATH=/home/inagy/husarion_ws/install/btcpp_ros2_interfaces:/home/inagy/turtlebot3_ws/install/turtlebot3:/home/inagy/turtlebot3_ws/install/turtlebot3_simulations:/home/inagy/turtlebot3_ws/install/turtlebot3_bringup:/home/inagy/turtlebot3_ws/install/turtlebot3_node:/home/inagy/turtlebot3_ws/install/turtlebot3_navigation2:/home/inagy/turtlebot3_ws/install/turtlebot3_fake_node:/home/inagy/turtlebot3_ws/install/turtlebot3_msgs:/home/inagy/turtlebot3_ws/install/turtlebot3_gazebo:/home/inagy/turtlebot3_ws/install/turtlebot3_description:/home/inagy/turtlebot3_ws/install/turtlebot3_cartographer:/home/inagy/turtlebot3_ws/install/dynamixel_sdk_examples:/home/inagy/turtlebot3_ws/install/dynamixel_sdk_custom_interfaces:/home/inagy/turtlebot3_ws/install/dynamixel_sdk:/opt/ros/jazzy/opt/gz_sim_vendor:/opt/ros/jazzy/opt/gz_sensors_vendor:/opt/ros/jazzy/opt/gz_physics_vendor:/opt/ros/jazzy/opt/sdformat_vendor:/opt/ros/jazzy/opt/gz_gui_vendor:/opt/ros/jazzy/opt/gz_transport_vendor:/opt/ros/jazzy/opt/gz_rendering_vendor:/opt/ros/jazzy/opt/gz_plugin_vendor:/opt/ros/jazzy/opt/gz_fuel_tools_vendor:/opt/ros/jazzy/opt/gz_msgs_vendor:/opt/ros/jazzy/opt/gz_common_vendor:/opt/ros/jazzy/opt/gz_math_vendor:/opt/ros/jazzy/opt/gz_utils_vendor:/opt/ros/jazzy/opt/gz_tools_vendor:/opt/ros/jazzy/opt/gz_ogre_next_vendor:/opt/ros/jazzy/opt/gz_dartsim_vendor:/opt/ros/jazzy/opt/gz_cmake_vendor:/home/inagy/turtlebot3_ws/install/turtlebot3_teleop:/home/inagy/turtlebot3_ws/install/turtlebot3_example:/opt/ros/jazzy DEBUGINFOD_URLS=https://debuginfod.ubuntu.com LD_LIBRARY_PATH=/home/inagy/husarion_ws/install/btcpp_ros2_interfaces/lib:${LD_LIBRARY_PATH} PYTHONPATH=/home/inagy/husarion_ws/install/btcpp_ros2_interfaces/lib/python3.12/site-packages:${PYTHONPATH} /usr/bin/cmake /home/inagy/husarion_ws/src/behaviortree_ros2/behaviortree_ros2 -DCMAKE_BUILD_TYPE=Release -DBUILD_TESTING=OFF -DAMENT_CMAKE_SYMLINK_INSTALL=1 -DCMAKE_INSTALL_PREFIX=/home/inagy/husarion_ws/install/behaviortree_ros2
[0.157s] -- The C compiler identification is GNU 13.3.0
[0.220s] -- The CXX compiler identification is GNU 13.3.0
[0.234s] -- Detecting C compiler ABI info
[0.339s] -- Detecting C compiler ABI info - done
[0.354s] -- Check for working C compiler: /usr/bin/cc - skipped
[0.354s] -- Detecting C compile features
[0.356s] -- Detecting C compile features - done
[0.366s] -- Detecting CXX compiler ABI info
[0.487s] -- Detecting CXX compiler ABI info - done
[0.504s] -- Check for working CXX compiler: /usr/bin/c++ - skipped
[0.504s] -- Detecting CXX compile features
[0.505s] -- Detecting CXX compile features - done
[0.513s] -- Found ament_cmake: 2.5.4 (/opt/ros/jazzy/share/ament_cmake/cmake)
[0.838s] -- Found Python3: /usr/bin/python3 (found version "3.12.3") found components: Interpreter 
[1.019s] -- Override CMake install command with custom implementation using symlinks instead of copying resources
[1.106s] -- Found rclcpp: 28.1.12 (/opt/ros/jazzy/share/rclcpp/cmake)
[1.192s] -- Found rosidl_generator_c: 4.6.6 (/opt/ros/jazzy/share/rosidl_generator_c/cmake)
[1.226s] -- Found rosidl_generator_cpp: 4.6.6 (/opt/ros/jazzy/share/rosidl_generator_cpp/cmake)
[1.265s] -- Using all available rosidl_typesupport_c: rosidl_typesupport_fastrtps_c;rosidl_typesupport_introspection_c
[1.292s] -- Using all available rosidl_typesupport_cpp: rosidl_typesupport_fastrtps_cpp;rosidl_typesupport_introspection_cpp
[1.421s] -- Found rmw_implementation_cmake: 7.3.2 (/opt/ros/jazzy/share/rmw_implementation_cmake/cmake)
[1.438s] -- Found rmw_fastrtps_cpp: 8.4.3 (/opt/ros/jazzy/share/rmw_fastrtps_cpp/cmake)
[1.565s] -- Found OpenSSL: /usr/lib/aarch64-linux-gnu/libcrypto.so (found version "3.0.13")  
[1.596s] -- Found FastRTPS: /opt/ros/jazzy/include (Required is at least version "2.13") 
[1.658s] -- Using RMW implementation 'rmw_fastrtps_cpp' as default
[1.790s] -- Found rclcpp_action: 28.1.12 (/opt/ros/jazzy/share/rclcpp_action/cmake)
[1.863s] -- Found behaviortree_cpp: 4.7.1 (/opt/ros/jazzy/share/behaviortree_cpp/cmake)
[1.874s] -- Found btcpp_ros2_interfaces: 0.2.0 (/home/inagy/husarion_ws/install/btcpp_ros2_interfaces/share/btcpp_ros2_interfaces/cmake)
[1.897s] -- Found generate_parameter_library: 0.5.0 (/opt/ros/jazzy/share/generate_parameter_library/cmake)
[1.908s] -- Found parameter_traits: 0.5.0 (/opt/ros/jazzy/share/parameter_traits/cmake)
[1.956s] -- Found rclcpp_lifecycle: 28.1.12 (/opt/ros/jazzy/share/rclcpp_lifecycle/cmake)
[2.140s] -- Configuring done (2.1s)
[2.171s] -- Generating done (0.0s)
[2.176s] -- Build files have been written to: /home/inagy/husarion_ws/build/behaviortree_ros2
[2.199s] Invoked command in '/home/inagy/husarion_ws/build/behaviortree_ros2' returned '0': AMENT_PREFIX_PATH=/home/inagy/husarion_ws/install/btcpp_ros2_interfaces:${AMENT_PREFIX_PATH} CMAKE_PREFIX_PATH=/home/inagy/husarion_ws/install/btcpp_ros2_interfaces:/home/inagy/turtlebot3_ws/install/turtlebot3:/home/inagy/turtlebot3_ws/install/turtlebot3_simulations:/home/inagy/turtlebot3_ws/install/turtlebot3_bringup:/home/inagy/turtlebot3_ws/install/turtlebot3_node:/home/inagy/turtlebot3_ws/install/turtlebot3_navigation2:/home/inagy/turtlebot3_ws/install/turtlebot3_fake_node:/home/inagy/turtlebot3_ws/install/turtlebot3_msgs:/home/inagy/turtlebot3_ws/install/turtlebot3_gazebo:/home/inagy/turtlebot3_ws/install/turtlebot3_description:/home/inagy/turtlebot3_ws/install/turtlebot3_cartographer:/home/inagy/turtlebot3_ws/install/dynamixel_sdk_examples:/home/inagy/turtlebot3_ws/install/dynamixel_sdk_custom_interfaces:/home/inagy/turtlebot3_ws/install/dynamixel_sdk:/opt/ros/jazzy/opt/gz_sim_vendor:/opt/ros/jazzy/opt/gz_sensors_vendor:/opt/ros/jazzy/opt/gz_physics_vendor:/opt/ros/jazzy/opt/sdformat_vendor:/opt/ros/jazzy/opt/gz_gui_vendor:/opt/ros/jazzy/opt/gz_transport_vendor:/opt/ros/jazzy/opt/gz_rendering_vendor:/opt/ros/jazzy/opt/gz_plugin_vendor:/opt/ros/jazzy/opt/gz_fuel_tools_vendor:/opt/ros/jazzy/opt/gz_msgs_vendor:/opt/ros/jazzy/opt/gz_common_vendor:/opt/ros/jazzy/opt/gz_math_vendor:/opt/ros/jazzy/opt/gz_utils_vendor:/opt/ros/jazzy/opt/gz_tools_vendor:/opt/ros/jazzy/opt/gz_ogre_next_vendor:/opt/ros/jazzy/opt/gz_dartsim_vendor:/opt/ros/jazzy/opt/gz_cmake_vendor:/home/inagy/turtlebot3_ws/install/turtlebot3_teleop:/home/inagy/turtlebot3_ws/install/turtlebot3_example:/opt/ros/jazzy DEBUGINFOD_URLS=https://debuginfod.ubuntu.com LD_LIBRARY_PATH=/home/inagy/husarion_ws/install/btcpp_ros2_interfaces/lib:${LD_LIBRARY_PATH} PYTHONPATH=/home/inagy/husarion_ws/install/btcpp_ros2_interfaces/lib/python3.12/site-packages:${PYTHONPATH} /usr/bin/cmake /home/inagy/husarion_ws/src/behaviortree_ros2/behaviortree_ros2 -DCMAKE_BUILD_TYPE=Release -DBUILD_TESTING=OFF -DAMENT_CMAKE_SYMLINK_INSTALL=1 -DCMAKE_INSTALL_PREFIX=/home/inagy/husarion_ws/install/behaviortree_ros2
[2.199s] Invoking command in '/home/inagy/husarion_ws/build/behaviortree_ros2': AMENT_PREFIX_PATH=/home/inagy/husarion_ws/install/btcpp_ros2_interfaces:${AMENT_PREFIX_PATH} CMAKE_PREFIX_PATH=/home/inagy/husarion_ws/install/btcpp_ros2_interfaces:/home/inagy/turtlebot3_ws/install/turtlebot3:/home/inagy/turtlebot3_ws/install/turtlebot3_simulations:/home/inagy/turtlebot3_ws/install/turtlebot3_bringup:/home/inagy/turtlebot3_ws/install/turtlebot3_node:/home/inagy/turtlebot3_ws/install/turtlebot3_navigation2:/home/inagy/turtlebot3_ws/install/turtlebot3_fake_node:/home/inagy/turtlebot3_ws/install/turtlebot3_msgs:/home/inagy/turtlebot3_ws/install/turtlebot3_gazebo:/home/inagy/turtlebot3_ws/install/turtlebot3_description:/home/inagy/turtlebot3_ws/install/turtlebot3_cartographer:/home/inagy/turtlebot3_ws/install/dynamixel_sdk_examples:/home/inagy/turtlebot3_ws/install/dynamixel_sdk_custom_interfaces:/home/inagy/turtlebot3_ws/install/dynamixel_sdk:/opt/ros/jazzy/opt/gz_sim_vendor:/opt/ros/jazzy/opt/gz_sensors_vendor:/opt/ros/jazzy/opt/gz_physics_vendor:/opt/ros/jazzy/opt/sdformat_vendor:/opt/ros/jazzy/opt/gz_gui_vendor:/opt/ros/jazzy/opt/gz_transport_vendor:/opt/ros/jazzy/opt/gz_rendering_vendor:/opt/ros/jazzy/opt/gz_plugin_vendor:/opt/ros/jazzy/opt/gz_fuel_tools_vendor:/opt/ros/jazzy/opt/gz_msgs_vendor:/opt/ros/jazzy/opt/gz_common_vendor:/opt/ros/jazzy/opt/gz_math_vendor:/opt/ros/jazzy/opt/gz_utils_vendor:/opt/ros/jazzy/opt/gz_tools_vendor:/opt/ros/jazzy/opt/gz_ogre_next_vendor:/opt/ros/jazzy/opt/gz_dartsim_vendor:/opt/ros/jazzy/opt/gz_cmake_vendor:/home/inagy/turtlebot3_ws/install/turtlebot3_teleop:/home/inagy/turtlebot3_ws/install/turtlebot3_example:/opt/ros/jazzy DEBUGINFOD_URLS=https://debuginfod.ubuntu.com LD_LIBRARY_PATH=/home/inagy/husarion_ws/install/btcpp_ros2_interfaces/lib:${LD_LIBRARY_PATH} PYTHONPATH=/home/inagy/husarion_ws/install/btcpp_ros2_interfaces/lib/python3.12/site-packages:${PYTHONPATH} /usr/bin/cmake --build /home/inagy/husarion_ws/build/behaviortree_ros2 -- -j4 -l4
[2.286s] [ 16%] [34m[1mRunning `/opt/ros/jazzy/bin/generate_parameter_library_cpp /home/inagy/husarion_ws/build/behaviortree_ros2/include/behaviortree_ros2/bt_executor_parameters.hpp /home/inagy/husarion_ws/src/behaviortree_ros2/behaviortree_ros2/src/bt_executor_parameters.yaml `[0m
[3.112s] [ 33%] [34m[1mCreating deprecated header file /home/inagy/husarion_ws/build/behaviortree_ros2/include/bt_executor_parameters.hpp[0m
[3.138s] [ 33%] Built target bt_executor_parameters
[3.166s] [ 50%] [32mBuilding CXX object CMakeFiles/behaviortree_ros2.dir/src/bt_ros2.cpp.o[0m
[11.231s] [ 66%] [32mBuilding CXX object CMakeFiles/behaviortree_ros2.dir/src/tree_execution_server.cpp.o[0m
[21.433s] [ 83%] [32mBuilding CXX object CMakeFiles/behaviortree_ros2.dir/src/bt_utils.cpp.o[0m
[27.613s] [100%] [32m[1mLinking CXX static library libbehaviortree_ros2.a[0m
[27.676s] [100%] Built target behaviortree_ros2
[27.700s] Invoked command in '/home/inagy/husarion_ws/build/behaviortree_ros2' returned '0': AMENT_PREFIX_PATH=/home/inagy/husarion_ws/install/btcpp_ros2_interfaces:${AMENT_PREFIX_PATH} CMAKE_PREFIX_PATH=/home/inagy/husarion_ws/install/btcpp_ros2_interfaces:/home/inagy/turtlebot3_ws/install/turtlebot3:/home/inagy/turtlebot3_ws/install/turtlebot3_simulations:/home/inagy/turtlebot3_ws/install/turtlebot3_bringup:/home/inagy/turtlebot3_ws/install/turtlebot3_node:/home/inagy/turtlebot3_ws/install/turtlebot3_navigation2:/home/inagy/turtlebot3_ws/install/turtlebot3_fake_node:/home/inagy/turtlebot3_ws/install/turtlebot3_msgs:/home/inagy/turtlebot3_ws/install/turtlebot3_gazebo:/home/inagy/turtlebot3_ws/install/turtlebot3_description:/home/inagy/turtlebot3_ws/install/turtlebot3_cartographer:/home/inagy/turtlebot3_ws/install/dynamixel_sdk_examples:/home/inagy/turtlebot3_ws/install/dynamixel_sdk_custom_interfaces:/home/inagy/turtlebot3_ws/install/dynamixel_sdk:/opt/ros/jazzy/opt/gz_sim_vendor:/opt/ros/jazzy/opt/gz_sensors_vendor:/opt/ros/jazzy/opt/gz_physics_vendor:/opt/ros/jazzy/opt/sdformat_vendor:/opt/ros/jazzy/opt/gz_gui_vendor:/opt/ros/jazzy/opt/gz_transport_vendor:/opt/ros/jazzy/opt/gz_rendering_vendor:/opt/ros/jazzy/opt/gz_plugin_vendor:/opt/ros/jazzy/opt/gz_fuel_tools_vendor:/opt/ros/jazzy/opt/gz_msgs_vendor:/opt/ros/jazzy/opt/gz_common_vendor:/opt/ros/jazzy/opt/gz_math_vendor:/opt/ros/jazzy/opt/gz_utils_vendor:/opt/ros/jazzy/opt/gz_tools_vendor:/opt/ros/jazzy/opt/gz_ogre_next_vendor:/opt/ros/jazzy/opt/gz_dartsim_vendor:/opt/ros/jazzy/opt/gz_cmake_vendor:/home/inagy/turtlebot3_ws/install/turtlebot3_teleop:/home/inagy/turtlebot3_ws/install/turtlebot3_example:/opt/ros/jazzy DEBUGINFOD_URLS=https://debuginfod.ubuntu.com LD_LIBRARY_PATH=/home/inagy/husarion_ws/install/btcpp_ros2_interfaces/lib:${LD_LIBRARY_PATH} PYTHONPATH=/home/inagy/husarion_ws/install/btcpp_ros2_interfaces/lib/python3.12/site-packages:${PYTHONPATH} /usr/bin/cmake --build /home/inagy/husarion_ws/build/behaviortree_ros2 -- -j4 -l4
[27.701s] Invoking command in '/home/inagy/husarion_ws/build/behaviortree_ros2': AMENT_PREFIX_PATH=/home/inagy/husarion_ws/install/btcpp_ros2_interfaces:${AMENT_PREFIX_PATH} CMAKE_PREFIX_PATH=/home/inagy/husarion_ws/install/btcpp_ros2_interfaces:/home/inagy/turtlebot3_ws/install/turtlebot3:/home/inagy/turtlebot3_ws/install/turtlebot3_simulations:/home/inagy/turtlebot3_ws/install/turtlebot3_bringup:/home/inagy/turtlebot3_ws/install/turtlebot3_node:/home/inagy/turtlebot3_ws/install/turtlebot3_navigation2:/home/inagy/turtlebot3_ws/install/turtlebot3_fake_node:/home/inagy/turtlebot3_ws/install/turtlebot3_msgs:/home/inagy/turtlebot3_ws/install/turtlebot3_gazebo:/home/inagy/turtlebot3_ws/install/turtlebot3_description:/home/inagy/turtlebot3_ws/install/turtlebot3_cartographer:/home/inagy/turtlebot3_ws/install/dynamixel_sdk_examples:/home/inagy/turtlebot3_ws/install/dynamixel_sdk_custom_interfaces:/home/inagy/turtlebot3_ws/install/dynamixel_sdk:/opt/ros/jazzy/opt/gz_sim_vendor:/opt/ros/jazzy/opt/gz_sensors_vendor:/opt/ros/jazzy/opt/gz_physics_vendor:/opt/ros/jazzy/opt/sdformat_vendor:/opt/ros/jazzy/opt/gz_gui_vendor:/opt/ros/jazzy/opt/gz_transport_vendor:/opt/ros/jazzy/opt/gz_rendering_vendor:/opt/ros/jazzy/opt/gz_plugin_vendor:/opt/ros/jazzy/opt/gz_fuel_tools_vendor:/opt/ros/jazzy/opt/gz_msgs_vendor:/opt/ros/jazzy/opt/gz_common_vendor:/opt/ros/jazzy/opt/gz_math_vendor:/opt/ros/jazzy/opt/gz_utils_vendor:/opt/ros/jazzy/opt/gz_tools_vendor:/opt/ros/jazzy/opt/gz_ogre_next_vendor:/opt/ros/jazzy/opt/gz_dartsim_vendor:/opt/ros/jazzy/opt/gz_cmake_vendor:/home/inagy/turtlebot3_ws/install/turtlebot3_teleop:/home/inagy/turtlebot3_ws/install/turtlebot3_example:/opt/ros/jazzy DEBUGINFOD_URLS=https://debuginfod.ubuntu.com LD_LIBRARY_PATH=/home/inagy/husarion_ws/install/btcpp_ros2_interfaces/lib:${LD_LIBRARY_PATH} PYTHONPATH=/home/inagy/husarion_ws/install/btcpp_ros2_interfaces/lib/python3.12/site-packages:${PYTHONPATH} /usr/bin/cmake --install /home/inagy/husarion_ws/build/behaviortree_ros2
[27.722s] -- Install configuration: "Release"
[27.722s] -- Execute custom install script
[27.726s] -- Symlinking: /home/inagy/husarion_ws/install/behaviortree_ros2/include/behaviortree_ros2/bt_executor_parameters.hpp
[27.739s] -- Symlinking: /home/inagy/husarion_ws/install/behaviortree_ros2/include//behaviortree_ros2/bt_action_node.hpp
[27.749s] -- Symlinking: /home/inagy/husarion_ws/install/behaviortree_ros2/include//behaviortree_ros2/bt_service_node.hpp
[27.765s] -- Symlinking: /home/inagy/husarion_ws/install/behaviortree_ros2/include//behaviortree_ros2/bt_topic_pub_node.hpp
[27.776s] -- Symlinking: /home/inagy/husarion_ws/install/behaviortree_ros2/include//behaviortree_ros2/bt_topic_sub_node.hpp
[27.785s] -- Symlinking: /home/inagy/husarion_ws/install/behaviortree_ros2/include//behaviortree_ros2/bt_utils.hpp
[27.796s] -- Symlinking: /home/inagy/husarion_ws/install/behaviortree_ros2/include//behaviortree_ros2/plugins.hpp
[27.806s] -- Symlinking: /home/inagy/husarion_ws/install/behaviortree_ros2/include//behaviortree_ros2/ros_node_params.hpp
[27.818s] -- Symlinking: /home/inagy/husarion_ws/install/behaviortree_ros2/include//behaviortree_ros2/tree_execution_server.hpp
[27.825s] -- Symlinking: /home/inagy/husarion_ws/install/behaviortree_ros2/share/behaviortree_ros2/environment/library_path.sh
[27.835s] -- Symlinking: /home/inagy/husarion_ws/install/behaviortree_ros2/share/behaviortree_ros2/environment/library_path.dsv
[27.844s] -- Symlinking: /home/inagy/husarion_ws/install/behaviortree_ros2/share/ament_index/resource_index/package_run_dependencies/behaviortree_ros2
[27.855s] -- Symlinking: /home/inagy/husarion_ws/install/behaviortree_ros2/share/ament_index/resource_index/parent_prefix_path/behaviortree_ros2
[27.872s] -- Symlinking: /home/inagy/husarion_ws/install/behaviortree_ros2/share/behaviortree_ros2/environment/ament_prefix_path.sh
[27.883s] -- Symlinking: /home/inagy/husarion_ws/install/behaviortree_ros2/share/behaviortree_ros2/environment/ament_prefix_path.dsv
[27.906s] -- Symlinking: /home/inagy/husarion_ws/install/behaviortree_ros2/share/behaviortree_ros2/environment/path.sh
[27.919s] -- Symlinking: /home/inagy/husarion_ws/install/behaviortree_ros2/share/behaviortree_ros2/environment/path.dsv
[27.940s] -- Symlinking: /home/inagy/husarion_ws/install/behaviortree_ros2/share/behaviortree_ros2/local_setup.bash
[27.959s] -- Symlinking: /home/inagy/husarion_ws/install/behaviortree_ros2/share/behaviortree_ros2/local_setup.sh
[27.971s] -- Symlinking: /home/inagy/husarion_ws/install/behaviortree_ros2/share/behaviortree_ros2/local_setup.zsh
[27.980s] -- Symlinking: /home/inagy/husarion_ws/install/behaviortree_ros2/share/behaviortree_ros2/local_setup.dsv
[27.992s] -- Symlinking: /home/inagy/husarion_ws/install/behaviortree_ros2/share/behaviortree_ros2/package.dsv
[28.002s] -- Symlinking: /home/inagy/husarion_ws/install/behaviortree_ros2/share/ament_index/resource_index/packages/behaviortree_ros2
[28.013s] -- Symlinking: /home/inagy/husarion_ws/install/behaviortree_ros2/share/behaviortree_ros2/cmake/ament_cmake_export_dependencies-extras.cmake
[28.022s] -- Symlinking: /home/inagy/husarion_ws/install/behaviortree_ros2/share/behaviortree_ros2/cmake/ament_cmake_export_targets-extras.cmake
[28.032s] -- Symlinking: /home/inagy/husarion_ws/install/behaviortree_ros2/share/behaviortree_ros2/cmake/ament_cmake_export_include_directories-extras.cmake
[28.043s] -- Symlinking: /home/inagy/husarion_ws/install/behaviortree_ros2/share/behaviortree_ros2/cmake/ament_cmake_export_libraries-extras.cmake
[28.053s] -- Symlinking: /home/inagy/husarion_ws/install/behaviortree_ros2/share/behaviortree_ros2/cmake/behaviortree_ros2Config.cmake
[28.067s] -- Symlinking: /home/inagy/husarion_ws/install/behaviortree_ros2/share/behaviortree_ros2/cmake/behaviortree_ros2Config-version.cmake
[28.077s] -- Symlinking: /home/inagy/husarion_ws/install/behaviortree_ros2/share/behaviortree_ros2/package.xml
[28.086s] -- Installing: /home/inagy/husarion_ws/install/behaviortree_ros2/lib/libbehaviortree_ros2.a
[28.087s] -- Installing: /home/inagy/husarion_ws/install/behaviortree_ros2/share/behaviortree_ros2/cmake/behaviortree_ros2TargetsExport.cmake
[28.087s] -- Installing: /home/inagy/husarion_ws/install/behaviortree_ros2/share/behaviortree_ros2/cmake/behaviortree_ros2TargetsExport-release.cmake
[28.089s] Invoked command in '/home/inagy/husarion_ws/build/behaviortree_ros2' returned '0': AMENT_PREFIX_PATH=/home/inagy/husarion_ws/install/btcpp_ros2_interfaces:${AMENT_PREFIX_PATH} CMAKE_PREFIX_PATH=/home/inagy/husarion_ws/install/btcpp_ros2_interfaces:/home/inagy/turtlebot3_ws/install/turtlebot3:/home/inagy/turtlebot3_ws/install/turtlebot3_simulations:/home/inagy/turtlebot3_ws/install/turtlebot3_bringup:/home/inagy/turtlebot3_ws/install/turtlebot3_node:/home/inagy/turtlebot3_ws/install/turtlebot3_navigation2:/home/inagy/turtlebot3_ws/install/turtlebot3_fake_node:/home/inagy/turtlebot3_ws/install/turtlebot3_msgs:/home/inagy/turtlebot3_ws/install/turtlebot3_gazebo:/home/inagy/turtlebot3_ws/install/turtlebot3_description:/home/inagy/turtlebot3_ws/install/turtlebot3_cartographer:/home/inagy/turtlebot3_ws/install/dynamixel_sdk_examples:/home/inagy/turtlebot3_ws/install/dynamixel_sdk_custom_interfaces:/home/inagy/turtlebot3_ws/install/dynamixel_sdk:/opt/ros/jazzy/opt/gz_sim_vendor:/opt/ros/jazzy/opt/gz_sensors_vendor:/opt/ros/jazzy/opt/gz_physics_vendor:/opt/ros/jazzy/opt/sdformat_vendor:/opt/ros/jazzy/opt/gz_gui_vendor:/opt/ros/jazzy/opt/gz_transport_vendor:/opt/ros/jazzy/opt/gz_rendering_vendor:/opt/ros/jazzy/opt/gz_plugin_vendor:/opt/ros/jazzy/opt/gz_fuel_tools_vendor:/opt/ros/jazzy/opt/gz_msgs_vendor:/opt/ros/jazzy/opt/gz_common_vendor:/opt/ros/jazzy/opt/gz_math_vendor:/opt/ros/jazzy/opt/gz_utils_vendor:/opt/ros/jazzy/opt/gz_tools_vendor:/opt/ros/jazzy/opt/gz_ogre_next_vendor:/opt/ros/jazzy/opt/gz_dartsim_vendor:/opt/ros/jazzy/opt/gz_cmake_vendor:/home/inagy/turtlebot3_ws/install/turtlebot3_teleop:/home/inagy/turtlebot3_ws/install/turtlebot3_example:/opt/ros/jazzy DEBUGINFOD_URLS=https://debuginfod.ubuntu.com LD_LIBRARY_PATH=/home/inagy/husarion_ws/install/btcpp_ros2_interfaces/lib:${LD_LIBRARY_PATH} PYTHONPATH=/home/inagy/husarion_ws/install/btcpp_ros2_interfaces/lib/python3.12/site-packages:${PYTHONPATH} /usr/bin/cmake --install /home/inagy/husarion_ws/build/behaviortree_ros2
